[2021-02-20 23:02:19] local.ERROR: Target class [App\Http\Controllers\ProfileController] does not exist. {"exception":"[object] (Illuminate\\Contracts\\Container\\BindingResolutionException(code: 0): Target class [App\\Http\\Controllers\\ProfileController] does not exist. at D:\\investing\\server\\vendor\\illuminate\\container\\Container.php:832)
[stacktrace]
#0 D:\\investing\\server\\vendor\\illuminate\\container\\Container.php(712): Illuminate\\Container\\Container->build('App\\\\Http\\\\Contro...')
#1 D:\\investing\\server\\vendor\\illuminate\\container\\Container.php(651): Illuminate\\Container\\Container->resolve('App\\\\Http\\\\Contro...', Array)
#2 D:\\investing\\server\\vendor\\laravel\\lumen-framework\\src\\Application.php(300): Illuminate\\Container\\Container->make('App\\\\Http\\\\Contro...', Array)
#3 D:\\investing\\server\\vendor\\laravel\\lumen-framework\\src\\Concerns\\RoutesRequests.php(321): Laravel\\Lumen\\Application->make('App\\\\Http\\\\Contro...')
#4 D:\\investing\\server\\vendor\\laravel\\lumen-framework\\src\\Concerns\\RoutesRequests.php(279): Laravel\\Lumen\\Application->callControllerAction(Array)
#5 D:\\investing\\server\\vendor\\laravel\\lumen-framework\\src\\Concerns\\RoutesRequests.php(259): Laravel\\Lumen\\Application->callActionOnArrayBasedRoute(Array)
#6 D:\\investing\\server\\vendor\\laravel\\lumen-framework\\src\\Routing\\Pipeline.php(48): Laravel\\Lumen\\Application->Laravel\\Lumen\\Concerns\\{closure}(Object(Laravel\\Lumen\\Http\\Request))
#7 D:\\investing\\server\\app\\Http\\Middleware\\JwtMiddleware.php(35): Laravel\\Lumen\\Routing\\Pipeline->Laravel\\Lumen\\Routing\\{closure}(Object(Laravel\\Lumen\\Http\\Request))
#8 D:\\investing\\server\\vendor\\illuminate\\pipeline\\Pipeline.php(167): App\\Http\\Middleware\\JwtMiddleware->handle(Object(Laravel\\Lumen\\Http\\Request), Object(Closure))
#9 D:\\investing\\server\\vendor\\laravel\\lumen-framework\\src\\Routing\\Pipeline.php(30): Illuminate\\Pipeline\\Pipeline->Illuminate\\Pipeline\\{closure}(Object(Laravel\\Lumen\\Http\\Request))
#10 D:\\investing\\server\\vendor\\illuminate\\pipeline\\Pipeline.php(103): Laravel\\Lumen\\Routing\\Pipeline->Laravel\\Lumen\\Routing\\{closure}(Object(Laravel\\Lumen\\Http\\Request))
#11 D:\\investing\\server\\vendor\\laravel\\lumen-framework\\src\\Concerns\\RoutesRequests.php(423): Illuminate\\Pipeline\\Pipeline->then(Object(Closure))
#12 D:\\investing\\server\\vendor\\laravel\\lumen-framework\\src\\Concerns\\RoutesRequests.php(260): Laravel\\Lumen\\Application->sendThroughPipeline(Array, Object(Closure))
#13 D:\\investing\\server\\vendor\\laravel\\lumen-framework\\src\\Concerns\\RoutesRequests.php(166): Laravel\\Lumen\\Application->handleFoundRoute(Array)
#14 D:\\investing\\server\\vendor\\laravel\\lumen-framework\\src\\Routing\\Pipeline.php(48): Laravel\\Lumen\\Application->Laravel\\Lumen\\Concerns\\{closure}(Object(Laravel\\Lumen\\Http\\Request))
#15 D:\\investing\\server\\app\\Http\\Middleware\\CorsMiddleware.php(30): Laravel\\Lumen\\Routing\\Pipeline->Laravel\\Lumen\\Routing\\{closure}(Object(Laravel\\Lumen\\Http\\Request))
#16 D:\\investing\\server\\vendor\\illuminate\\pipeline\\Pipeline.php(167): App\\Http\\Middleware\\CorsMiddleware->handle(Object(Laravel\\Lumen\\Http\\Request), Object(Closure))
#17 D:\\investing\\server\\vendor\\laravel\\lumen-framework\\src\\Routing\\Pipeline.php(30): Illuminate\\Pipeline\\Pipeline->Illuminate\\Pipeline\\{closure}(Object(Laravel\\Lumen\\Http\\Request))
#18 D:\\investing\\server\\vendor\\illuminate\\pipeline\\Pipeline.php(103): Laravel\\Lumen\\Routing\\Pipeline->Laravel\\Lumen\\Routing\\{closure}(Object(Laravel\\Lumen\\Http\\Request))
#19 D:\\investing\\server\\vendor\\laravel\\lumen-framework\\src\\Concerns\\RoutesRequests.php(423): Illuminate\\Pipeline\\Pipeline->then(Object(Closure))
#20 D:\\investing\\server\\vendor\\laravel\\lumen-framework\\src\\Concerns\\RoutesRequests.php(172): Laravel\\Lumen\\Application->sendThroughPipeline(Array, Object(Closure))
#21 D:\\investing\\server\\vendor\\laravel\\lumen-framework\\src\\Concerns\\RoutesRequests.php(109): Laravel\\Lumen\\Application->dispatch(NULL)
#22 D:\\investing\\server\\public\\index.php(29): Laravel\\Lumen\\Application->run()
#23 {main}

[previous exception] [object] (ReflectionException(code: -1): Class App\\Http\\Controllers\\ProfileController does not exist at D:\\investing\\server\\vendor\\illuminate\\container\\Container.php:830)
[stacktrace]
#0 D:\\investing\\server\\vendor\\illuminate\\container\\Container.php(830): ReflectionClass->__construct('App\\\\Http\\\\Contro...')
#1 D:\\investing\\server\\vendor\\illuminate\\container\\Container.php(712): Illuminate\\Container\\Container->build('App\\\\Http\\\\Contro...')
#2 D:\\investing\\server\\vendor\\illuminate\\container\\Container.php(651): Illuminate\\Container\\Container->resolve('App\\\\Http\\\\Contro...', Array)
#3 D:\\investing\\server\\vendor\\laravel\\lumen-framework\\src\\Application.php(300): Illuminate\\Container\\Container->make('App\\\\Http\\\\Contro...', Array)
#4 D:\\investing\\server\\vendor\\laravel\\lumen-framework\\src\\Concerns\\RoutesRequests.php(321): Laravel\\Lumen\\Application->make('App\\\\Http\\\\Contro...')
#5 D:\\investing\\server\\vendor\\laravel\\lumen-framework\\src\\Concerns\\RoutesRequests.php(279): Laravel\\Lumen\\Application->callControllerAction(Array)
#6 D:\\investing\\server\\vendor\\laravel\\lumen-framework\\src\\Concerns\\RoutesRequests.php(259): Laravel\\Lumen\\Application->callActionOnArrayBasedRoute(Array)
#7 D:\\investing\\server\\vendor\\laravel\\lumen-framework\\src\\Routing\\Pipeline.php(48): Laravel\\Lumen\\Application->Laravel\\Lumen\\Concerns\\{closure}(Object(Laravel\\Lumen\\Http\\Request))
#8 D:\\investing\\server\\app\\Http\\Middleware\\JwtMiddleware.php(35): Laravel\\Lumen\\Routing\\Pipeline->Laravel\\Lumen\\Routing\\{closure}(Object(Laravel\\Lumen\\Http\\Request))
#9 D:\\investing\\server\\vendor\\illuminate\\pipeline\\Pipeline.php(167): App\\Http\\Middleware\\JwtMiddleware->handle(Object(Laravel\\Lumen\\Http\\Request), Object(Closure))
#10 D:\\investing\\server\\vendor\\laravel\\lumen-framework\\src\\Routing\\Pipeline.php(30): Illuminate\\Pipeline\\Pipeline->Illuminate\\Pipeline\\{closure}(Object(Laravel\\Lumen\\Http\\Request))
#11 D:\\investing\\server\\vendor\\illuminate\\pipeline\\Pipeline.php(103): Laravel\\Lumen\\Routing\\Pipeline->Laravel\\Lumen\\Routing\\{closure}(Object(Laravel\\Lumen\\Http\\Request))
#12 D:\\investing\\server\\vendor\\laravel\\lumen-framework\\src\\Concerns\\RoutesRequests.php(423): Illuminate\\Pipeline\\Pipeline->then(Object(Closure))
#13 D:\\investing\\server\\vendor\\laravel\\lumen-framework\\src\\Concerns\\RoutesRequests.php(260): Laravel\\Lumen\\Application->sendThroughPipeline(Array, Object(Closure))
#14 D:\\investing\\server\\vendor\\laravel\\lumen-framework\\src\\Concerns\\RoutesRequests.php(166): Laravel\\Lumen\\Application->handleFoundRoute(Array)
#15 D:\\investing\\server\\vendor\\laravel\\lumen-framework\\src\\Routing\\Pipeline.php(48): Laravel\\Lumen\\Application->Laravel\\Lumen\\Concerns\\{closure}(Object(Laravel\\Lumen\\Http\\Request))
#16 D:\\investing\\server\\app\\Http\\Middleware\\CorsMiddleware.php(30): Laravel\\Lumen\\Routing\\Pipeline->Laravel\\Lumen\\Routing\\{closure}(Object(Laravel\\Lumen\\Http\\Request))
#17 D:\\investing\\server\\vendor\\illuminate\\pipeline\\Pipeline.php(167): App\\Http\\Middleware\\CorsMiddleware->handle(Object(Laravel\\Lumen\\Http\\Request), Object(Closure))
#18 D:\\investing\\server\\vendor\\laravel\\lumen-framework\\src\\Routing\\Pipeline.php(30): Illuminate\\Pipeline\\Pipeline->Illuminate\\Pipeline\\{closure}(Object(Laravel\\Lumen\\Http\\Request))
#19 D:\\investing\\server\\vendor\\illuminate\\pipeline\\Pipeline.php(103): Laravel\\Lumen\\Routing\\Pipeline->Laravel\\Lumen\\Routing\\{closure}(Object(Laravel\\Lumen\\Http\\Request))
#20 D:\\investing\\server\\vendor\\laravel\\lumen-framework\\src\\Concerns\\RoutesRequests.php(423): Illuminate\\Pipeline\\Pipeline->then(Object(Closure))
#21 D:\\investing\\server\\vendor\\laravel\\lumen-framework\\src\\Concerns\\RoutesRequests.php(172): Laravel\\Lumen\\Application->sendThroughPipeline(Array, Object(Closure))
#22 D:\\investing\\server\\vendor\\laravel\\lumen-framework\\src\\Concerns\\RoutesRequests.php(109): Laravel\\Lumen\\Application->dispatch(NULL)
#23 D:\\investing\\server\\public\\index.php(29): Laravel\\Lumen\\Application->run()
#24 {main}
"} 
[2021-02-20 23:02:42] local.ERROR: Target class [App\Http\Controllers\ProfileController] does not exist. {"exception":"[object] (Illuminate\\Contracts\\Container\\BindingResolutionException(code: 0): Target class [App\\Http\\Controllers\\ProfileController] does not exist. at D:\\investing\\server\\vendor\\illuminate\\container\\Container.php:832)
[stacktrace]
#0 D:\\investing\\server\\vendor\\illuminate\\container\\Container.php(712): Illuminate\\Container\\Container->build('App\\\\Http\\\\Contro...')
#1 D:\\investing\\server\\vendor\\illuminate\\container\\Container.php(651): Illuminate\\Container\\Container->resolve('App\\\\Http\\\\Contro...', Array)
#2 D:\\investing\\server\\vendor\\laravel\\lumen-framework\\src\\Application.php(300): Illuminate\\Container\\Container->make('App\\\\Http\\\\Contro...', Array)
#3 D:\\investing\\server\\vendor\\laravel\\lumen-framework\\src\\Concerns\\RoutesRequests.php(321): Laravel\\Lumen\\Application->make('App\\\\Http\\\\Contro...')
#4 D:\\investing\\server\\vendor\\laravel\\lumen-framework\\src\\Concerns\\RoutesRequests.php(279): Laravel\\Lumen\\Application->callControllerAction(Array)
#5 D:\\investing\\server\\vendor\\laravel\\lumen-framework\\src\\Concerns\\RoutesRequests.php(259): Laravel\\Lumen\\Application->callActionOnArrayBasedRoute(Array)
#6 D:\\investing\\server\\vendor\\laravel\\lumen-framework\\src\\Routing\\Pipeline.php(48): Laravel\\Lumen\\Application->Laravel\\Lumen\\Concerns\\{closure}(Object(Laravel\\Lumen\\Http\\Request))
#7 D:\\investing\\server\\app\\Http\\Middleware\\JwtMiddleware.php(35): Laravel\\Lumen\\Routing\\Pipeline->Laravel\\Lumen\\Routing\\{closure}(Object(Laravel\\Lumen\\Http\\Request))
#8 D:\\investing\\server\\vendor\\illuminate\\pipeline\\Pipeline.php(167): App\\Http\\Middleware\\JwtMiddleware->handle(Object(Laravel\\Lumen\\Http\\Request), Object(Closure))
#9 D:\\investing\\server\\vendor\\laravel\\lumen-framework\\src\\Routing\\Pipeline.php(30): Illuminate\\Pipeline\\Pipeline->Illuminate\\Pipeline\\{closure}(Object(Laravel\\Lumen\\Http\\Request))
#10 D:\\investing\\server\\vendor\\illuminate\\pipeline\\Pipeline.php(103): Laravel\\Lumen\\Routing\\Pipeline->Laravel\\Lumen\\Routing\\{closure}(Object(Laravel\\Lumen\\Http\\Request))
#11 D:\\investing\\server\\vendor\\laravel\\lumen-framework\\src\\Concerns\\RoutesRequests.php(423): Illuminate\\Pipeline\\Pipeline->then(Object(Closure))
#12 D:\\investing\\server\\vendor\\laravel\\lumen-framework\\src\\Concerns\\RoutesRequests.php(260): Laravel\\Lumen\\Application->sendThroughPipeline(Array, Object(Closure))
#13 D:\\investing\\server\\vendor\\laravel\\lumen-framework\\src\\Concerns\\RoutesRequests.php(166): Laravel\\Lumen\\Application->handleFoundRoute(Array)
#14 D:\\investing\\server\\vendor\\laravel\\lumen-framework\\src\\Routing\\Pipeline.php(48): Laravel\\Lumen\\Application->Laravel\\Lumen\\Concerns\\{closure}(Object(Laravel\\Lumen\\Http\\Request))
#15 D:\\investing\\server\\app\\Http\\Middleware\\CorsMiddleware.php(30): Laravel\\Lumen\\Routing\\Pipeline->Laravel\\Lumen\\Routing\\{closure}(Object(Laravel\\Lumen\\Http\\Request))
#16 D:\\investing\\server\\vendor\\illuminate\\pipeline\\Pipeline.php(167): App\\Http\\Middleware\\CorsMiddleware->handle(Object(Laravel\\Lumen\\Http\\Request), Object(Closure))
#17 D:\\investing\\server\\vendor\\laravel\\lumen-framework\\src\\Routing\\Pipeline.php(30): Illuminate\\Pipeline\\Pipeline->Illuminate\\Pipeline\\{closure}(Object(Laravel\\Lumen\\Http\\Request))
#18 D:\\investing\\server\\vendor\\illuminate\\pipeline\\Pipeline.php(103): Laravel\\Lumen\\Routing\\Pipeline->Laravel\\Lumen\\Routing\\{closure}(Object(Laravel\\Lumen\\Http\\Request))
#19 D:\\investing\\server\\vendor\\laravel\\lumen-framework\\src\\Concerns\\RoutesRequests.php(423): Illuminate\\Pipeline\\Pipeline->then(Object(Closure))
#20 D:\\investing\\server\\vendor\\laravel\\lumen-framework\\src\\Concerns\\RoutesRequests.php(172): Laravel\\Lumen\\Application->sendThroughPipeline(Array, Object(Closure))
#21 D:\\investing\\server\\vendor\\laravel\\lumen-framework\\src\\Concerns\\RoutesRequests.php(109): Laravel\\Lumen\\Application->dispatch(NULL)
#22 D:\\investing\\server\\public\\index.php(29): Laravel\\Lumen\\Application->run()
#23 {main}

[previous exception] [object] (ReflectionException(code: -1): Class App\\Http\\Controllers\\ProfileController does not exist at D:\\investing\\server\\vendor\\illuminate\\container\\Container.php:830)
[stacktrace]
#0 D:\\investing\\server\\vendor\\illuminate\\container\\Container.php(830): ReflectionClass->__construct('App\\\\Http\\\\Contro...')
#1 D:\\investing\\server\\vendor\\illuminate\\container\\Container.php(712): Illuminate\\Container\\Container->build('App\\\\Http\\\\Contro...')
#2 D:\\investing\\server\\vendor\\illuminate\\container\\Container.php(651): Illuminate\\Container\\Container->resolve('App\\\\Http\\\\Contro...', Array)
#3 D:\\investing\\server\\vendor\\laravel\\lumen-framework\\src\\Application.php(300): Illuminate\\Container\\Container->make('App\\\\Http\\\\Contro...', Array)
#4 D:\\investing\\server\\vendor\\laravel\\lumen-framework\\src\\Concerns\\RoutesRequests.php(321): Laravel\\Lumen\\Application->make('App\\\\Http\\\\Contro...')
#5 D:\\investing\\server\\vendor\\laravel\\lumen-framework\\src\\Concerns\\RoutesRequests.php(279): Laravel\\Lumen\\Application->callControllerAction(Array)
#6 D:\\investing\\server\\vendor\\laravel\\lumen-framework\\src\\Concerns\\RoutesRequests.php(259): Laravel\\Lumen\\Application->callActionOnArrayBasedRoute(Array)
#7 D:\\investing\\server\\vendor\\laravel\\lumen-framework\\src\\Routing\\Pipeline.php(48): Laravel\\Lumen\\Application->Laravel\\Lumen\\Concerns\\{closure}(Object(Laravel\\Lumen\\Http\\Request))
#8 D:\\investing\\server\\app\\Http\\Middleware\\JwtMiddleware.php(35): Laravel\\Lumen\\Routing\\Pipeline->Laravel\\Lumen\\Routing\\{closure}(Object(Laravel\\Lumen\\Http\\Request))
#9 D:\\investing\\server\\vendor\\illuminate\\pipeline\\Pipeline.php(167): App\\Http\\Middleware\\JwtMiddleware->handle(Object(Laravel\\Lumen\\Http\\Request), Object(Closure))
#10 D:\\investing\\server\\vendor\\laravel\\lumen-framework\\src\\Routing\\Pipeline.php(30): Illuminate\\Pipeline\\Pipeline->Illuminate\\Pipeline\\{closure}(Object(Laravel\\Lumen\\Http\\Request))
#11 D:\\investing\\server\\vendor\\illuminate\\pipeline\\Pipeline.php(103): Laravel\\Lumen\\Routing\\Pipeline->Laravel\\Lumen\\Routing\\{closure}(Object(Laravel\\Lumen\\Http\\Request))
#12 D:\\investing\\server\\vendor\\laravel\\lumen-framework\\src\\Concerns\\RoutesRequests.php(423): Illuminate\\Pipeline\\Pipeline->then(Object(Closure))
#13 D:\\investing\\server\\vendor\\laravel\\lumen-framework\\src\\Concerns\\RoutesRequests.php(260): Laravel\\Lumen\\Application->sendThroughPipeline(Array, Object(Closure))
#14 D:\\investing\\server\\vendor\\laravel\\lumen-framework\\src\\Concerns\\RoutesRequests.php(166): Laravel\\Lumen\\Application->handleFoundRoute(Array)
#15 D:\\investing\\server\\vendor\\laravel\\lumen-framework\\src\\Routing\\Pipeline.php(48): Laravel\\Lumen\\Application->Laravel\\Lumen\\Concerns\\{closure}(Object(Laravel\\Lumen\\Http\\Request))
#16 D:\\investing\\server\\app\\Http\\Middleware\\CorsMiddleware.php(30): Laravel\\Lumen\\Routing\\Pipeline->Laravel\\Lumen\\Routing\\{closure}(Object(Laravel\\Lumen\\Http\\Request))
#17 D:\\investing\\server\\vendor\\illuminate\\pipeline\\Pipeline.php(167): App\\Http\\Middleware\\CorsMiddleware->handle(Object(Laravel\\Lumen\\Http\\Request), Object(Closure))
#18 D:\\investing\\server\\vendor\\laravel\\lumen-framework\\src\\Routing\\Pipeline.php(30): Illuminate\\Pipeline\\Pipeline->Illuminate\\Pipeline\\{closure}(Object(Laravel\\Lumen\\Http\\Request))
#19 D:\\investing\\server\\vendor\\illuminate\\pipeline\\Pipeline.php(103): Laravel\\Lumen\\Routing\\Pipeline->Laravel\\Lumen\\Routing\\{closure}(Object(Laravel\\Lumen\\Http\\Request))
#20 D:\\investing\\server\\vendor\\laravel\\lumen-framework\\src\\Concerns\\RoutesRequests.php(423): Illuminate\\Pipeline\\Pipeline->then(Object(Closure))
#21 D:\\investing\\server\\vendor\\laravel\\lumen-framework\\src\\Concerns\\RoutesRequests.php(172): Laravel\\Lumen\\Application->sendThroughPipeline(Array, Object(Closure))
#22 D:\\investing\\server\\vendor\\laravel\\lumen-framework\\src\\Concerns\\RoutesRequests.php(109): Laravel\\Lumen\\Application->dispatch(NULL)
#23 D:\\investing\\server\\public\\index.php(29): Laravel\\Lumen\\Application->run()
#24 {main}
"} 
[2021-02-20 22:41:41] local.ERROR: SQLSTATE[42S22]: Column not found: 1054 Unknown column 'active' in 'where clause' (SQL: update `users` set `fullname` = سیاوش یونسی, `tell` = , `lang` = fa, `users`.`updated_at` = 2021-02-20 22:41:41 where `active` = 1) {"exception":"[object] (Illuminate\\Database\\QueryException(code: 42S22): SQLSTATE[42S22]: Column not found: 1054 Unknown column 'active' in 'where clause' (SQL: update `users` set `fullname` = سیاوش یونسی, `tell` = , `lang` = fa, `users`.`updated_at` = 2021-02-20 22:41:41 where `active` = 1) at D:\\investing\\server\\vendor\\illuminate\\database\\Connection.php:678)
[stacktrace]
#0 D:\\investing\\server\\vendor\\illuminate\\database\\Connection.php(638): Illuminate\\Database\\Connection->runQueryCallback('update `users` ...', Array, Object(Closure))
#1 D:\\investing\\server\\vendor\\illuminate\\database\\Connection.php(503): Illuminate\\Database\\Connection->run('update `users` ...', Array, Object(Closure))
#2 D:\\investing\\server\\vendor\\illuminate\\database\\Connection.php(436): Illuminate\\Database\\Connection->affectingStatement('update `users` ...', Array)
#3 D:\\investing\\server\\vendor\\illuminate\\database\\Query\\Builder.php(2913): Illuminate\\Database\\Connection->update('update `users` ...', Array)
#4 D:\\investing\\server\\vendor\\illuminate\\database\\Eloquent\\Builder.php(841): Illuminate\\Database\\Query\\Builder->update(Array)
#5 D:\\investing\\server\\app\\Http\\Controllers\\UserController.php(113): Illuminate\\Database\\Eloquent\\Builder->update(Array)
#6 D:\\investing\\server\\vendor\\illuminate\\container\\BoundMethod.php(36): App\\Http\\Controllers\\UserController->Update(Object(Laravel\\Lumen\\Http\\Request))
#7 D:\\investing\\server\\vendor\\illuminate\\container\\Util.php(40): Illuminate\\Container\\BoundMethod::Illuminate\\Container\\{closure}()
#8 D:\\investing\\server\\vendor\\illuminate\\container\\BoundMethod.php(93): Illuminate\\Container\\Util::unwrapIfClosure(Object(Closure))
#9 D:\\investing\\server\\vendor\\illuminate\\container\\BoundMethod.php(37): Illuminate\\Container\\BoundMethod::callBoundMethod(Object(Laravel\\Lumen\\Application), Array, Object(Closure))
#10 D:\\investing\\server\\vendor\\illuminate\\container\\Container.php(610): Illuminate\\Container\\BoundMethod::call(Object(Laravel\\Lumen\\Application), Array, Array, NULL)
#11 D:\\investing\\server\\vendor\\laravel\\lumen-framework\\src\\Concerns\\RoutesRequests.php(386): Illuminate\\Container\\Container->call(Array, Array)
#12 D:\\investing\\server\\vendor\\laravel\\lumen-framework\\src\\Concerns\\RoutesRequests.php(352): Laravel\\Lumen\\Application->callControllerCallable(Array, Array)
#13 D:\\investing\\server\\vendor\\laravel\\lumen-framework\\src\\Concerns\\RoutesRequests.php(326): Laravel\\Lumen\\Application->callLumenController(Object(App\\Http\\Controllers\\UserController), 'Update', Array)
#14 D:\\investing\\server\\vendor\\laravel\\lumen-framework\\src\\Concerns\\RoutesRequests.php(279): Laravel\\Lumen\\Application->callControllerAction(Array)
#15 D:\\investing\\server\\vendor\\laravel\\lumen-framework\\src\\Concerns\\RoutesRequests.php(259): Laravel\\Lumen\\Application->callActionOnArrayBasedRoute(Array)
#16 D:\\investing\\server\\vendor\\laravel\\lumen-framework\\src\\Routing\\Pipeline.php(48): Laravel\\Lumen\\Application->Laravel\\Lumen\\Concerns\\{closure}(Object(Laravel\\Lumen\\Http\\Request))
#17 D:\\investing\\server\\app\\Http\\Middleware\\JwtMiddleware.php(35): Laravel\\Lumen\\Routing\\Pipeline->Laravel\\Lumen\\Routing\\{closure}(Object(Laravel\\Lumen\\Http\\Request))
#18 D:\\investing\\server\\vendor\\illuminate\\pipeline\\Pipeline.php(167): App\\Http\\Middleware\\JwtMiddleware->handle(Object(Laravel\\Lumen\\Http\\Request), Object(Closure))
#19 D:\\investing\\server\\vendor\\laravel\\lumen-framework\\src\\Routing\\Pipeline.php(30): Illuminate\\Pipeline\\Pipeline->Illuminate\\Pipeline\\{closure}(Object(Laravel\\Lumen\\Http\\Request))
#20 D:\\investing\\server\\vendor\\illuminate\\pipeline\\Pipeline.php(103): Laravel\\Lumen\\Routing\\Pipeline->Laravel\\Lumen\\Routing\\{closure}(Object(Laravel\\Lumen\\Http\\Request))
#21 D:\\investing\\server\\vendor\\laravel\\lumen-framework\\src\\Concerns\\RoutesRequests.php(423): Illuminate\\Pipeline\\Pipeline->then(Object(Closure))
#22 D:\\investing\\server\\vendor\\laravel\\lumen-framework\\src\\Concerns\\RoutesRequests.php(260): Laravel\\Lumen\\Application->sendThroughPipeline(Array, Object(Closure))
#23 D:\\investing\\server\\vendor\\laravel\\lumen-framework\\src\\Concerns\\RoutesRequests.php(166): Laravel\\Lumen\\Application->handleFoundRoute(Array)
#24 D:\\investing\\server\\vendor\\laravel\\lumen-framework\\src\\Routing\\Pipeline.php(48): Laravel\\Lumen\\Application->Laravel\\Lumen\\Concerns\\{closure}(Object(Laravel\\Lumen\\Http\\Request))
#25 D:\\investing\\server\\app\\Http\\Middleware\\CorsMiddleware.php(30): Laravel\\Lumen\\Routing\\Pipeline->Laravel\\Lumen\\Routing\\{closure}(Object(Laravel\\Lumen\\Http\\Request))
#26 D:\\investing\\server\\vendor\\illuminate\\pipeline\\Pipeline.php(167): App\\Http\\Middleware\\CorsMiddleware->handle(Object(Laravel\\Lumen\\Http\\Request), Object(Closure))
#27 D:\\investing\\server\\vendor\\laravel\\lumen-framework\\src\\Routing\\Pipeline.php(30): Illuminate\\Pipeline\\Pipeline->Illuminate\\Pipeline\\{closure}(Object(Laravel\\Lumen\\Http\\Request))
#28 D:\\investing\\server\\vendor\\illuminate\\pipeline\\Pipeline.php(103): Laravel\\Lumen\\Routing\\Pipeline->Laravel\\Lumen\\Routing\\{closure}(Object(Laravel\\Lumen\\Http\\Request))
#29 D:\\investing\\server\\vendor\\laravel\\lumen-framework\\src\\Concerns\\RoutesRequests.php(423): Illuminate\\Pipeline\\Pipeline->then(Object(Closure))
#30 D:\\investing\\server\\vendor\\laravel\\lumen-framework\\src\\Concerns\\RoutesRequests.php(172): Laravel\\Lumen\\Application->sendThroughPipeline(Array, Object(Closure))
#31 D:\\investing\\server\\vendor\\laravel\\lumen-framework\\src\\Concerns\\RoutesRequests.php(109): Laravel\\Lumen\\Application->dispatch(NULL)
#32 D:\\investing\\server\\public\\index.php(29): Laravel\\Lumen\\Application->run()
#33 {main}

[previous exception] [object] (PDOException(code: 42S22): SQLSTATE[42S22]: Column not found: 1054 Unknown column 'active' in 'where clause' at D:\\investing\\server\\vendor\\illuminate\\database\\Connection.php:492)
[stacktrace]
#0 D:\\investing\\server\\vendor\\illuminate\\database\\Connection.php(492): PDO->prepare('update `users` ...')
#1 D:\\investing\\server\\vendor\\illuminate\\database\\Connection.php(671): Illuminate\\Database\\Connection->Illuminate\\Database\\{closure}('update `users` ...', Array)
#2 D:\\investing\\server\\vendor\\illuminate\\database\\Connection.php(638): Illuminate\\Database\\Connection->runQueryCallback('update `users` ...', Array, Object(Closure))
#3 D:\\investing\\server\\vendor\\illuminate\\database\\Connection.php(503): Illuminate\\Database\\Connection->run('update `users` ...', Array, Object(Closure))
#4 D:\\investing\\server\\vendor\\illuminate\\database\\Connection.php(436): Illuminate\\Database\\Connection->affectingStatement('update `users` ...', Array)
#5 D:\\investing\\server\\vendor\\illuminate\\database\\Query\\Builder.php(2913): Illuminate\\Database\\Connection->update('update `users` ...', Array)
#6 D:\\investing\\server\\vendor\\illuminate\\database\\Eloquent\\Builder.php(841): Illuminate\\Database\\Query\\Builder->update(Array)
#7 D:\\investing\\server\\app\\Http\\Controllers\\UserController.php(113): Illuminate\\Database\\Eloquent\\Builder->update(Array)
#8 D:\\investing\\server\\vendor\\illuminate\\container\\BoundMethod.php(36): App\\Http\\Controllers\\UserController->Update(Object(Laravel\\Lumen\\Http\\Request))
#9 D:\\investing\\server\\vendor\\illuminate\\container\\Util.php(40): Illuminate\\Container\\BoundMethod::Illuminate\\Container\\{closure}()
#10 D:\\investing\\server\\vendor\\illuminate\\container\\BoundMethod.php(93): Illuminate\\Container\\Util::unwrapIfClosure(Object(Closure))
#11 D:\\investing\\server\\vendor\\illuminate\\container\\BoundMethod.php(37): Illuminate\\Container\\BoundMethod::callBoundMethod(Object(Laravel\\Lumen\\Application), Array, Object(Closure))
#12 D:\\investing\\server\\vendor\\illuminate\\container\\Container.php(610): Illuminate\\Container\\BoundMethod::call(Object(Laravel\\Lumen\\Application), Array, Array, NULL)
#13 D:\\investing\\server\\vendor\\laravel\\lumen-framework\\src\\Concerns\\RoutesRequests.php(386): Illuminate\\Container\\Container->call(Array, Array)
#14 D:\\investing\\server\\vendor\\laravel\\lumen-framework\\src\\Concerns\\RoutesRequests.php(352): Laravel\\Lumen\\Application->callControllerCallable(Array, Array)
#15 D:\\investing\\server\\vendor\\laravel\\lumen-framework\\src\\Concerns\\RoutesRequests.php(326): Laravel\\Lumen\\Application->callLumenController(Object(App\\Http\\Controllers\\UserController), 'Update', Array)
#16 D:\\investing\\server\\vendor\\laravel\\lumen-framework\\src\\Concerns\\RoutesRequests.php(279): Laravel\\Lumen\\Application->callControllerAction(Array)
#17 D:\\investing\\server\\vendor\\laravel\\lumen-framework\\src\\Concerns\\RoutesRequests.php(259): Laravel\\Lumen\\Application->callActionOnArrayBasedRoute(Array)
#18 D:\\investing\\server\\vendor\\laravel\\lumen-framework\\src\\Routing\\Pipeline.php(48): Laravel\\Lumen\\Application->Laravel\\Lumen\\Concerns\\{closure}(Object(Laravel\\Lumen\\Http\\Request))
#19 D:\\investing\\server\\app\\Http\\Middleware\\JwtMiddleware.php(35): Laravel\\Lumen\\Routing\\Pipeline->Laravel\\Lumen\\Routing\\{closure}(Object(Laravel\\Lumen\\Http\\Request))
#20 D:\\investing\\server\\vendor\\illuminate\\pipeline\\Pipeline.php(167): App\\Http\\Middleware\\JwtMiddleware->handle(Object(Laravel\\Lumen\\Http\\Request), Object(Closure))
#21 D:\\investing\\server\\vendor\\laravel\\lumen-framework\\src\\Routing\\Pipeline.php(30): Illuminate\\Pipeline\\Pipeline->Illuminate\\Pipeline\\{closure}(Object(Laravel\\Lumen\\Http\\Request))
#22 D:\\investing\\server\\vendor\\illuminate\\pipeline\\Pipeline.php(103): Laravel\\Lumen\\Routing\\Pipeline->Laravel\\Lumen\\Routing\\{closure}(Object(Laravel\\Lumen\\Http\\Request))
#23 D:\\investing\\server\\vendor\\laravel\\lumen-framework\\src\\Concerns\\RoutesRequests.php(423): Illuminate\\Pipeline\\Pipeline->then(Object(Closure))
#24 D:\\investing\\server\\vendor\\laravel\\lumen-framework\\src\\Concerns\\RoutesRequests.php(260): Laravel\\Lumen\\Application->sendThroughPipeline(Array, Object(Closure))
#25 D:\\investing\\server\\vendor\\laravel\\lumen-framework\\src\\Concerns\\RoutesRequests.php(166): Laravel\\Lumen\\Application->handleFoundRoute(Array)
#26 D:\\investing\\server\\vendor\\laravel\\lumen-framework\\src\\Routing\\Pipeline.php(48): Laravel\\Lumen\\Application->Laravel\\Lumen\\Concerns\\{closure}(Object(Laravel\\Lumen\\Http\\Request))
#27 D:\\investing\\server\\app\\Http\\Middleware\\CorsMiddleware.php(30): Laravel\\Lumen\\Routing\\Pipeline->Laravel\\Lumen\\Routing\\{closure}(Object(Laravel\\Lumen\\Http\\Request))
#28 D:\\investing\\server\\vendor\\illuminate\\pipeline\\Pipeline.php(167): App\\Http\\Middleware\\CorsMiddleware->handle(Object(Laravel\\Lumen\\Http\\Request), Object(Closure))
#29 D:\\investing\\server\\vendor\\laravel\\lumen-framework\\src\\Routing\\Pipeline.php(30): Illuminate\\Pipeline\\Pipeline->Illuminate\\Pipeline\\{closure}(Object(Laravel\\Lumen\\Http\\Request))
#30 D:\\investing\\server\\vendor\\illuminate\\pipeline\\Pipeline.php(103): Laravel\\Lumen\\Routing\\Pipeline->Laravel\\Lumen\\Routing\\{closure}(Object(Laravel\\Lumen\\Http\\Request))
#31 D:\\investing\\server\\vendor\\laravel\\lumen-framework\\src\\Concerns\\RoutesRequests.php(423): Illuminate\\Pipeline\\Pipeline->then(Object(Closure))
#32 D:\\investing\\server\\vendor\\laravel\\lumen-framework\\src\\Concerns\\RoutesRequests.php(172): Laravel\\Lumen\\Application->sendThroughPipeline(Array, Object(Closure))
#33 D:\\investing\\server\\vendor\\laravel\\lumen-framework\\src\\Concerns\\RoutesRequests.php(109): Laravel\\Lumen\\Application->dispatch(NULL)
#34 D:\\investing\\server\\public\\index.php(29): Laravel\\Lumen\\Application->run()
#35 {main}
"} 
[2021-02-20 22:48:54] local.ERROR: Argument 1 passed to App\Models\Ticket::App\Models\{closure}() must be an instance of App\Models\Builder, instance of Illuminate\Database\Eloquent\Builder given, called in D:\investing\server\vendor\illuminate\database\Eloquent\Builder.php on line 1083 {"exception":"[object] (TypeError(code: 0): Argument 1 passed to App\\Models\\Ticket::App\\Models\\{closure}() must be an instance of App\\Models\\Builder, instance of Illuminate\\Database\\Eloquent\\Builder given, called in D:\\investing\\server\\vendor\\illuminate\\database\\Eloquent\\Builder.php on line 1083 at D:\\investing\\server\\app\\Models\\Ticket.php:34)
[stacktrace]
#0 D:\\investing\\server\\vendor\\illuminate\\database\\Eloquent\\Builder.php(1083): App\\Models\\Ticket::App\\Models\\{closure}(Object(Illuminate\\Database\\Eloquent\\Builder))
#1 D:\\investing\\server\\vendor\\illuminate\\database\\Eloquent\\Builder.php(1117): Illuminate\\Database\\Eloquent\\Builder->Illuminate\\Database\\Eloquent\\{closure}(Object(Illuminate\\Database\\Eloquent\\Builder))
#2 D:\\investing\\server\\vendor\\illuminate\\database\\Eloquent\\Builder.php(1092): Illuminate\\Database\\Eloquent\\Builder->callScope(Object(Closure))
#3 D:\\investing\\server\\vendor\\illuminate\\database\\Eloquent\\Builder.php(567): Illuminate\\Database\\Eloquent\\Builder->applyScopes()
#4 D:\\investing\\server\\app\\Http\\Controllers\\TicketController.php(16): Illuminate\\Database\\Eloquent\\Builder->get()
#5 D:\\investing\\server\\vendor\\illuminate\\container\\BoundMethod.php(36): App\\Http\\Controllers\\TicketController->tickets(Object(Laravel\\Lumen\\Http\\Request))
#6 D:\\investing\\server\\vendor\\illuminate\\container\\Util.php(40): Illuminate\\Container\\BoundMethod::Illuminate\\Container\\{closure}()
#7 D:\\investing\\server\\vendor\\illuminate\\container\\BoundMethod.php(93): Illuminate\\Container\\Util::unwrapIfClosure(Object(Closure))
#8 D:\\investing\\server\\vendor\\illuminate\\container\\BoundMethod.php(37): Illuminate\\Container\\BoundMethod::callBoundMethod(Object(Laravel\\Lumen\\Application), Array, Object(Closure))
#9 D:\\investing\\server\\vendor\\illuminate\\container\\Container.php(610): Illuminate\\Container\\BoundMethod::call(Object(Laravel\\Lumen\\Application), Array, Array, NULL)
#10 D:\\investing\\server\\vendor\\laravel\\lumen-framework\\src\\Concerns\\RoutesRequests.php(386): Illuminate\\Container\\Container->call(Array, Array)
#11 D:\\investing\\server\\vendor\\laravel\\lumen-framework\\src\\Concerns\\RoutesRequests.php(352): Laravel\\Lumen\\Application->callControllerCallable(Array, Array)
#12 D:\\investing\\server\\vendor\\laravel\\lumen-framework\\src\\Concerns\\RoutesRequests.php(326): Laravel\\Lumen\\Application->callLumenController(Object(App\\Http\\Controllers\\TicketController), 'tickets', Array)
#13 D:\\investing\\server\\vendor\\laravel\\lumen-framework\\src\\Concerns\\RoutesRequests.php(279): Laravel\\Lumen\\Application->callControllerAction(Array)
#14 D:\\investing\\server\\vendor\\laravel\\lumen-framework\\src\\Concerns\\RoutesRequests.php(259): Laravel\\Lumen\\Application->callActionOnArrayBasedRoute(Array)
#15 D:\\investing\\server\\vendor\\laravel\\lumen-framework\\src\\Routing\\Pipeline.php(48): Laravel\\Lumen\\Application->Laravel\\Lumen\\Concerns\\{closure}(Object(Laravel\\Lumen\\Http\\Request))
#16 D:\\investing\\server\\app\\Http\\Middleware\\JwtMiddleware.php(35): Laravel\\Lumen\\Routing\\Pipeline->Laravel\\Lumen\\Routing\\{closure}(Object(Laravel\\Lumen\\Http\\Request))
#17 D:\\investing\\server\\vendor\\illuminate\\pipeline\\Pipeline.php(167): App\\Http\\Middleware\\JwtMiddleware->handle(Object(Laravel\\Lumen\\Http\\Request), Object(Closure))
#18 D:\\investing\\server\\vendor\\laravel\\lumen-framework\\src\\Routing\\Pipeline.php(30): Illuminate\\Pipeline\\Pipeline->Illuminate\\Pipeline\\{closure}(Object(Laravel\\Lumen\\Http\\Request))
#19 D:\\investing\\server\\vendor\\illuminate\\pipeline\\Pipeline.php(103): Laravel\\Lumen\\Routing\\Pipeline->Laravel\\Lumen\\Routing\\{closure}(Object(Laravel\\Lumen\\Http\\Request))
#20 D:\\investing\\server\\vendor\\laravel\\lumen-framework\\src\\Concerns\\RoutesRequests.php(423): Illuminate\\Pipeline\\Pipeline->then(Object(Closure))
#21 D:\\investing\\server\\vendor\\laravel\\lumen-framework\\src\\Concerns\\RoutesRequests.php(260): Laravel\\Lumen\\Application->sendThroughPipeline(Array, Object(Closure))
#22 D:\\investing\\server\\vendor\\laravel\\lumen-framework\\src\\Concerns\\RoutesRequests.php(166): Laravel\\Lumen\\Application->handleFoundRoute(Array)
#23 D:\\investing\\server\\vendor\\laravel\\lumen-framework\\src\\Routing\\Pipeline.php(48): Laravel\\Lumen\\Application->Laravel\\Lumen\\Concerns\\{closure}(Object(Laravel\\Lumen\\Http\\Request))
#24 D:\\investing\\server\\app\\Http\\Middleware\\CorsMiddleware.php(30): Laravel\\Lumen\\Routing\\Pipeline->Laravel\\Lumen\\Routing\\{closure}(Object(Laravel\\Lumen\\Http\\Request))
#25 D:\\investing\\server\\vendor\\illuminate\\pipeline\\Pipeline.php(167): App\\Http\\Middleware\\CorsMiddleware->handle(Object(Laravel\\Lumen\\Http\\Request), Object(Closure))
#26 D:\\investing\\server\\vendor\\laravel\\lumen-framework\\src\\Routing\\Pipeline.php(30): Illuminate\\Pipeline\\Pipeline->Illuminate\\Pipeline\\{closure}(Object(Laravel\\Lumen\\Http\\Request))
#27 D:\\investing\\server\\vendor\\illuminate\\pipeline\\Pipeline.php(103): Laravel\\Lumen\\Routing\\Pipeline->Laravel\\Lumen\\Routing\\{closure}(Object(Laravel\\Lumen\\Http\\Request))
#28 D:\\investing\\server\\vendor\\laravel\\lumen-framework\\src\\Concerns\\RoutesRequests.php(423): Illuminate\\Pipeline\\Pipeline->then(Object(Closure))
#29 D:\\investing\\server\\vendor\\laravel\\lumen-framework\\src\\Concerns\\RoutesRequests.php(172): Laravel\\Lumen\\Application->sendThroughPipeline(Array, Object(Closure))
#30 D:\\investing\\server\\vendor\\laravel\\lumen-framework\\src\\Concerns\\RoutesRequests.php(109): Laravel\\Lumen\\Application->dispatch(NULL)
#31 D:\\investing\\server\\public\\index.php(29): Laravel\\Lumen\\Application->run()
#32 {main}
"} 
[2021-02-20 22:48:59] local.ERROR: Argument 1 passed to App\Models\Ticket::App\Models\{closure}() must be an instance of App\Models\Builder, instance of Illuminate\Database\Eloquent\Builder given, called in D:\investing\server\vendor\illuminate\database\Eloquent\Builder.php on line 1083 {"exception":"[object] (TypeError(code: 0): Argument 1 passed to App\\Models\\Ticket::App\\Models\\{closure}() must be an instance of App\\Models\\Builder, instance of Illuminate\\Database\\Eloquent\\Builder given, called in D:\\investing\\server\\vendor\\illuminate\\database\\Eloquent\\Builder.php on line 1083 at D:\\investing\\server\\app\\Models\\Ticket.php:34)
[stacktrace]
#0 D:\\investing\\server\\vendor\\illuminate\\database\\Eloquent\\Builder.php(1083): App\\Models\\Ticket::App\\Models\\{closure}(Object(Illuminate\\Database\\Eloquent\\Builder))
#1 D:\\investing\\server\\vendor\\illuminate\\database\\Eloquent\\Builder.php(1117): Illuminate\\Database\\Eloquent\\Builder->Illuminate\\Database\\Eloquent\\{closure}(Object(Illuminate\\Database\\Eloquent\\Builder))
#2 D:\\investing\\server\\vendor\\illuminate\\database\\Eloquent\\Builder.php(1092): Illuminate\\Database\\Eloquent\\Builder->callScope(Object(Closure))
#3 D:\\investing\\server\\vendor\\illuminate\\database\\Eloquent\\Builder.php(567): Illuminate\\Database\\Eloquent\\Builder->applyScopes()
#4 D:\\investing\\server\\app\\Http\\Controllers\\TicketController.php(16): Illuminate\\Database\\Eloquent\\Builder->get()
#5 D:\\investing\\server\\vendor\\illuminate\\container\\BoundMethod.php(36): App\\Http\\Controllers\\TicketController->tickets(Object(Laravel\\Lumen\\Http\\Request))
#6 D:\\investing\\server\\vendor\\illuminate\\container\\Util.php(40): Illuminate\\Container\\BoundMethod::Illuminate\\Container\\{closure}()
#7 D:\\investing\\server\\vendor\\illuminate\\container\\BoundMethod.php(93): Illuminate\\Container\\Util::unwrapIfClosure(Object(Closure))
#8 D:\\investing\\server\\vendor\\illuminate\\container\\BoundMethod.php(37): Illuminate\\Container\\BoundMethod::callBoundMethod(Object(Laravel\\Lumen\\Application), Array, Object(Closure))
#9 D:\\investing\\server\\vendor\\illuminate\\container\\Container.php(610): Illuminate\\Container\\BoundMethod::call(Object(Laravel\\Lumen\\Application), Array, Array, NULL)
#10 D:\\investing\\server\\vendor\\laravel\\lumen-framework\\src\\Concerns\\RoutesRequests.php(386): Illuminate\\Container\\Container->call(Array, Array)
#11 D:\\investing\\server\\vendor\\laravel\\lumen-framework\\src\\Concerns\\RoutesRequests.php(352): Laravel\\Lumen\\Application->callControllerCallable(Array, Array)
#12 D:\\investing\\server\\vendor\\laravel\\lumen-framework\\src\\Concerns\\RoutesRequests.php(326): Laravel\\Lumen\\Application->callLumenController(Object(App\\Http\\Controllers\\TicketController), 'tickets', Array)
#13 D:\\investing\\server\\vendor\\laravel\\lumen-framework\\src\\Concerns\\RoutesRequests.php(279): Laravel\\Lumen\\Application->callControllerAction(Array)
#14 D:\\investing\\server\\vendor\\laravel\\lumen-framework\\src\\Concerns\\RoutesRequests.php(259): Laravel\\Lumen\\Application->callActionOnArrayBasedRoute(Array)
#15 D:\\investing\\server\\vendor\\laravel\\lumen-framework\\src\\Routing\\Pipeline.php(48): Laravel\\Lumen\\Application->Laravel\\Lumen\\Concerns\\{closure}(Object(Laravel\\Lumen\\Http\\Request))
#16 D:\\investing\\server\\app\\Http\\Middleware\\JwtMiddleware.php(35): Laravel\\Lumen\\Routing\\Pipeline->Laravel\\Lumen\\Routing\\{closure}(Object(Laravel\\Lumen\\Http\\Request))
#17 D:\\investing\\server\\vendor\\illuminate\\pipeline\\Pipeline.php(167): App\\Http\\Middleware\\JwtMiddleware->handle(Object(Laravel\\Lumen\\Http\\Request), Object(Closure))
#18 D:\\investing\\server\\vendor\\laravel\\lumen-framework\\src\\Routing\\Pipeline.php(30): Illuminate\\Pipeline\\Pipeline->Illuminate\\Pipeline\\{closure}(Object(Laravel\\Lumen\\Http\\Request))
#19 D:\\investing\\server\\vendor\\illuminate\\pipeline\\Pipeline.php(103): Laravel\\Lumen\\Routing\\Pipeline->Laravel\\Lumen\\Routing\\{closure}(Object(Laravel\\Lumen\\Http\\Request))
#20 D:\\investing\\server\\vendor\\laravel\\lumen-framework\\src\\Concerns\\RoutesRequests.php(423): Illuminate\\Pipeline\\Pipeline->then(Object(Closure))
#21 D:\\investing\\server\\vendor\\laravel\\lumen-framework\\src\\Concerns\\RoutesRequests.php(260): Laravel\\Lumen\\Application->sendThroughPipeline(Array, Object(Closure))
#22 D:\\investing\\server\\vendor\\laravel\\lumen-framework\\src\\Concerns\\RoutesRequests.php(166): Laravel\\Lumen\\Application->handleFoundRoute(Array)
#23 D:\\investing\\server\\vendor\\laravel\\lumen-framework\\src\\Routing\\Pipeline.php(48): Laravel\\Lumen\\Application->Laravel\\Lumen\\Concerns\\{closure}(Object(Laravel\\Lumen\\Http\\Request))
#24 D:\\investing\\server\\app\\Http\\Middleware\\CorsMiddleware.php(30): Laravel\\Lumen\\Routing\\Pipeline->Laravel\\Lumen\\Routing\\{closure}(Object(Laravel\\Lumen\\Http\\Request))
#25 D:\\investing\\server\\vendor\\illuminate\\pipeline\\Pipeline.php(167): App\\Http\\Middleware\\CorsMiddleware->handle(Object(Laravel\\Lumen\\Http\\Request), Object(Closure))
#26 D:\\investing\\server\\vendor\\laravel\\lumen-framework\\src\\Routing\\Pipeline.php(30): Illuminate\\Pipeline\\Pipeline->Illuminate\\Pipeline\\{closure}(Object(Laravel\\Lumen\\Http\\Request))
#27 D:\\investing\\server\\vendor\\illuminate\\pipeline\\Pipeline.php(103): Laravel\\Lumen\\Routing\\Pipeline->Laravel\\Lumen\\Routing\\{closure}(Object(Laravel\\Lumen\\Http\\Request))
#28 D:\\investing\\server\\vendor\\laravel\\lumen-framework\\src\\Concerns\\RoutesRequests.php(423): Illuminate\\Pipeline\\Pipeline->then(Object(Closure))
#29 D:\\investing\\server\\vendor\\laravel\\lumen-framework\\src\\Concerns\\RoutesRequests.php(172): Laravel\\Lumen\\Application->sendThroughPipeline(Array, Object(Closure))
#30 D:\\investing\\server\\vendor\\laravel\\lumen-framework\\src\\Concerns\\RoutesRequests.php(109): Laravel\\Lumen\\Application->dispatch(NULL)
#31 D:\\investing\\server\\public\\index.php(29): Laravel\\Lumen\\Application->run()
#32 {main}
"} 
[2021-02-20 22:49:07] local.ERROR: Argument 1 passed to App\Models\Ticket::App\Models\{closure}() must be an instance of App\Models\Builder, instance of Illuminate\Database\Eloquent\Builder given, called in D:\investing\server\vendor\illuminate\database\Eloquent\Builder.php on line 1083 {"exception":"[object] (TypeError(code: 0): Argument 1 passed to App\\Models\\Ticket::App\\Models\\{closure}() must be an instance of App\\Models\\Builder, instance of Illuminate\\Database\\Eloquent\\Builder given, called in D:\\investing\\server\\vendor\\illuminate\\database\\Eloquent\\Builder.php on line 1083 at D:\\investing\\server\\app\\Models\\Ticket.php:34)
[stacktrace]
#0 D:\\investing\\server\\vendor\\illuminate\\database\\Eloquent\\Builder.php(1083): App\\Models\\Ticket::App\\Models\\{closure}(Object(Illuminate\\Database\\Eloquent\\Builder))
#1 D:\\investing\\server\\vendor\\illuminate\\database\\Eloquent\\Builder.php(1117): Illuminate\\Database\\Eloquent\\Builder->Illuminate\\Database\\Eloquent\\{closure}(Object(Illuminate\\Database\\Eloquent\\Builder))
#2 D:\\investing\\server\\vendor\\illuminate\\database\\Eloquent\\Builder.php(1092): Illuminate\\Database\\Eloquent\\Builder->callScope(Object(Closure))
#3 D:\\investing\\server\\vendor\\illuminate\\database\\Eloquent\\Builder.php(567): Illuminate\\Database\\Eloquent\\Builder->applyScopes()
#4 D:\\investing\\server\\app\\Http\\Controllers\\TicketController.php(16): Illuminate\\Database\\Eloquent\\Builder->get()
#5 D:\\investing\\server\\vendor\\illuminate\\container\\BoundMethod.php(36): App\\Http\\Controllers\\TicketController->tickets(Object(Laravel\\Lumen\\Http\\Request))
#6 D:\\investing\\server\\vendor\\illuminate\\container\\Util.php(40): Illuminate\\Container\\BoundMethod::Illuminate\\Container\\{closure}()
#7 D:\\investing\\server\\vendor\\illuminate\\container\\BoundMethod.php(93): Illuminate\\Container\\Util::unwrapIfClosure(Object(Closure))
#8 D:\\investing\\server\\vendor\\illuminate\\container\\BoundMethod.php(37): Illuminate\\Container\\BoundMethod::callBoundMethod(Object(Laravel\\Lumen\\Application), Array, Object(Closure))
#9 D:\\investing\\server\\vendor\\illuminate\\container\\Container.php(610): Illuminate\\Container\\BoundMethod::call(Object(Laravel\\Lumen\\Application), Array, Array, NULL)
#10 D:\\investing\\server\\vendor\\laravel\\lumen-framework\\src\\Concerns\\RoutesRequests.php(386): Illuminate\\Container\\Container->call(Array, Array)
#11 D:\\investing\\server\\vendor\\laravel\\lumen-framework\\src\\Concerns\\RoutesRequests.php(352): Laravel\\Lumen\\Application->callControllerCallable(Array, Array)
#12 D:\\investing\\server\\vendor\\laravel\\lumen-framework\\src\\Concerns\\RoutesRequests.php(326): Laravel\\Lumen\\Application->callLumenController(Object(App\\Http\\Controllers\\TicketController), 'tickets', Array)
#13 D:\\investing\\server\\vendor\\laravel\\lumen-framework\\src\\Concerns\\RoutesRequests.php(279): Laravel\\Lumen\\Application->callControllerAction(Array)
#14 D:\\investing\\server\\vendor\\laravel\\lumen-framework\\src\\Concerns\\RoutesRequests.php(259): Laravel\\Lumen\\Application->callActionOnArrayBasedRoute(Array)
#15 D:\\investing\\server\\vendor\\laravel\\lumen-framework\\src\\Routing\\Pipeline.php(48): Laravel\\Lumen\\Application->Laravel\\Lumen\\Concerns\\{closure}(Object(Laravel\\Lumen\\Http\\Request))
#16 D:\\investing\\server\\app\\Http\\Middleware\\JwtMiddleware.php(35): Laravel\\Lumen\\Routing\\Pipeline->Laravel\\Lumen\\Routing\\{closure}(Object(Laravel\\Lumen\\Http\\Request))
#17 D:\\investing\\server\\vendor\\illuminate\\pipeline\\Pipeline.php(167): App\\Http\\Middleware\\JwtMiddleware->handle(Object(Laravel\\Lumen\\Http\\Request), Object(Closure))
#18 D:\\investing\\server\\vendor\\laravel\\lumen-framework\\src\\Routing\\Pipeline.php(30): Illuminate\\Pipeline\\Pipeline->Illuminate\\Pipeline\\{closure}(Object(Laravel\\Lumen\\Http\\Request))
#19 D:\\investing\\server\\vendor\\illuminate\\pipeline\\Pipeline.php(103): Laravel\\Lumen\\Routing\\Pipeline->Laravel\\Lumen\\Routing\\{closure}(Object(Laravel\\Lumen\\Http\\Request))
#20 D:\\investing\\server\\vendor\\laravel\\lumen-framework\\src\\Concerns\\RoutesRequests.php(423): Illuminate\\Pipeline\\Pipeline->then(Object(Closure))
#21 D:\\investing\\server\\vendor\\laravel\\lumen-framework\\src\\Concerns\\RoutesRequests.php(260): Laravel\\Lumen\\Application->sendThroughPipeline(Array, Object(Closure))
#22 D:\\investing\\server\\vendor\\laravel\\lumen-framework\\src\\Concerns\\RoutesRequests.php(166): Laravel\\Lumen\\Application->handleFoundRoute(Array)
#23 D:\\investing\\server\\vendor\\laravel\\lumen-framework\\src\\Routing\\Pipeline.php(48): Laravel\\Lumen\\Application->Laravel\\Lumen\\Concerns\\{closure}(Object(Laravel\\Lumen\\Http\\Request))
#24 D:\\investing\\server\\app\\Http\\Middleware\\CorsMiddleware.php(30): Laravel\\Lumen\\Routing\\Pipeline->Laravel\\Lumen\\Routing\\{closure}(Object(Laravel\\Lumen\\Http\\Request))
#25 D:\\investing\\server\\vendor\\illuminate\\pipeline\\Pipeline.php(167): App\\Http\\Middleware\\CorsMiddleware->handle(Object(Laravel\\Lumen\\Http\\Request), Object(Closure))
#26 D:\\investing\\server\\vendor\\laravel\\lumen-framework\\src\\Routing\\Pipeline.php(30): Illuminate\\Pipeline\\Pipeline->Illuminate\\Pipeline\\{closure}(Object(Laravel\\Lumen\\Http\\Request))
#27 D:\\investing\\server\\vendor\\illuminate\\pipeline\\Pipeline.php(103): Laravel\\Lumen\\Routing\\Pipeline->Laravel\\Lumen\\Routing\\{closure}(Object(Laravel\\Lumen\\Http\\Request))
#28 D:\\investing\\server\\vendor\\laravel\\lumen-framework\\src\\Concerns\\RoutesRequests.php(423): Illuminate\\Pipeline\\Pipeline->then(Object(Closure))
#29 D:\\investing\\server\\vendor\\laravel\\lumen-framework\\src\\Concerns\\RoutesRequests.php(172): Laravel\\Lumen\\Application->sendThroughPipeline(Array, Object(Closure))
#30 D:\\investing\\server\\vendor\\laravel\\lumen-framework\\src\\Concerns\\RoutesRequests.php(109): Laravel\\Lumen\\Application->dispatch(NULL)
#31 D:\\investing\\server\\public\\index.php(29): Laravel\\Lumen\\Application->run()
#32 {main}
"} 
[2021-02-20 22:51:23] local.ERROR: Call to undefined function App\Http\Controllers\reorder() {"exception":"[object] (Error(code: 0): Call to undefined function App\\Http\\Controllers\eorder() at D:\\investing\\server\\app\\Http\\Controllers\\TicketController.php:16)
[stacktrace]
#0 D:\\investing\\server\\vendor\\illuminate\\container\\BoundMethod.php(36): App\\Http\\Controllers\\TicketController->tickets(Object(Laravel\\Lumen\\Http\\Request))
#1 D:\\investing\\server\\vendor\\illuminate\\container\\Util.php(40): Illuminate\\Container\\BoundMethod::Illuminate\\Container\\{closure}()
#2 D:\\investing\\server\\vendor\\illuminate\\container\\BoundMethod.php(93): Illuminate\\Container\\Util::unwrapIfClosure(Object(Closure))
#3 D:\\investing\\server\\vendor\\illuminate\\container\\BoundMethod.php(37): Illuminate\\Container\\BoundMethod::callBoundMethod(Object(Laravel\\Lumen\\Application), Array, Object(Closure))
#4 D:\\investing\\server\\vendor\\illuminate\\container\\Container.php(610): Illuminate\\Container\\BoundMethod::call(Object(Laravel\\Lumen\\Application), Array, Array, NULL)
#5 D:\\investing\\server\\vendor\\laravel\\lumen-framework\\src\\Concerns\\RoutesRequests.php(386): Illuminate\\Container\\Container->call(Array, Array)
#6 D:\\investing\\server\\vendor\\laravel\\lumen-framework\\src\\Concerns\\RoutesRequests.php(352): Laravel\\Lumen\\Application->callControllerCallable(Array, Array)
#7 D:\\investing\\server\\vendor\\laravel\\lumen-framework\\src\\Concerns\\RoutesRequests.php(326): Laravel\\Lumen\\Application->callLumenController(Object(App\\Http\\Controllers\\TicketController), 'tickets', Array)
#8 D:\\investing\\server\\vendor\\laravel\\lumen-framework\\src\\Concerns\\RoutesRequests.php(279): Laravel\\Lumen\\Application->callControllerAction(Array)
#9 D:\\investing\\server\\vendor\\laravel\\lumen-framework\\src\\Concerns\\RoutesRequests.php(259): Laravel\\Lumen\\Application->callActionOnArrayBasedRoute(Array)
#10 D:\\investing\\server\\vendor\\laravel\\lumen-framework\\src\\Routing\\Pipeline.php(48): Laravel\\Lumen\\Application->Laravel\\Lumen\\Concerns\\{closure}(Object(Laravel\\Lumen\\Http\\Request))
#11 D:\\investing\\server\\app\\Http\\Middleware\\JwtMiddleware.php(35): Laravel\\Lumen\\Routing\\Pipeline->Laravel\\Lumen\\Routing\\{closure}(Object(Laravel\\Lumen\\Http\\Request))
#12 D:\\investing\\server\\vendor\\illuminate\\pipeline\\Pipeline.php(167): App\\Http\\Middleware\\JwtMiddleware->handle(Object(Laravel\\Lumen\\Http\\Request), Object(Closure))
#13 D:\\investing\\server\\vendor\\laravel\\lumen-framework\\src\\Routing\\Pipeline.php(30): Illuminate\\Pipeline\\Pipeline->Illuminate\\Pipeline\\{closure}(Object(Laravel\\Lumen\\Http\\Request))
#14 D:\\investing\\server\\vendor\\illuminate\\pipeline\\Pipeline.php(103): Laravel\\Lumen\\Routing\\Pipeline->Laravel\\Lumen\\Routing\\{closure}(Object(Laravel\\Lumen\\Http\\Request))
#15 D:\\investing\\server\\vendor\\laravel\\lumen-framework\\src\\Concerns\\RoutesRequests.php(423): Illuminate\\Pipeline\\Pipeline->then(Object(Closure))
#16 D:\\investing\\server\\vendor\\laravel\\lumen-framework\\src\\Concerns\\RoutesRequests.php(260): Laravel\\Lumen\\Application->sendThroughPipeline(Array, Object(Closure))
#17 D:\\investing\\server\\vendor\\laravel\\lumen-framework\\src\\Concerns\\RoutesRequests.php(166): Laravel\\Lumen\\Application->handleFoundRoute(Array)
#18 D:\\investing\\server\\vendor\\laravel\\lumen-framework\\src\\Routing\\Pipeline.php(48): Laravel\\Lumen\\Application->Laravel\\Lumen\\Concerns\\{closure}(Object(Laravel\\Lumen\\Http\\Request))
#19 D:\\investing\\server\\app\\Http\\Middleware\\CorsMiddleware.php(30): Laravel\\Lumen\\Routing\\Pipeline->Laravel\\Lumen\\Routing\\{closure}(Object(Laravel\\Lumen\\Http\\Request))
#20 D:\\investing\\server\\vendor\\illuminate\\pipeline\\Pipeline.php(167): App\\Http\\Middleware\\CorsMiddleware->handle(Object(Laravel\\Lumen\\Http\\Request), Object(Closure))
#21 D:\\investing\\server\\vendor\\laravel\\lumen-framework\\src\\Routing\\Pipeline.php(30): Illuminate\\Pipeline\\Pipeline->Illuminate\\Pipeline\\{closure}(Object(Laravel\\Lumen\\Http\\Request))
#22 D:\\investing\\server\\vendor\\illuminate\\pipeline\\Pipeline.php(103): Laravel\\Lumen\\Routing\\Pipeline->Laravel\\Lumen\\Routing\\{closure}(Object(Laravel\\Lumen\\Http\\Request))
#23 D:\\investing\\server\\vendor\\laravel\\lumen-framework\\src\\Concerns\\RoutesRequests.php(423): Illuminate\\Pipeline\\Pipeline->then(Object(Closure))
#24 D:\\investing\\server\\vendor\\laravel\\lumen-framework\\src\\Concerns\\RoutesRequests.php(172): Laravel\\Lumen\\Application->sendThroughPipeline(Array, Object(Closure))
#25 D:\\investing\\server\\vendor\\laravel\\lumen-framework\\src\\Concerns\\RoutesRequests.php(109): Laravel\\Lumen\\Application->dispatch(NULL)
#26 D:\\investing\\server\\public\\index.php(29): Laravel\\Lumen\\Application->run()
#27 {main}
"} 
