[2021-04-24 08:00:53] local.ERROR: Undefined variable: request {"exception":"[object] (ErrorException(code: 0): Undefined variable: request at D:\\siavash\\server\outes\\web.php:32)
[stacktrace]
#0 D:\\siavash\\server\outes\\web.php(32): Laravel\\Lumen\\Application->Laravel\\Lumen\\Concerns\\{closure}(8, 'Undefined varia...', 'D:\\\\siavash\\\\serv...', 32, Array)
#1 D:\\siavash\\server\\bootstrap\\app.php(123): require('D:\\\\siavash\\\\serv...')
#2 D:\\siavash\\server\\vendor\\laravel\\lumen-framework\\src\\Routing\\Router.php(62): {closure}(Object(Laravel\\Lumen\\Routing\\Router))
#3 D:\\siavash\\server\\bootstrap\\app.php(124): Laravel\\Lumen\\Routing\\Router->group(Array, Object(Closure))
#4 D:\\siavash\\server\\public\\index.php(15): require('D:\\\\siavash\\\\serv...')
#5 {main}
"} 
[2021-04-24 08:48:31] production.ERROR: SQLSTATE[HY000] [1045] Access denied for user 'strojczd_stronghold'@'localhost' (using password: YES) (SQL: select * from `plans` where `status` = 1) {"exception":"[object] (Illuminate\\Database\\QueryException(code: 1045): SQLSTATE[HY000] [1045] Access denied for user 'strojczd_stronghold'@'localhost' (using password: YES) (SQL: select * from `plans` where `status` = 1) at D:\\siavash\\server\\vendor\\illuminate\\database\\Connection.php:678)
[stacktrace]
#0 D:\\siavash\\server\\vendor\\illuminate\\database\\Connection.php(638): Illuminate\\Database\\Connection->runQueryCallback('select * from `...', Array, Object(Closure))
#1 D:\\siavash\\server\\vendor\\illuminate\\database\\Connection.php(346): Illuminate\\Database\\Connection->run('select * from `...', Array, Object(Closure))
#2 D:\\siavash\\server\\vendor\\illuminate\\database\\Query\\Builder.php(2313): Illuminate\\Database\\Connection->select('select * from `...', Array, true)
#3 D:\\siavash\\server\\vendor\\illuminate\\database\\Query\\Builder.php(2301): Illuminate\\Database\\Query\\Builder->runSelect()
#4 D:\\siavash\\server\\vendor\\illuminate\\database\\Query\\Builder.php(2796): Illuminate\\Database\\Query\\Builder->Illuminate\\Database\\Query\\{closure}()
#5 D:\\siavash\\server\\vendor\\illuminate\\database\\Query\\Builder.php(2302): Illuminate\\Database\\Query\\Builder->onceWithColumns(Array, Object(Closure))
#6 D:\\siavash\\server\\vendor\\illuminate\\database\\Eloquent\\Builder.php(588): Illuminate\\Database\\Query\\Builder->get(Array)
#7 D:\\siavash\\server\\vendor\\illuminate\\database\\Eloquent\\Builder.php(572): Illuminate\\Database\\Eloquent\\Builder->getModels(Array)
#8 D:\\siavash\\server\\app\\Http\\Controllers\\HomeController.php(35): Illuminate\\Database\\Eloquent\\Builder->get()
#9 D:\\siavash\\server\\vendor\\illuminate\\container\\BoundMethod.php(36): App\\Http\\Controllers\\HomeController->index(Object(Laravel\\Lumen\\Http\\Request))
#10 D:\\siavash\\server\\vendor\\illuminate\\container\\Util.php(40): Illuminate\\Container\\BoundMethod::Illuminate\\Container\\{closure}()
#11 D:\\siavash\\server\\vendor\\illuminate\\container\\BoundMethod.php(93): Illuminate\\Container\\Util::unwrapIfClosure(Object(Closure))
#12 D:\\siavash\\server\\vendor\\illuminate\\container\\BoundMethod.php(37): Illuminate\\Container\\BoundMethod::callBoundMethod(Object(Laravel\\Lumen\\Application), Array, Object(Closure))
#13 D:\\siavash\\server\\vendor\\illuminate\\container\\Container.php(610): Illuminate\\Container\\BoundMethod::call(Object(Laravel\\Lumen\\Application), Array, Array, NULL)
#14 D:\\siavash\\server\\vendor\\laravel\\lumen-framework\\src\\Concerns\\RoutesRequests.php(386): Illuminate\\Container\\Container->call(Array, Array)
#15 D:\\siavash\\server\\vendor\\laravel\\lumen-framework\\src\\Concerns\\RoutesRequests.php(352): Laravel\\Lumen\\Application->callControllerCallable(Array, Array)
#16 D:\\siavash\\server\\vendor\\laravel\\lumen-framework\\src\\Concerns\\RoutesRequests.php(326): Laravel\\Lumen\\Application->callLumenController(Object(App\\Http\\Controllers\\HomeController), 'index', Array)
#17 D:\\siavash\\server\\vendor\\laravel\\lumen-framework\\src\\Concerns\\RoutesRequests.php(279): Laravel\\Lumen\\Application->callControllerAction(Array)
#18 D:\\siavash\\server\\vendor\\laravel\\lumen-framework\\src\\Concerns\\RoutesRequests.php(264): Laravel\\Lumen\\Application->callActionOnArrayBasedRoute(Array)
#19 D:\\siavash\\server\\vendor\\laravel\\lumen-framework\\src\\Concerns\\RoutesRequests.php(166): Laravel\\Lumen\\Application->handleFoundRoute(Array)
#20 D:\\siavash\\server\\vendor\\laravel\\lumen-framework\\src\\Routing\\Pipeline.php(48): Laravel\\Lumen\\Application->Laravel\\Lumen\\Concerns\\{closure}(Object(Laravel\\Lumen\\Http\\Request))
#21 D:\\siavash\\server\\app\\Http\\Middleware\\CorsMiddleware.php(30): Laravel\\Lumen\\Routing\\Pipeline->Laravel\\Lumen\\Routing\\{closure}(Object(Laravel\\Lumen\\Http\\Request))
#22 D:\\siavash\\server\\vendor\\illuminate\\pipeline\\Pipeline.php(167): App\\Http\\Middleware\\CorsMiddleware->handle(Object(Laravel\\Lumen\\Http\\Request), Object(Closure))
#23 D:\\siavash\\server\\vendor\\laravel\\lumen-framework\\src\\Routing\\Pipeline.php(30): Illuminate\\Pipeline\\Pipeline->Illuminate\\Pipeline\\{closure}(Object(Laravel\\Lumen\\Http\\Request))
#24 D:\\siavash\\server\\vendor\\illuminate\\pipeline\\Pipeline.php(103): Laravel\\Lumen\\Routing\\Pipeline->Laravel\\Lumen\\Routing\\{closure}(Object(Laravel\\Lumen\\Http\\Request))
#25 D:\\siavash\\server\\vendor\\laravel\\lumen-framework\\src\\Concerns\\RoutesRequests.php(423): Illuminate\\Pipeline\\Pipeline->then(Object(Closure))
#26 D:\\siavash\\server\\vendor\\laravel\\lumen-framework\\src\\Concerns\\RoutesRequests.php(172): Laravel\\Lumen\\Application->sendThroughPipeline(Array, Object(Closure))
#27 D:\\siavash\\server\\vendor\\laravel\\lumen-framework\\src\\Concerns\\RoutesRequests.php(109): Laravel\\Lumen\\Application->dispatch(NULL)
#28 D:\\siavash\\server\\public\\index.php(29): Laravel\\Lumen\\Application->run()
#29 {main}

[previous exception] [object] (PDOException(code: 1045): SQLSTATE[HY000] [1045] Access denied for user 'strojczd_stronghold'@'localhost' (using password: YES) at D:\\siavash\\server\\vendor\\illuminate\\database\\Connectors\\Connector.php:70)
[stacktrace]
#0 D:\\siavash\\server\\vendor\\illuminate\\database\\Connectors\\Connector.php(70): PDO->__construct('mysql:host=loca...', 'strojczd_strong...', 'e6eh&m8-qCwj', Array)
#1 D:\\siavash\\server\\vendor\\illuminate\\database\\Connectors\\Connector.php(46): Illuminate\\Database\\Connectors\\Connector->createPdoConnection('mysql:host=loca...', 'strojczd_strong...', 'e6eh&m8-qCwj', Array)
#2 D:\\siavash\\server\\vendor\\illuminate\\database\\Connectors\\MySqlConnector.php(24): Illuminate\\Database\\Connectors\\Connector->createConnection('mysql:host=loca...', Array, Array)
#3 D:\\siavash\\server\\vendor\\illuminate\\database\\Connectors\\ConnectionFactory.php(184): Illuminate\\Database\\Connectors\\MySqlConnector->connect(Array)
#4 [internal function]: Illuminate\\Database\\Connectors\\ConnectionFactory->Illuminate\\Database\\Connectors\\{closure}()
#5 D:\\siavash\\server\\vendor\\illuminate\\database\\Connection.php(939): call_user_func(Object(Closure))
#6 D:\\siavash\\server\\vendor\\illuminate\\database\\Connection.php(974): Illuminate\\Database\\Connection->getPdo()
#7 D:\\siavash\\server\\vendor\\illuminate\\database\\Connection.php(412): Illuminate\\Database\\Connection->getReadPdo()
#8 D:\\siavash\\server\\vendor\\illuminate\\database\\Connection.php(338): Illuminate\\Database\\Connection->getPdoForSelect(true)
#9 D:\\siavash\\server\\vendor\\illuminate\\database\\Connection.php(671): Illuminate\\Database\\Connection->Illuminate\\Database\\{closure}('select * from `...', Array)
#10 D:\\siavash\\server\\vendor\\illuminate\\database\\Connection.php(638): Illuminate\\Database\\Connection->runQueryCallback('select * from `...', Array, Object(Closure))
#11 D:\\siavash\\server\\vendor\\illuminate\\database\\Connection.php(346): Illuminate\\Database\\Connection->run('select * from `...', Array, Object(Closure))
#12 D:\\siavash\\server\\vendor\\illuminate\\database\\Query\\Builder.php(2313): Illuminate\\Database\\Connection->select('select * from `...', Array, true)
#13 D:\\siavash\\server\\vendor\\illuminate\\database\\Query\\Builder.php(2301): Illuminate\\Database\\Query\\Builder->runSelect()
#14 D:\\siavash\\server\\vendor\\illuminate\\database\\Query\\Builder.php(2796): Illuminate\\Database\\Query\\Builder->Illuminate\\Database\\Query\\{closure}()
#15 D:\\siavash\\server\\vendor\\illuminate\\database\\Query\\Builder.php(2302): Illuminate\\Database\\Query\\Builder->onceWithColumns(Array, Object(Closure))
#16 D:\\siavash\\server\\vendor\\illuminate\\database\\Eloquent\\Builder.php(588): Illuminate\\Database\\Query\\Builder->get(Array)
#17 D:\\siavash\\server\\vendor\\illuminate\\database\\Eloquent\\Builder.php(572): Illuminate\\Database\\Eloquent\\Builder->getModels(Array)
#18 D:\\siavash\\server\\app\\Http\\Controllers\\HomeController.php(35): Illuminate\\Database\\Eloquent\\Builder->get()
#19 D:\\siavash\\server\\vendor\\illuminate\\container\\BoundMethod.php(36): App\\Http\\Controllers\\HomeController->index(Object(Laravel\\Lumen\\Http\\Request))
#20 D:\\siavash\\server\\vendor\\illuminate\\container\\Util.php(40): Illuminate\\Container\\BoundMethod::Illuminate\\Container\\{closure}()
#21 D:\\siavash\\server\\vendor\\illuminate\\container\\BoundMethod.php(93): Illuminate\\Container\\Util::unwrapIfClosure(Object(Closure))
#22 D:\\siavash\\server\\vendor\\illuminate\\container\\BoundMethod.php(37): Illuminate\\Container\\BoundMethod::callBoundMethod(Object(Laravel\\Lumen\\Application), Array, Object(Closure))
#23 D:\\siavash\\server\\vendor\\illuminate\\container\\Container.php(610): Illuminate\\Container\\BoundMethod::call(Object(Laravel\\Lumen\\Application), Array, Array, NULL)
#24 D:\\siavash\\server\\vendor\\laravel\\lumen-framework\\src\\Concerns\\RoutesRequests.php(386): Illuminate\\Container\\Container->call(Array, Array)
#25 D:\\siavash\\server\\vendor\\laravel\\lumen-framework\\src\\Concerns\\RoutesRequests.php(352): Laravel\\Lumen\\Application->callControllerCallable(Array, Array)
#26 D:\\siavash\\server\\vendor\\laravel\\lumen-framework\\src\\Concerns\\RoutesRequests.php(326): Laravel\\Lumen\\Application->callLumenController(Object(App\\Http\\Controllers\\HomeController), 'index', Array)
#27 D:\\siavash\\server\\vendor\\laravel\\lumen-framework\\src\\Concerns\\RoutesRequests.php(279): Laravel\\Lumen\\Application->callControllerAction(Array)
#28 D:\\siavash\\server\\vendor\\laravel\\lumen-framework\\src\\Concerns\\RoutesRequests.php(264): Laravel\\Lumen\\Application->callActionOnArrayBasedRoute(Array)
#29 D:\\siavash\\server\\vendor\\laravel\\lumen-framework\\src\\Concerns\\RoutesRequests.php(166): Laravel\\Lumen\\Application->handleFoundRoute(Array)
#30 D:\\siavash\\server\\vendor\\laravel\\lumen-framework\\src\\Routing\\Pipeline.php(48): Laravel\\Lumen\\Application->Laravel\\Lumen\\Concerns\\{closure}(Object(Laravel\\Lumen\\Http\\Request))
#31 D:\\siavash\\server\\app\\Http\\Middleware\\CorsMiddleware.php(30): Laravel\\Lumen\\Routing\\Pipeline->Laravel\\Lumen\\Routing\\{closure}(Object(Laravel\\Lumen\\Http\\Request))
#32 D:\\siavash\\server\\vendor\\illuminate\\pipeline\\Pipeline.php(167): App\\Http\\Middleware\\CorsMiddleware->handle(Object(Laravel\\Lumen\\Http\\Request), Object(Closure))
#33 D:\\siavash\\server\\vendor\\laravel\\lumen-framework\\src\\Routing\\Pipeline.php(30): Illuminate\\Pipeline\\Pipeline->Illuminate\\Pipeline\\{closure}(Object(Laravel\\Lumen\\Http\\Request))
#34 D:\\siavash\\server\\vendor\\illuminate\\pipeline\\Pipeline.php(103): Laravel\\Lumen\\Routing\\Pipeline->Laravel\\Lumen\\Routing\\{closure}(Object(Laravel\\Lumen\\Http\\Request))
#35 D:\\siavash\\server\\vendor\\laravel\\lumen-framework\\src\\Concerns\\RoutesRequests.php(423): Illuminate\\Pipeline\\Pipeline->then(Object(Closure))
#36 D:\\siavash\\server\\vendor\\laravel\\lumen-framework\\src\\Concerns\\RoutesRequests.php(172): Laravel\\Lumen\\Application->sendThroughPipeline(Array, Object(Closure))
#37 D:\\siavash\\server\\vendor\\laravel\\lumen-framework\\src\\Concerns\\RoutesRequests.php(109): Laravel\\Lumen\\Application->dispatch(NULL)
#38 D:\\siavash\\server\\public\\index.php(29): Laravel\\Lumen\\Application->run()
#39 {main}
"} 
