[2021-04-25 09:20:44] local.ERROR: syntax error, unexpected '}', expecting ')' (View: D:\siavash\server\resources\views\layouts\app.blade.php) (View: D:\siavash\server\resources\views\layouts\app.blade.php) {"exception":"[object] (ErrorException(code: 0): syntax error, unexpected '}', expecting ')' (View: D:\\siavash\\server\esources\\views\\layouts\\app.blade.php) (View: D:\\siavash\\server\esources\\views\\layouts\\app.blade.php) at D:\\siavash\\server\\storage\\framework\\views\\bb900702ef517810914374ced523eabc11994d1a.php:62)
[stacktrace]
#0 D:\\siavash\\server\\vendor\\illuminate\\view\\Engines\\PhpEngine.php(60): Illuminate\\View\\Engines\\CompilerEngine->handleViewException(Object(ErrorException), 1)
#1 D:\\siavash\\server\\vendor\\illuminate\\view\\Engines\\CompilerEngine.php(61): Illuminate\\View\\Engines\\PhpEngine->evaluatePath('D:\\\\siavash\\\\serv...', Array)
#2 D:\\siavash\\server\\vendor\\illuminate\\view\\View.php(139): Illuminate\\View\\Engines\\CompilerEngine->get('D:\\\\siavash\\\\serv...', Array)
#3 D:\\siavash\\server\\vendor\\illuminate\\view\\View.php(122): Illuminate\\View\\View->getContents()
#4 D:\\siavash\\server\\vendor\\illuminate\\view\\View.php(91): Illuminate\\View\\View->renderContents()
#5 D:\\siavash\\server\\vendor\\illuminate\\http\\Response.php(62): Illuminate\\View\\View->render()
#6 D:\\siavash\\server\\vendor\\illuminate\\http\\Response.php(34): Illuminate\\Http\\Response->setContent(Object(Illuminate\\View\\View))
#7 D:\\siavash\\server\\vendor\\laravel\\lumen-framework\\src\\Concerns\\RoutesRequests.php(446): Illuminate\\Http\\Response->__construct(Object(Illuminate\\View\\View))
#8 D:\\siavash\\server\\vendor\\laravel\\lumen-framework\\src\\Concerns\\RoutesRequests.php(386): Laravel\\Lumen\\Application->prepareResponse(Object(Illuminate\\View\\View))
#9 D:\\siavash\\server\\vendor\\laravel\\lumen-framework\\src\\Concerns\\RoutesRequests.php(352): Laravel\\Lumen\\Application->callControllerCallable(Array, Array)
#10 D:\\siavash\\server\\vendor\\laravel\\lumen-framework\\src\\Concerns\\RoutesRequests.php(326): Laravel\\Lumen\\Application->callLumenController(Object(App\\Http\\Controllers\\HomeController), 'index', Array)
#11 D:\\siavash\\server\\vendor\\laravel\\lumen-framework\\src\\Concerns\\RoutesRequests.php(279): Laravel\\Lumen\\Application->callControllerAction(Array)
#12 D:\\siavash\\server\\vendor\\laravel\\lumen-framework\\src\\Concerns\\RoutesRequests.php(264): Laravel\\Lumen\\Application->callActionOnArrayBasedRoute(Array)
#13 D:\\siavash\\server\\vendor\\laravel\\lumen-framework\\src\\Concerns\\RoutesRequests.php(166): Laravel\\Lumen\\Application->handleFoundRoute(Array)
#14 D:\\siavash\\server\\vendor\\laravel\\lumen-framework\\src\\Routing\\Pipeline.php(48): Laravel\\Lumen\\Application->Laravel\\Lumen\\Concerns\\{closure}(Object(Laravel\\Lumen\\Http\\Request))
#15 D:\\siavash\\server\\app\\Http\\Middleware\\CorsMiddleware.php(30): Laravel\\Lumen\\Routing\\Pipeline->Laravel\\Lumen\\Routing\\{closure}(Object(Laravel\\Lumen\\Http\\Request))
#16 D:\\siavash\\server\\vendor\\illuminate\\pipeline\\Pipeline.php(167): App\\Http\\Middleware\\CorsMiddleware->handle(Object(Laravel\\Lumen\\Http\\Request), Object(Closure))
#17 D:\\siavash\\server\\vendor\\laravel\\lumen-framework\\src\\Routing\\Pipeline.php(30): Illuminate\\Pipeline\\Pipeline->Illuminate\\Pipeline\\{closure}(Object(Laravel\\Lumen\\Http\\Request))
#18 D:\\siavash\\server\\vendor\\illuminate\\pipeline\\Pipeline.php(103): Laravel\\Lumen\\Routing\\Pipeline->Laravel\\Lumen\\Routing\\{closure}(Object(Laravel\\Lumen\\Http\\Request))
#19 D:\\siavash\\server\\vendor\\laravel\\lumen-framework\\src\\Concerns\\RoutesRequests.php(423): Illuminate\\Pipeline\\Pipeline->then(Object(Closure))
#20 D:\\siavash\\server\\vendor\\laravel\\lumen-framework\\src\\Concerns\\RoutesRequests.php(172): Laravel\\Lumen\\Application->sendThroughPipeline(Array, Object(Closure))
#21 D:\\siavash\\server\\vendor\\laravel\\lumen-framework\\src\\Concerns\\RoutesRequests.php(109): Laravel\\Lumen\\Application->dispatch(NULL)
#22 D:\\siavash\\server\\public\\index.php(29): Laravel\\Lumen\\Application->run()
#23 {main}

[previous exception] [object] (ErrorException(code: 0): syntax error, unexpected '}', expecting ')' (View: D:\\siavash\\server\esources\\views\\layouts\\app.blade.php) at D:\\siavash\\server\\storage\\framework\\views\\bb900702ef517810914374ced523eabc11994d1a.php:62)
[stacktrace]
#0 D:\\siavash\\server\\vendor\\illuminate\\view\\Engines\\PhpEngine.php(60): Illuminate\\View\\Engines\\CompilerEngine->handleViewException(Object(ParseError), 2)
#1 D:\\siavash\\server\\vendor\\illuminate\\view\\Engines\\CompilerEngine.php(61): Illuminate\\View\\Engines\\PhpEngine->evaluatePath('D:\\\\siavash\\\\serv...', Array)
#2 D:\\siavash\\server\\vendor\\illuminate\\view\\View.php(139): Illuminate\\View\\Engines\\CompilerEngine->get('D:\\\\siavash\\\\serv...', Array)
#3 D:\\siavash\\server\\vendor\\illuminate\\view\\View.php(122): Illuminate\\View\\View->getContents()
#4 D:\\siavash\\server\\vendor\\illuminate\\view\\View.php(91): Illuminate\\View\\View->renderContents()
#5 D:\\siavash\\server\\storage\\framework\\views\\c92fe9129d283014b2a1854efd1b02e15ad17e0f.php(23): Illuminate\\View\\View->render()
#6 D:\\siavash\\server\\vendor\\illuminate\\filesystem\\Filesystem.php(107): require('D:\\\\siavash\\\\serv...')
#7 D:\\siavash\\server\\vendor\\illuminate\\filesystem\\Filesystem.php(108): Illuminate\\Filesystem\\Filesystem::Illuminate\\Filesystem\\{closure}()
#8 D:\\siavash\\server\\vendor\\illuminate\\view\\Engines\\PhpEngine.php(58): Illuminate\\Filesystem\\Filesystem->getRequire('D:\\\\siavash\\\\serv...', Array)
#9 D:\\siavash\\server\\vendor\\illuminate\\view\\Engines\\CompilerEngine.php(61): Illuminate\\View\\Engines\\PhpEngine->evaluatePath('D:\\\\siavash\\\\serv...', Array)
#10 D:\\siavash\\server\\vendor\\illuminate\\view\\View.php(139): Illuminate\\View\\Engines\\CompilerEngine->get('D:\\\\siavash\\\\serv...', Array)
#11 D:\\siavash\\server\\vendor\\illuminate\\view\\View.php(122): Illuminate\\View\\View->getContents()
#12 D:\\siavash\\server\\vendor\\illuminate\\view\\View.php(91): Illuminate\\View\\View->renderContents()
#13 D:\\siavash\\server\\vendor\\illuminate\\http\\Response.php(62): Illuminate\\View\\View->render()
#14 D:\\siavash\\server\\vendor\\illuminate\\http\\Response.php(34): Illuminate\\Http\\Response->setContent(Object(Illuminate\\View\\View))
#15 D:\\siavash\\server\\vendor\\laravel\\lumen-framework\\src\\Concerns\\RoutesRequests.php(446): Illuminate\\Http\\Response->__construct(Object(Illuminate\\View\\View))
#16 D:\\siavash\\server\\vendor\\laravel\\lumen-framework\\src\\Concerns\\RoutesRequests.php(386): Laravel\\Lumen\\Application->prepareResponse(Object(Illuminate\\View\\View))
#17 D:\\siavash\\server\\vendor\\laravel\\lumen-framework\\src\\Concerns\\RoutesRequests.php(352): Laravel\\Lumen\\Application->callControllerCallable(Array, Array)
#18 D:\\siavash\\server\\vendor\\laravel\\lumen-framework\\src\\Concerns\\RoutesRequests.php(326): Laravel\\Lumen\\Application->callLumenController(Object(App\\Http\\Controllers\\HomeController), 'index', Array)
#19 D:\\siavash\\server\\vendor\\laravel\\lumen-framework\\src\\Concerns\\RoutesRequests.php(279): Laravel\\Lumen\\Application->callControllerAction(Array)
#20 D:\\siavash\\server\\vendor\\laravel\\lumen-framework\\src\\Concerns\\RoutesRequests.php(264): Laravel\\Lumen\\Application->callActionOnArrayBasedRoute(Array)
#21 D:\\siavash\\server\\vendor\\laravel\\lumen-framework\\src\\Concerns\\RoutesRequests.php(166): Laravel\\Lumen\\Application->handleFoundRoute(Array)
#22 D:\\siavash\\server\\vendor\\laravel\\lumen-framework\\src\\Routing\\Pipeline.php(48): Laravel\\Lumen\\Application->Laravel\\Lumen\\Concerns\\{closure}(Object(Laravel\\Lumen\\Http\\Request))
#23 D:\\siavash\\server\\app\\Http\\Middleware\\CorsMiddleware.php(30): Laravel\\Lumen\\Routing\\Pipeline->Laravel\\Lumen\\Routing\\{closure}(Object(Laravel\\Lumen\\Http\\Request))
#24 D:\\siavash\\server\\vendor\\illuminate\\pipeline\\Pipeline.php(167): App\\Http\\Middleware\\CorsMiddleware->handle(Object(Laravel\\Lumen\\Http\\Request), Object(Closure))
#25 D:\\siavash\\server\\vendor\\laravel\\lumen-framework\\src\\Routing\\Pipeline.php(30): Illuminate\\Pipeline\\Pipeline->Illuminate\\Pipeline\\{closure}(Object(Laravel\\Lumen\\Http\\Request))
#26 D:\\siavash\\server\\vendor\\illuminate\\pipeline\\Pipeline.php(103): Laravel\\Lumen\\Routing\\Pipeline->Laravel\\Lumen\\Routing\\{closure}(Object(Laravel\\Lumen\\Http\\Request))
#27 D:\\siavash\\server\\vendor\\laravel\\lumen-framework\\src\\Concerns\\RoutesRequests.php(423): Illuminate\\Pipeline\\Pipeline->then(Object(Closure))
#28 D:\\siavash\\server\\vendor\\laravel\\lumen-framework\\src\\Concerns\\RoutesRequests.php(172): Laravel\\Lumen\\Application->sendThroughPipeline(Array, Object(Closure))
#29 D:\\siavash\\server\\vendor\\laravel\\lumen-framework\\src\\Concerns\\RoutesRequests.php(109): Laravel\\Lumen\\Application->dispatch(NULL)
#30 D:\\siavash\\server\\public\\index.php(29): Laravel\\Lumen\\Application->run()
#31 {main}

[previous exception] [object] (ParseError(code: 0): syntax error, unexpected '}', expecting ')' at D:\\siavash\\server\\storage\\framework\\views\\bb900702ef517810914374ced523eabc11994d1a.php:62)
[stacktrace]
#0 D:\\siavash\\server\\vendor\\illuminate\\filesystem\\Filesystem.php(108): Illuminate\\Filesystem\\Filesystem::Illuminate\\Filesystem\\{closure}()
#1 D:\\siavash\\server\\vendor\\illuminate\\view\\Engines\\PhpEngine.php(58): Illuminate\\Filesystem\\Filesystem->getRequire('D:\\\\siavash\\\\serv...', Array)
#2 D:\\siavash\\server\\vendor\\illuminate\\view\\Engines\\CompilerEngine.php(61): Illuminate\\View\\Engines\\PhpEngine->evaluatePath('D:\\\\siavash\\\\serv...', Array)
#3 D:\\siavash\\server\\vendor\\illuminate\\view\\View.php(139): Illuminate\\View\\Engines\\CompilerEngine->get('D:\\\\siavash\\\\serv...', Array)
#4 D:\\siavash\\server\\vendor\\illuminate\\view\\View.php(122): Illuminate\\View\\View->getContents()
#5 D:\\siavash\\server\\vendor\\illuminate\\view\\View.php(91): Illuminate\\View\\View->renderContents()
#6 D:\\siavash\\server\\storage\\framework\\views\\c92fe9129d283014b2a1854efd1b02e15ad17e0f.php(23): Illuminate\\View\\View->render()
#7 D:\\siavash\\server\\vendor\\illuminate\\filesystem\\Filesystem.php(107): require('D:\\\\siavash\\\\serv...')
#8 D:\\siavash\\server\\vendor\\illuminate\\filesystem\\Filesystem.php(108): Illuminate\\Filesystem\\Filesystem::Illuminate\\Filesystem\\{closure}()
#9 D:\\siavash\\server\\vendor\\illuminate\\view\\Engines\\PhpEngine.php(58): Illuminate\\Filesystem\\Filesystem->getRequire('D:\\\\siavash\\\\serv...', Array)
#10 D:\\siavash\\server\\vendor\\illuminate\\view\\Engines\\CompilerEngine.php(61): Illuminate\\View\\Engines\\PhpEngine->evaluatePath('D:\\\\siavash\\\\serv...', Array)
#11 D:\\siavash\\server\\vendor\\illuminate\\view\\View.php(139): Illuminate\\View\\Engines\\CompilerEngine->get('D:\\\\siavash\\\\serv...', Array)
#12 D:\\siavash\\server\\vendor\\illuminate\\view\\View.php(122): Illuminate\\View\\View->getContents()
#13 D:\\siavash\\server\\vendor\\illuminate\\view\\View.php(91): Illuminate\\View\\View->renderContents()
#14 D:\\siavash\\server\\vendor\\illuminate\\http\\Response.php(62): Illuminate\\View\\View->render()
#15 D:\\siavash\\server\\vendor\\illuminate\\http\\Response.php(34): Illuminate\\Http\\Response->setContent(Object(Illuminate\\View\\View))
#16 D:\\siavash\\server\\vendor\\laravel\\lumen-framework\\src\\Concerns\\RoutesRequests.php(446): Illuminate\\Http\\Response->__construct(Object(Illuminate\\View\\View))
#17 D:\\siavash\\server\\vendor\\laravel\\lumen-framework\\src\\Concerns\\RoutesRequests.php(386): Laravel\\Lumen\\Application->prepareResponse(Object(Illuminate\\View\\View))
#18 D:\\siavash\\server\\vendor\\laravel\\lumen-framework\\src\\Concerns\\RoutesRequests.php(352): Laravel\\Lumen\\Application->callControllerCallable(Array, Array)
#19 D:\\siavash\\server\\vendor\\laravel\\lumen-framework\\src\\Concerns\\RoutesRequests.php(326): Laravel\\Lumen\\Application->callLumenController(Object(App\\Http\\Controllers\\HomeController), 'index', Array)
#20 D:\\siavash\\server\\vendor\\laravel\\lumen-framework\\src\\Concerns\\RoutesRequests.php(279): Laravel\\Lumen\\Application->callControllerAction(Array)
#21 D:\\siavash\\server\\vendor\\laravel\\lumen-framework\\src\\Concerns\\RoutesRequests.php(264): Laravel\\Lumen\\Application->callActionOnArrayBasedRoute(Array)
#22 D:\\siavash\\server\\vendor\\laravel\\lumen-framework\\src\\Concerns\\RoutesRequests.php(166): Laravel\\Lumen\\Application->handleFoundRoute(Array)
#23 D:\\siavash\\server\\vendor\\laravel\\lumen-framework\\src\\Routing\\Pipeline.php(48): Laravel\\Lumen\\Application->Laravel\\Lumen\\Concerns\\{closure}(Object(Laravel\\Lumen\\Http\\Request))
#24 D:\\siavash\\server\\app\\Http\\Middleware\\CorsMiddleware.php(30): Laravel\\Lumen\\Routing\\Pipeline->Laravel\\Lumen\\Routing\\{closure}(Object(Laravel\\Lumen\\Http\\Request))
#25 D:\\siavash\\server\\vendor\\illuminate\\pipeline\\Pipeline.php(167): App\\Http\\Middleware\\CorsMiddleware->handle(Object(Laravel\\Lumen\\Http\\Request), Object(Closure))
#26 D:\\siavash\\server\\vendor\\laravel\\lumen-framework\\src\\Routing\\Pipeline.php(30): Illuminate\\Pipeline\\Pipeline->Illuminate\\Pipeline\\{closure}(Object(Laravel\\Lumen\\Http\\Request))
#27 D:\\siavash\\server\\vendor\\illuminate\\pipeline\\Pipeline.php(103): Laravel\\Lumen\\Routing\\Pipeline->Laravel\\Lumen\\Routing\\{closure}(Object(Laravel\\Lumen\\Http\\Request))
#28 D:\\siavash\\server\\vendor\\laravel\\lumen-framework\\src\\Concerns\\RoutesRequests.php(423): Illuminate\\Pipeline\\Pipeline->then(Object(Closure))
#29 D:\\siavash\\server\\vendor\\laravel\\lumen-framework\\src\\Concerns\\RoutesRequests.php(172): Laravel\\Lumen\\Application->sendThroughPipeline(Array, Object(Closure))
#30 D:\\siavash\\server\\vendor\\laravel\\lumen-framework\\src\\Concerns\\RoutesRequests.php(109): Laravel\\Lumen\\Application->dispatch(NULL)
#31 D:\\siavash\\server\\public\\index.php(29): Laravel\\Lumen\\Application->run()
#32 {main}
"} 
[2021-04-25 09:25:05] local.ERROR: Undefined property: stdClass::$lang (View: D:\siavash\server\resources\views\layouts\app.blade.php) (View: D:\siavash\server\resources\views\layouts\app.blade.php) {"exception":"[object] (ErrorException(code: 0): Undefined property: stdClass::$lang (View: D:\\siavash\\server\esources\\views\\layouts\\app.blade.php) (View: D:\\siavash\\server\esources\\views\\layouts\\app.blade.php) at D:\\siavash\\server\\storage\\framework\\views\\bb900702ef517810914374ced523eabc11994d1a.php:62)
[stacktrace]
#0 D:\\siavash\\server\\vendor\\illuminate\\view\\Engines\\PhpEngine.php(60): Illuminate\\View\\Engines\\CompilerEngine->handleViewException(Object(ErrorException), 1)
#1 D:\\siavash\\server\\vendor\\illuminate\\view\\Engines\\CompilerEngine.php(61): Illuminate\\View\\Engines\\PhpEngine->evaluatePath('D:\\\\siavash\\\\serv...', Array)
#2 D:\\siavash\\server\\vendor\\illuminate\\view\\View.php(139): Illuminate\\View\\Engines\\CompilerEngine->get('D:\\\\siavash\\\\serv...', Array)
#3 D:\\siavash\\server\\vendor\\illuminate\\view\\View.php(122): Illuminate\\View\\View->getContents()
#4 D:\\siavash\\server\\vendor\\illuminate\\view\\View.php(91): Illuminate\\View\\View->renderContents()
#5 D:\\siavash\\server\\vendor\\illuminate\\http\\Response.php(62): Illuminate\\View\\View->render()
#6 D:\\siavash\\server\\vendor\\illuminate\\http\\Response.php(34): Illuminate\\Http\\Response->setContent(Object(Illuminate\\View\\View))
#7 D:\\siavash\\server\\vendor\\laravel\\lumen-framework\\src\\Concerns\\RoutesRequests.php(446): Illuminate\\Http\\Response->__construct(Object(Illuminate\\View\\View))
#8 D:\\siavash\\server\\vendor\\laravel\\lumen-framework\\src\\Concerns\\RoutesRequests.php(386): Laravel\\Lumen\\Application->prepareResponse(Object(Illuminate\\View\\View))
#9 D:\\siavash\\server\\vendor\\laravel\\lumen-framework\\src\\Concerns\\RoutesRequests.php(352): Laravel\\Lumen\\Application->callControllerCallable(Array, Array)
#10 D:\\siavash\\server\\vendor\\laravel\\lumen-framework\\src\\Concerns\\RoutesRequests.php(326): Laravel\\Lumen\\Application->callLumenController(Object(App\\Http\\Controllers\\HomeController), 'index', Array)
#11 D:\\siavash\\server\\vendor\\laravel\\lumen-framework\\src\\Concerns\\RoutesRequests.php(279): Laravel\\Lumen\\Application->callControllerAction(Array)
#12 D:\\siavash\\server\\vendor\\laravel\\lumen-framework\\src\\Concerns\\RoutesRequests.php(264): Laravel\\Lumen\\Application->callActionOnArrayBasedRoute(Array)
#13 D:\\siavash\\server\\vendor\\laravel\\lumen-framework\\src\\Concerns\\RoutesRequests.php(166): Laravel\\Lumen\\Application->handleFoundRoute(Array)
#14 D:\\siavash\\server\\vendor\\laravel\\lumen-framework\\src\\Routing\\Pipeline.php(48): Laravel\\Lumen\\Application->Laravel\\Lumen\\Concerns\\{closure}(Object(Laravel\\Lumen\\Http\\Request))
#15 D:\\siavash\\server\\app\\Http\\Middleware\\CorsMiddleware.php(30): Laravel\\Lumen\\Routing\\Pipeline->Laravel\\Lumen\\Routing\\{closure}(Object(Laravel\\Lumen\\Http\\Request))
#16 D:\\siavash\\server\\vendor\\illuminate\\pipeline\\Pipeline.php(167): App\\Http\\Middleware\\CorsMiddleware->handle(Object(Laravel\\Lumen\\Http\\Request), Object(Closure))
#17 D:\\siavash\\server\\vendor\\laravel\\lumen-framework\\src\\Routing\\Pipeline.php(30): Illuminate\\Pipeline\\Pipeline->Illuminate\\Pipeline\\{closure}(Object(Laravel\\Lumen\\Http\\Request))
#18 D:\\siavash\\server\\vendor\\illuminate\\pipeline\\Pipeline.php(103): Laravel\\Lumen\\Routing\\Pipeline->Laravel\\Lumen\\Routing\\{closure}(Object(Laravel\\Lumen\\Http\\Request))
#19 D:\\siavash\\server\\vendor\\laravel\\lumen-framework\\src\\Concerns\\RoutesRequests.php(423): Illuminate\\Pipeline\\Pipeline->then(Object(Closure))
#20 D:\\siavash\\server\\vendor\\laravel\\lumen-framework\\src\\Concerns\\RoutesRequests.php(172): Laravel\\Lumen\\Application->sendThroughPipeline(Array, Object(Closure))
#21 D:\\siavash\\server\\vendor\\laravel\\lumen-framework\\src\\Concerns\\RoutesRequests.php(109): Laravel\\Lumen\\Application->dispatch(NULL)
#22 D:\\siavash\\server\\public\\index.php(29): Laravel\\Lumen\\Application->run()
#23 {main}

[previous exception] [object] (ErrorException(code: 0): Undefined property: stdClass::$lang (View: D:\\siavash\\server\esources\\views\\layouts\\app.blade.php) at D:\\siavash\\server\\storage\\framework\\views\\bb900702ef517810914374ced523eabc11994d1a.php:62)
[stacktrace]
#0 D:\\siavash\\server\\vendor\\illuminate\\view\\Engines\\PhpEngine.php(60): Illuminate\\View\\Engines\\CompilerEngine->handleViewException(Object(ErrorException), 2)
#1 D:\\siavash\\server\\vendor\\illuminate\\view\\Engines\\CompilerEngine.php(61): Illuminate\\View\\Engines\\PhpEngine->evaluatePath('D:\\\\siavash\\\\serv...', Array)
#2 D:\\siavash\\server\\vendor\\illuminate\\view\\View.php(139): Illuminate\\View\\Engines\\CompilerEngine->get('D:\\\\siavash\\\\serv...', Array)
#3 D:\\siavash\\server\\vendor\\illuminate\\view\\View.php(122): Illuminate\\View\\View->getContents()
#4 D:\\siavash\\server\\vendor\\illuminate\\view\\View.php(91): Illuminate\\View\\View->renderContents()
#5 D:\\siavash\\server\\storage\\framework\\views\\c92fe9129d283014b2a1854efd1b02e15ad17e0f.php(23): Illuminate\\View\\View->render()
#6 D:\\siavash\\server\\vendor\\illuminate\\filesystem\\Filesystem.php(107): require('D:\\\\siavash\\\\serv...')
#7 D:\\siavash\\server\\vendor\\illuminate\\filesystem\\Filesystem.php(108): Illuminate\\Filesystem\\Filesystem::Illuminate\\Filesystem\\{closure}()
#8 D:\\siavash\\server\\vendor\\illuminate\\view\\Engines\\PhpEngine.php(58): Illuminate\\Filesystem\\Filesystem->getRequire('D:\\\\siavash\\\\serv...', Array)
#9 D:\\siavash\\server\\vendor\\illuminate\\view\\Engines\\CompilerEngine.php(61): Illuminate\\View\\Engines\\PhpEngine->evaluatePath('D:\\\\siavash\\\\serv...', Array)
#10 D:\\siavash\\server\\vendor\\illuminate\\view\\View.php(139): Illuminate\\View\\Engines\\CompilerEngine->get('D:\\\\siavash\\\\serv...', Array)
#11 D:\\siavash\\server\\vendor\\illuminate\\view\\View.php(122): Illuminate\\View\\View->getContents()
#12 D:\\siavash\\server\\vendor\\illuminate\\view\\View.php(91): Illuminate\\View\\View->renderContents()
#13 D:\\siavash\\server\\vendor\\illuminate\\http\\Response.php(62): Illuminate\\View\\View->render()
#14 D:\\siavash\\server\\vendor\\illuminate\\http\\Response.php(34): Illuminate\\Http\\Response->setContent(Object(Illuminate\\View\\View))
#15 D:\\siavash\\server\\vendor\\laravel\\lumen-framework\\src\\Concerns\\RoutesRequests.php(446): Illuminate\\Http\\Response->__construct(Object(Illuminate\\View\\View))
#16 D:\\siavash\\server\\vendor\\laravel\\lumen-framework\\src\\Concerns\\RoutesRequests.php(386): Laravel\\Lumen\\Application->prepareResponse(Object(Illuminate\\View\\View))
#17 D:\\siavash\\server\\vendor\\laravel\\lumen-framework\\src\\Concerns\\RoutesRequests.php(352): Laravel\\Lumen\\Application->callControllerCallable(Array, Array)
#18 D:\\siavash\\server\\vendor\\laravel\\lumen-framework\\src\\Concerns\\RoutesRequests.php(326): Laravel\\Lumen\\Application->callLumenController(Object(App\\Http\\Controllers\\HomeController), 'index', Array)
#19 D:\\siavash\\server\\vendor\\laravel\\lumen-framework\\src\\Concerns\\RoutesRequests.php(279): Laravel\\Lumen\\Application->callControllerAction(Array)
#20 D:\\siavash\\server\\vendor\\laravel\\lumen-framework\\src\\Concerns\\RoutesRequests.php(264): Laravel\\Lumen\\Application->callActionOnArrayBasedRoute(Array)
#21 D:\\siavash\\server\\vendor\\laravel\\lumen-framework\\src\\Concerns\\RoutesRequests.php(166): Laravel\\Lumen\\Application->handleFoundRoute(Array)
#22 D:\\siavash\\server\\vendor\\laravel\\lumen-framework\\src\\Routing\\Pipeline.php(48): Laravel\\Lumen\\Application->Laravel\\Lumen\\Concerns\\{closure}(Object(Laravel\\Lumen\\Http\\Request))
#23 D:\\siavash\\server\\app\\Http\\Middleware\\CorsMiddleware.php(30): Laravel\\Lumen\\Routing\\Pipeline->Laravel\\Lumen\\Routing\\{closure}(Object(Laravel\\Lumen\\Http\\Request))
#24 D:\\siavash\\server\\vendor\\illuminate\\pipeline\\Pipeline.php(167): App\\Http\\Middleware\\CorsMiddleware->handle(Object(Laravel\\Lumen\\Http\\Request), Object(Closure))
#25 D:\\siavash\\server\\vendor\\laravel\\lumen-framework\\src\\Routing\\Pipeline.php(30): Illuminate\\Pipeline\\Pipeline->Illuminate\\Pipeline\\{closure}(Object(Laravel\\Lumen\\Http\\Request))
#26 D:\\siavash\\server\\vendor\\illuminate\\pipeline\\Pipeline.php(103): Laravel\\Lumen\\Routing\\Pipeline->Laravel\\Lumen\\Routing\\{closure}(Object(Laravel\\Lumen\\Http\\Request))
#27 D:\\siavash\\server\\vendor\\laravel\\lumen-framework\\src\\Concerns\\RoutesRequests.php(423): Illuminate\\Pipeline\\Pipeline->then(Object(Closure))
#28 D:\\siavash\\server\\vendor\\laravel\\lumen-framework\\src\\Concerns\\RoutesRequests.php(172): Laravel\\Lumen\\Application->sendThroughPipeline(Array, Object(Closure))
#29 D:\\siavash\\server\\vendor\\laravel\\lumen-framework\\src\\Concerns\\RoutesRequests.php(109): Laravel\\Lumen\\Application->dispatch(NULL)
#30 D:\\siavash\\server\\public\\index.php(29): Laravel\\Lumen\\Application->run()
#31 {main}

[previous exception] [object] (ErrorException(code: 0): Undefined property: stdClass::$lang at D:\\siavash\\server\\storage\\framework\\views\\bb900702ef517810914374ced523eabc11994d1a.php:62)
[stacktrace]
#0 D:\\siavash\\server\\storage\\framework\\views\\bb900702ef517810914374ced523eabc11994d1a.php(62): Laravel\\Lumen\\Application->Laravel\\Lumen\\Concerns\\{closure}(8, 'Undefined prope...', 'D:\\\\siavash\\\\serv...', 62, Array)
#1 D:\\siavash\\server\\vendor\\illuminate\\filesystem\\Filesystem.php(107): require('D:\\\\siavash\\\\serv...')
#2 D:\\siavash\\server\\vendor\\illuminate\\filesystem\\Filesystem.php(108): Illuminate\\Filesystem\\Filesystem::Illuminate\\Filesystem\\{closure}()
#3 D:\\siavash\\server\\vendor\\illuminate\\view\\Engines\\PhpEngine.php(58): Illuminate\\Filesystem\\Filesystem->getRequire('D:\\\\siavash\\\\serv...', Array)
#4 D:\\siavash\\server\\vendor\\illuminate\\view\\Engines\\CompilerEngine.php(61): Illuminate\\View\\Engines\\PhpEngine->evaluatePath('D:\\\\siavash\\\\serv...', Array)
#5 D:\\siavash\\server\\vendor\\illuminate\\view\\View.php(139): Illuminate\\View\\Engines\\CompilerEngine->get('D:\\\\siavash\\\\serv...', Array)
#6 D:\\siavash\\server\\vendor\\illuminate\\view\\View.php(122): Illuminate\\View\\View->getContents()
#7 D:\\siavash\\server\\vendor\\illuminate\\view\\View.php(91): Illuminate\\View\\View->renderContents()
#8 D:\\siavash\\server\\storage\\framework\\views\\c92fe9129d283014b2a1854efd1b02e15ad17e0f.php(23): Illuminate\\View\\View->render()
#9 D:\\siavash\\server\\vendor\\illuminate\\filesystem\\Filesystem.php(107): require('D:\\\\siavash\\\\serv...')
#10 D:\\siavash\\server\\vendor\\illuminate\\filesystem\\Filesystem.php(108): Illuminate\\Filesystem\\Filesystem::Illuminate\\Filesystem\\{closure}()
#11 D:\\siavash\\server\\vendor\\illuminate\\view\\Engines\\PhpEngine.php(58): Illuminate\\Filesystem\\Filesystem->getRequire('D:\\\\siavash\\\\serv...', Array)
#12 D:\\siavash\\server\\vendor\\illuminate\\view\\Engines\\CompilerEngine.php(61): Illuminate\\View\\Engines\\PhpEngine->evaluatePath('D:\\\\siavash\\\\serv...', Array)
#13 D:\\siavash\\server\\vendor\\illuminate\\view\\View.php(139): Illuminate\\View\\Engines\\CompilerEngine->get('D:\\\\siavash\\\\serv...', Array)
#14 D:\\siavash\\server\\vendor\\illuminate\\view\\View.php(122): Illuminate\\View\\View->getContents()
#15 D:\\siavash\\server\\vendor\\illuminate\\view\\View.php(91): Illuminate\\View\\View->renderContents()
#16 D:\\siavash\\server\\vendor\\illuminate\\http\\Response.php(62): Illuminate\\View\\View->render()
#17 D:\\siavash\\server\\vendor\\illuminate\\http\\Response.php(34): Illuminate\\Http\\Response->setContent(Object(Illuminate\\View\\View))
#18 D:\\siavash\\server\\vendor\\laravel\\lumen-framework\\src\\Concerns\\RoutesRequests.php(446): Illuminate\\Http\\Response->__construct(Object(Illuminate\\View\\View))
#19 D:\\siavash\\server\\vendor\\laravel\\lumen-framework\\src\\Concerns\\RoutesRequests.php(386): Laravel\\Lumen\\Application->prepareResponse(Object(Illuminate\\View\\View))
#20 D:\\siavash\\server\\vendor\\laravel\\lumen-framework\\src\\Concerns\\RoutesRequests.php(352): Laravel\\Lumen\\Application->callControllerCallable(Array, Array)
#21 D:\\siavash\\server\\vendor\\laravel\\lumen-framework\\src\\Concerns\\RoutesRequests.php(326): Laravel\\Lumen\\Application->callLumenController(Object(App\\Http\\Controllers\\HomeController), 'index', Array)
#22 D:\\siavash\\server\\vendor\\laravel\\lumen-framework\\src\\Concerns\\RoutesRequests.php(279): Laravel\\Lumen\\Application->callControllerAction(Array)
#23 D:\\siavash\\server\\vendor\\laravel\\lumen-framework\\src\\Concerns\\RoutesRequests.php(264): Laravel\\Lumen\\Application->callActionOnArrayBasedRoute(Array)
#24 D:\\siavash\\server\\vendor\\laravel\\lumen-framework\\src\\Concerns\\RoutesRequests.php(166): Laravel\\Lumen\\Application->handleFoundRoute(Array)
#25 D:\\siavash\\server\\vendor\\laravel\\lumen-framework\\src\\Routing\\Pipeline.php(48): Laravel\\Lumen\\Application->Laravel\\Lumen\\Concerns\\{closure}(Object(Laravel\\Lumen\\Http\\Request))
#26 D:\\siavash\\server\\app\\Http\\Middleware\\CorsMiddleware.php(30): Laravel\\Lumen\\Routing\\Pipeline->Laravel\\Lumen\\Routing\\{closure}(Object(Laravel\\Lumen\\Http\\Request))
#27 D:\\siavash\\server\\vendor\\illuminate\\pipeline\\Pipeline.php(167): App\\Http\\Middleware\\CorsMiddleware->handle(Object(Laravel\\Lumen\\Http\\Request), Object(Closure))
#28 D:\\siavash\\server\\vendor\\laravel\\lumen-framework\\src\\Routing\\Pipeline.php(30): Illuminate\\Pipeline\\Pipeline->Illuminate\\Pipeline\\{closure}(Object(Laravel\\Lumen\\Http\\Request))
#29 D:\\siavash\\server\\vendor\\illuminate\\pipeline\\Pipeline.php(103): Laravel\\Lumen\\Routing\\Pipeline->Laravel\\Lumen\\Routing\\{closure}(Object(Laravel\\Lumen\\Http\\Request))
#30 D:\\siavash\\server\\vendor\\laravel\\lumen-framework\\src\\Concerns\\RoutesRequests.php(423): Illuminate\\Pipeline\\Pipeline->then(Object(Closure))
#31 D:\\siavash\\server\\vendor\\laravel\\lumen-framework\\src\\Concerns\\RoutesRequests.php(172): Laravel\\Lumen\\Application->sendThroughPipeline(Array, Object(Closure))
#32 D:\\siavash\\server\\vendor\\laravel\\lumen-framework\\src\\Concerns\\RoutesRequests.php(109): Laravel\\Lumen\\Application->dispatch(NULL)
#33 D:\\siavash\\server\\public\\index.php(29): Laravel\\Lumen\\Application->run()
#34 {main}
"} 
[2021-04-25 09:25:08] local.ERROR: Undefined property: stdClass::$lang (View: D:\siavash\server\resources\views\layouts\app.blade.php) (View: D:\siavash\server\resources\views\layouts\app.blade.php) {"exception":"[object] (ErrorException(code: 0): Undefined property: stdClass::$lang (View: D:\\siavash\\server\esources\\views\\layouts\\app.blade.php) (View: D:\\siavash\\server\esources\\views\\layouts\\app.blade.php) at D:\\siavash\\server\\storage\\framework\\views\\bb900702ef517810914374ced523eabc11994d1a.php:62)
[stacktrace]
#0 D:\\siavash\\server\\vendor\\illuminate\\view\\Engines\\PhpEngine.php(60): Illuminate\\View\\Engines\\CompilerEngine->handleViewException(Object(ErrorException), 1)
#1 D:\\siavash\\server\\vendor\\illuminate\\view\\Engines\\CompilerEngine.php(61): Illuminate\\View\\Engines\\PhpEngine->evaluatePath('D:\\\\siavash\\\\serv...', Array)
#2 D:\\siavash\\server\\vendor\\illuminate\\view\\View.php(139): Illuminate\\View\\Engines\\CompilerEngine->get('D:\\\\siavash\\\\serv...', Array)
#3 D:\\siavash\\server\\vendor\\illuminate\\view\\View.php(122): Illuminate\\View\\View->getContents()
#4 D:\\siavash\\server\\vendor\\illuminate\\view\\View.php(91): Illuminate\\View\\View->renderContents()
#5 D:\\siavash\\server\\vendor\\illuminate\\http\\Response.php(62): Illuminate\\View\\View->render()
#6 D:\\siavash\\server\\vendor\\illuminate\\http\\Response.php(34): Illuminate\\Http\\Response->setContent(Object(Illuminate\\View\\View))
#7 D:\\siavash\\server\\vendor\\laravel\\lumen-framework\\src\\Concerns\\RoutesRequests.php(446): Illuminate\\Http\\Response->__construct(Object(Illuminate\\View\\View))
#8 D:\\siavash\\server\\vendor\\laravel\\lumen-framework\\src\\Concerns\\RoutesRequests.php(386): Laravel\\Lumen\\Application->prepareResponse(Object(Illuminate\\View\\View))
#9 D:\\siavash\\server\\vendor\\laravel\\lumen-framework\\src\\Concerns\\RoutesRequests.php(352): Laravel\\Lumen\\Application->callControllerCallable(Array, Array)
#10 D:\\siavash\\server\\vendor\\laravel\\lumen-framework\\src\\Concerns\\RoutesRequests.php(326): Laravel\\Lumen\\Application->callLumenController(Object(App\\Http\\Controllers\\HomeController), 'index', Array)
#11 D:\\siavash\\server\\vendor\\laravel\\lumen-framework\\src\\Concerns\\RoutesRequests.php(279): Laravel\\Lumen\\Application->callControllerAction(Array)
#12 D:\\siavash\\server\\vendor\\laravel\\lumen-framework\\src\\Concerns\\RoutesRequests.php(264): Laravel\\Lumen\\Application->callActionOnArrayBasedRoute(Array)
#13 D:\\siavash\\server\\vendor\\laravel\\lumen-framework\\src\\Concerns\\RoutesRequests.php(166): Laravel\\Lumen\\Application->handleFoundRoute(Array)
#14 D:\\siavash\\server\\vendor\\laravel\\lumen-framework\\src\\Routing\\Pipeline.php(48): Laravel\\Lumen\\Application->Laravel\\Lumen\\Concerns\\{closure}(Object(Laravel\\Lumen\\Http\\Request))
#15 D:\\siavash\\server\\app\\Http\\Middleware\\CorsMiddleware.php(30): Laravel\\Lumen\\Routing\\Pipeline->Laravel\\Lumen\\Routing\\{closure}(Object(Laravel\\Lumen\\Http\\Request))
#16 D:\\siavash\\server\\vendor\\illuminate\\pipeline\\Pipeline.php(167): App\\Http\\Middleware\\CorsMiddleware->handle(Object(Laravel\\Lumen\\Http\\Request), Object(Closure))
#17 D:\\siavash\\server\\vendor\\laravel\\lumen-framework\\src\\Routing\\Pipeline.php(30): Illuminate\\Pipeline\\Pipeline->Illuminate\\Pipeline\\{closure}(Object(Laravel\\Lumen\\Http\\Request))
#18 D:\\siavash\\server\\vendor\\illuminate\\pipeline\\Pipeline.php(103): Laravel\\Lumen\\Routing\\Pipeline->Laravel\\Lumen\\Routing\\{closure}(Object(Laravel\\Lumen\\Http\\Request))
#19 D:\\siavash\\server\\vendor\\laravel\\lumen-framework\\src\\Concerns\\RoutesRequests.php(423): Illuminate\\Pipeline\\Pipeline->then(Object(Closure))
#20 D:\\siavash\\server\\vendor\\laravel\\lumen-framework\\src\\Concerns\\RoutesRequests.php(172): Laravel\\Lumen\\Application->sendThroughPipeline(Array, Object(Closure))
#21 D:\\siavash\\server\\vendor\\laravel\\lumen-framework\\src\\Concerns\\RoutesRequests.php(109): Laravel\\Lumen\\Application->dispatch(NULL)
#22 D:\\siavash\\server\\public\\index.php(29): Laravel\\Lumen\\Application->run()
#23 {main}

[previous exception] [object] (ErrorException(code: 0): Undefined property: stdClass::$lang (View: D:\\siavash\\server\esources\\views\\layouts\\app.blade.php) at D:\\siavash\\server\\storage\\framework\\views\\bb900702ef517810914374ced523eabc11994d1a.php:62)
[stacktrace]
#0 D:\\siavash\\server\\vendor\\illuminate\\view\\Engines\\PhpEngine.php(60): Illuminate\\View\\Engines\\CompilerEngine->handleViewException(Object(ErrorException), 2)
#1 D:\\siavash\\server\\vendor\\illuminate\\view\\Engines\\CompilerEngine.php(61): Illuminate\\View\\Engines\\PhpEngine->evaluatePath('D:\\\\siavash\\\\serv...', Array)
#2 D:\\siavash\\server\\vendor\\illuminate\\view\\View.php(139): Illuminate\\View\\Engines\\CompilerEngine->get('D:\\\\siavash\\\\serv...', Array)
#3 D:\\siavash\\server\\vendor\\illuminate\\view\\View.php(122): Illuminate\\View\\View->getContents()
#4 D:\\siavash\\server\\vendor\\illuminate\\view\\View.php(91): Illuminate\\View\\View->renderContents()
#5 D:\\siavash\\server\\storage\\framework\\views\\c92fe9129d283014b2a1854efd1b02e15ad17e0f.php(23): Illuminate\\View\\View->render()
#6 D:\\siavash\\server\\vendor\\illuminate\\filesystem\\Filesystem.php(107): require('D:\\\\siavash\\\\serv...')
#7 D:\\siavash\\server\\vendor\\illuminate\\filesystem\\Filesystem.php(108): Illuminate\\Filesystem\\Filesystem::Illuminate\\Filesystem\\{closure}()
#8 D:\\siavash\\server\\vendor\\illuminate\\view\\Engines\\PhpEngine.php(58): Illuminate\\Filesystem\\Filesystem->getRequire('D:\\\\siavash\\\\serv...', Array)
#9 D:\\siavash\\server\\vendor\\illuminate\\view\\Engines\\CompilerEngine.php(61): Illuminate\\View\\Engines\\PhpEngine->evaluatePath('D:\\\\siavash\\\\serv...', Array)
#10 D:\\siavash\\server\\vendor\\illuminate\\view\\View.php(139): Illuminate\\View\\Engines\\CompilerEngine->get('D:\\\\siavash\\\\serv...', Array)
#11 D:\\siavash\\server\\vendor\\illuminate\\view\\View.php(122): Illuminate\\View\\View->getContents()
#12 D:\\siavash\\server\\vendor\\illuminate\\view\\View.php(91): Illuminate\\View\\View->renderContents()
#13 D:\\siavash\\server\\vendor\\illuminate\\http\\Response.php(62): Illuminate\\View\\View->render()
#14 D:\\siavash\\server\\vendor\\illuminate\\http\\Response.php(34): Illuminate\\Http\\Response->setContent(Object(Illuminate\\View\\View))
#15 D:\\siavash\\server\\vendor\\laravel\\lumen-framework\\src\\Concerns\\RoutesRequests.php(446): Illuminate\\Http\\Response->__construct(Object(Illuminate\\View\\View))
#16 D:\\siavash\\server\\vendor\\laravel\\lumen-framework\\src\\Concerns\\RoutesRequests.php(386): Laravel\\Lumen\\Application->prepareResponse(Object(Illuminate\\View\\View))
#17 D:\\siavash\\server\\vendor\\laravel\\lumen-framework\\src\\Concerns\\RoutesRequests.php(352): Laravel\\Lumen\\Application->callControllerCallable(Array, Array)
#18 D:\\siavash\\server\\vendor\\laravel\\lumen-framework\\src\\Concerns\\RoutesRequests.php(326): Laravel\\Lumen\\Application->callLumenController(Object(App\\Http\\Controllers\\HomeController), 'index', Array)
#19 D:\\siavash\\server\\vendor\\laravel\\lumen-framework\\src\\Concerns\\RoutesRequests.php(279): Laravel\\Lumen\\Application->callControllerAction(Array)
#20 D:\\siavash\\server\\vendor\\laravel\\lumen-framework\\src\\Concerns\\RoutesRequests.php(264): Laravel\\Lumen\\Application->callActionOnArrayBasedRoute(Array)
#21 D:\\siavash\\server\\vendor\\laravel\\lumen-framework\\src\\Concerns\\RoutesRequests.php(166): Laravel\\Lumen\\Application->handleFoundRoute(Array)
#22 D:\\siavash\\server\\vendor\\laravel\\lumen-framework\\src\\Routing\\Pipeline.php(48): Laravel\\Lumen\\Application->Laravel\\Lumen\\Concerns\\{closure}(Object(Laravel\\Lumen\\Http\\Request))
#23 D:\\siavash\\server\\app\\Http\\Middleware\\CorsMiddleware.php(30): Laravel\\Lumen\\Routing\\Pipeline->Laravel\\Lumen\\Routing\\{closure}(Object(Laravel\\Lumen\\Http\\Request))
#24 D:\\siavash\\server\\vendor\\illuminate\\pipeline\\Pipeline.php(167): App\\Http\\Middleware\\CorsMiddleware->handle(Object(Laravel\\Lumen\\Http\\Request), Object(Closure))
#25 D:\\siavash\\server\\vendor\\laravel\\lumen-framework\\src\\Routing\\Pipeline.php(30): Illuminate\\Pipeline\\Pipeline->Illuminate\\Pipeline\\{closure}(Object(Laravel\\Lumen\\Http\\Request))
#26 D:\\siavash\\server\\vendor\\illuminate\\pipeline\\Pipeline.php(103): Laravel\\Lumen\\Routing\\Pipeline->Laravel\\Lumen\\Routing\\{closure}(Object(Laravel\\Lumen\\Http\\Request))
#27 D:\\siavash\\server\\vendor\\laravel\\lumen-framework\\src\\Concerns\\RoutesRequests.php(423): Illuminate\\Pipeline\\Pipeline->then(Object(Closure))
#28 D:\\siavash\\server\\vendor\\laravel\\lumen-framework\\src\\Concerns\\RoutesRequests.php(172): Laravel\\Lumen\\Application->sendThroughPipeline(Array, Object(Closure))
#29 D:\\siavash\\server\\vendor\\laravel\\lumen-framework\\src\\Concerns\\RoutesRequests.php(109): Laravel\\Lumen\\Application->dispatch(NULL)
#30 D:\\siavash\\server\\public\\index.php(29): Laravel\\Lumen\\Application->run()
#31 {main}

[previous exception] [object] (ErrorException(code: 0): Undefined property: stdClass::$lang at D:\\siavash\\server\\storage\\framework\\views\\bb900702ef517810914374ced523eabc11994d1a.php:62)
[stacktrace]
#0 D:\\siavash\\server\\storage\\framework\\views\\bb900702ef517810914374ced523eabc11994d1a.php(62): Laravel\\Lumen\\Application->Laravel\\Lumen\\Concerns\\{closure}(8, 'Undefined prope...', 'D:\\\\siavash\\\\serv...', 62, Array)
#1 D:\\siavash\\server\\vendor\\illuminate\\filesystem\\Filesystem.php(107): require('D:\\\\siavash\\\\serv...')
#2 D:\\siavash\\server\\vendor\\illuminate\\filesystem\\Filesystem.php(108): Illuminate\\Filesystem\\Filesystem::Illuminate\\Filesystem\\{closure}()
#3 D:\\siavash\\server\\vendor\\illuminate\\view\\Engines\\PhpEngine.php(58): Illuminate\\Filesystem\\Filesystem->getRequire('D:\\\\siavash\\\\serv...', Array)
#4 D:\\siavash\\server\\vendor\\illuminate\\view\\Engines\\CompilerEngine.php(61): Illuminate\\View\\Engines\\PhpEngine->evaluatePath('D:\\\\siavash\\\\serv...', Array)
#5 D:\\siavash\\server\\vendor\\illuminate\\view\\View.php(139): Illuminate\\View\\Engines\\CompilerEngine->get('D:\\\\siavash\\\\serv...', Array)
#6 D:\\siavash\\server\\vendor\\illuminate\\view\\View.php(122): Illuminate\\View\\View->getContents()
#7 D:\\siavash\\server\\vendor\\illuminate\\view\\View.php(91): Illuminate\\View\\View->renderContents()
#8 D:\\siavash\\server\\storage\\framework\\views\\c92fe9129d283014b2a1854efd1b02e15ad17e0f.php(23): Illuminate\\View\\View->render()
#9 D:\\siavash\\server\\vendor\\illuminate\\filesystem\\Filesystem.php(107): require('D:\\\\siavash\\\\serv...')
#10 D:\\siavash\\server\\vendor\\illuminate\\filesystem\\Filesystem.php(108): Illuminate\\Filesystem\\Filesystem::Illuminate\\Filesystem\\{closure}()
#11 D:\\siavash\\server\\vendor\\illuminate\\view\\Engines\\PhpEngine.php(58): Illuminate\\Filesystem\\Filesystem->getRequire('D:\\\\siavash\\\\serv...', Array)
#12 D:\\siavash\\server\\vendor\\illuminate\\view\\Engines\\CompilerEngine.php(61): Illuminate\\View\\Engines\\PhpEngine->evaluatePath('D:\\\\siavash\\\\serv...', Array)
#13 D:\\siavash\\server\\vendor\\illuminate\\view\\View.php(139): Illuminate\\View\\Engines\\CompilerEngine->get('D:\\\\siavash\\\\serv...', Array)
#14 D:\\siavash\\server\\vendor\\illuminate\\view\\View.php(122): Illuminate\\View\\View->getContents()
#15 D:\\siavash\\server\\vendor\\illuminate\\view\\View.php(91): Illuminate\\View\\View->renderContents()
#16 D:\\siavash\\server\\vendor\\illuminate\\http\\Response.php(62): Illuminate\\View\\View->render()
#17 D:\\siavash\\server\\vendor\\illuminate\\http\\Response.php(34): Illuminate\\Http\\Response->setContent(Object(Illuminate\\View\\View))
#18 D:\\siavash\\server\\vendor\\laravel\\lumen-framework\\src\\Concerns\\RoutesRequests.php(446): Illuminate\\Http\\Response->__construct(Object(Illuminate\\View\\View))
#19 D:\\siavash\\server\\vendor\\laravel\\lumen-framework\\src\\Concerns\\RoutesRequests.php(386): Laravel\\Lumen\\Application->prepareResponse(Object(Illuminate\\View\\View))
#20 D:\\siavash\\server\\vendor\\laravel\\lumen-framework\\src\\Concerns\\RoutesRequests.php(352): Laravel\\Lumen\\Application->callControllerCallable(Array, Array)
#21 D:\\siavash\\server\\vendor\\laravel\\lumen-framework\\src\\Concerns\\RoutesRequests.php(326): Laravel\\Lumen\\Application->callLumenController(Object(App\\Http\\Controllers\\HomeController), 'index', Array)
#22 D:\\siavash\\server\\vendor\\laravel\\lumen-framework\\src\\Concerns\\RoutesRequests.php(279): Laravel\\Lumen\\Application->callControllerAction(Array)
#23 D:\\siavash\\server\\vendor\\laravel\\lumen-framework\\src\\Concerns\\RoutesRequests.php(264): Laravel\\Lumen\\Application->callActionOnArrayBasedRoute(Array)
#24 D:\\siavash\\server\\vendor\\laravel\\lumen-framework\\src\\Concerns\\RoutesRequests.php(166): Laravel\\Lumen\\Application->handleFoundRoute(Array)
#25 D:\\siavash\\server\\vendor\\laravel\\lumen-framework\\src\\Routing\\Pipeline.php(48): Laravel\\Lumen\\Application->Laravel\\Lumen\\Concerns\\{closure}(Object(Laravel\\Lumen\\Http\\Request))
#26 D:\\siavash\\server\\app\\Http\\Middleware\\CorsMiddleware.php(30): Laravel\\Lumen\\Routing\\Pipeline->Laravel\\Lumen\\Routing\\{closure}(Object(Laravel\\Lumen\\Http\\Request))
#27 D:\\siavash\\server\\vendor\\illuminate\\pipeline\\Pipeline.php(167): App\\Http\\Middleware\\CorsMiddleware->handle(Object(Laravel\\Lumen\\Http\\Request), Object(Closure))
#28 D:\\siavash\\server\\vendor\\laravel\\lumen-framework\\src\\Routing\\Pipeline.php(30): Illuminate\\Pipeline\\Pipeline->Illuminate\\Pipeline\\{closure}(Object(Laravel\\Lumen\\Http\\Request))
#29 D:\\siavash\\server\\vendor\\illuminate\\pipeline\\Pipeline.php(103): Laravel\\Lumen\\Routing\\Pipeline->Laravel\\Lumen\\Routing\\{closure}(Object(Laravel\\Lumen\\Http\\Request))
#30 D:\\siavash\\server\\vendor\\laravel\\lumen-framework\\src\\Concerns\\RoutesRequests.php(423): Illuminate\\Pipeline\\Pipeline->then(Object(Closure))
#31 D:\\siavash\\server\\vendor\\laravel\\lumen-framework\\src\\Concerns\\RoutesRequests.php(172): Laravel\\Lumen\\Application->sendThroughPipeline(Array, Object(Closure))
#32 D:\\siavash\\server\\vendor\\laravel\\lumen-framework\\src\\Concerns\\RoutesRequests.php(109): Laravel\\Lumen\\Application->dispatch(NULL)
#33 D:\\siavash\\server\\public\\index.php(29): Laravel\\Lumen\\Application->run()
#34 {main}
"} 
