[2021-03-11 13:54:30] local.ERROR: syntax error, unexpected ''wallet'' (T_CONSTANT_ENCAPSED_STRING), expecting ']' (View: D:\investing\server\resources\views\section\header.blade.php) (View: D:\investing\server\resources\views\section\header.blade.php) {"exception":"[object] (ErrorException(code: 0): syntax error, unexpected ''wallet'' (T_CONSTANT_ENCAPSED_STRING), expecting ']' (View: D:\\investing\\server\esources\\views\\section\\header.blade.php) (View: D:\\investing\\server\esources\\views\\section\\header.blade.php) at D:\\investing\\server\esources\\lang\\fa\\home.php:24)
[stacktrace]
#0 D:\\investing\\server\\vendor\\illuminate\\view\\Engines\\PhpEngine.php(60): Illuminate\\View\\Engines\\CompilerEngine->handleViewException(Object(ErrorException), 1)
#1 D:\\investing\\server\\vendor\\illuminate\\view\\Engines\\CompilerEngine.php(61): Illuminate\\View\\Engines\\PhpEngine->evaluatePath('D:\\\\investing\\\\se...', Array)
#2 D:\\investing\\server\\vendor\\illuminate\\view\\View.php(139): Illuminate\\View\\Engines\\CompilerEngine->get('D:\\\\investing\\\\se...', Array)
#3 D:\\investing\\server\\vendor\\illuminate\\view\\View.php(122): Illuminate\\View\\View->getContents()
#4 D:\\investing\\server\\vendor\\illuminate\\view\\View.php(91): Illuminate\\View\\View->renderContents()
#5 D:\\investing\\server\\vendor\\illuminate\\http\\Response.php(62): Illuminate\\View\\View->render()
#6 D:\\investing\\server\\vendor\\illuminate\\http\\Response.php(34): Illuminate\\Http\\Response->setContent(Object(Illuminate\\View\\View))
#7 D:\\investing\\server\\vendor\\laravel\\lumen-framework\\src\\Concerns\\RoutesRequests.php(446): Illuminate\\Http\\Response->__construct(Object(Illuminate\\View\\View))
#8 D:\\investing\\server\\vendor\\laravel\\lumen-framework\\src\\Concerns\\RoutesRequests.php(386): Laravel\\Lumen\\Application->prepareResponse(Object(Illuminate\\View\\View))
#9 D:\\investing\\server\\vendor\\laravel\\lumen-framework\\src\\Concerns\\RoutesRequests.php(352): Laravel\\Lumen\\Application->callControllerCallable(Array, Array)
#10 D:\\investing\\server\\vendor\\laravel\\lumen-framework\\src\\Concerns\\RoutesRequests.php(326): Laravel\\Lumen\\Application->callLumenController(Object(App\\Http\\Controllers\\HomeController), 'index', Array)
#11 D:\\investing\\server\\vendor\\laravel\\lumen-framework\\src\\Concerns\\RoutesRequests.php(279): Laravel\\Lumen\\Application->callControllerAction(Array)
#12 D:\\investing\\server\\vendor\\laravel\\lumen-framework\\src\\Concerns\\RoutesRequests.php(264): Laravel\\Lumen\\Application->callActionOnArrayBasedRoute(Array)
#13 D:\\investing\\server\\vendor\\laravel\\lumen-framework\\src\\Concerns\\RoutesRequests.php(166): Laravel\\Lumen\\Application->handleFoundRoute(Array)
#14 D:\\investing\\server\\vendor\\laravel\\lumen-framework\\src\\Routing\\Pipeline.php(48): Laravel\\Lumen\\Application->Laravel\\Lumen\\Concerns\\{closure}(Object(Laravel\\Lumen\\Http\\Request))
#15 D:\\investing\\server\\app\\Http\\Middleware\\CorsMiddleware.php(30): Laravel\\Lumen\\Routing\\Pipeline->Laravel\\Lumen\\Routing\\{closure}(Object(Laravel\\Lumen\\Http\\Request))
#16 D:\\investing\\server\\vendor\\illuminate\\pipeline\\Pipeline.php(167): App\\Http\\Middleware\\CorsMiddleware->handle(Object(Laravel\\Lumen\\Http\\Request), Object(Closure))
#17 D:\\investing\\server\\vendor\\laravel\\lumen-framework\\src\\Routing\\Pipeline.php(30): Illuminate\\Pipeline\\Pipeline->Illuminate\\Pipeline\\{closure}(Object(Laravel\\Lumen\\Http\\Request))
#18 D:\\investing\\server\\vendor\\illuminate\\pipeline\\Pipeline.php(103): Laravel\\Lumen\\Routing\\Pipeline->Laravel\\Lumen\\Routing\\{closure}(Object(Laravel\\Lumen\\Http\\Request))
#19 D:\\investing\\server\\vendor\\laravel\\lumen-framework\\src\\Concerns\\RoutesRequests.php(423): Illuminate\\Pipeline\\Pipeline->then(Object(Closure))
#20 D:\\investing\\server\\vendor\\laravel\\lumen-framework\\src\\Concerns\\RoutesRequests.php(172): Laravel\\Lumen\\Application->sendThroughPipeline(Array, Object(Closure))
#21 D:\\investing\\server\\vendor\\laravel\\lumen-framework\\src\\Concerns\\RoutesRequests.php(109): Laravel\\Lumen\\Application->dispatch(NULL)
#22 D:\\investing\\server\\public\\index.php(29): Laravel\\Lumen\\Application->run()
#23 {main}

[previous exception] [object] (ErrorException(code: 0): syntax error, unexpected ''wallet'' (T_CONSTANT_ENCAPSED_STRING), expecting ']' (View: D:\\investing\\server\esources\\views\\section\\header.blade.php) at D:\\investing\\server\esources\\lang\\fa\\home.php:24)
[stacktrace]
#0 D:\\investing\\server\\vendor\\illuminate\\view\\Engines\\PhpEngine.php(60): Illuminate\\View\\Engines\\CompilerEngine->handleViewException(Object(ParseError), 3)
#1 D:\\investing\\server\\vendor\\illuminate\\view\\Engines\\CompilerEngine.php(61): Illuminate\\View\\Engines\\PhpEngine->evaluatePath('D:\\\\investing\\\\se...', Array)
#2 D:\\investing\\server\\vendor\\illuminate\\view\\View.php(139): Illuminate\\View\\Engines\\CompilerEngine->get('D:\\\\investing\\\\se...', Array)
#3 D:\\investing\\server\\vendor\\illuminate\\view\\View.php(122): Illuminate\\View\\View->getContents()
#4 D:\\investing\\server\\vendor\\illuminate\\view\\View.php(91): Illuminate\\View\\View->renderContents()
#5 D:\\investing\\server\\storage\\framework\\views\\327ce6d0b4896d285d50505cce5cedafffc1b877.php(5): Illuminate\\View\\View->render()
#6 D:\\investing\\server\\vendor\\illuminate\\filesystem\\Filesystem.php(107): require('D:\\\\investing\\\\se...')
#7 D:\\investing\\server\\vendor\\illuminate\\filesystem\\Filesystem.php(108): Illuminate\\Filesystem\\Filesystem::Illuminate\\Filesystem\\{closure}()
#8 D:\\investing\\server\\vendor\\illuminate\\view\\Engines\\PhpEngine.php(58): Illuminate\\Filesystem\\Filesystem->getRequire('D:\\\\investing\\\\se...', Array)
#9 D:\\investing\\server\\vendor\\illuminate\\view\\Engines\\CompilerEngine.php(61): Illuminate\\View\\Engines\\PhpEngine->evaluatePath('D:\\\\investing\\\\se...', Array)
#10 D:\\investing\\server\\vendor\\illuminate\\view\\View.php(139): Illuminate\\View\\Engines\\CompilerEngine->get('D:\\\\investing\\\\se...', Array)
#11 D:\\investing\\server\\vendor\\illuminate\\view\\View.php(122): Illuminate\\View\\View->getContents()
#12 D:\\investing\\server\\vendor\\illuminate\\view\\View.php(91): Illuminate\\View\\View->renderContents()
#13 D:\\investing\\server\\vendor\\illuminate\\http\\Response.php(62): Illuminate\\View\\View->render()
#14 D:\\investing\\server\\vendor\\illuminate\\http\\Response.php(34): Illuminate\\Http\\Response->setContent(Object(Illuminate\\View\\View))
#15 D:\\investing\\server\\vendor\\laravel\\lumen-framework\\src\\Concerns\\RoutesRequests.php(446): Illuminate\\Http\\Response->__construct(Object(Illuminate\\View\\View))
#16 D:\\investing\\server\\vendor\\laravel\\lumen-framework\\src\\Concerns\\RoutesRequests.php(386): Laravel\\Lumen\\Application->prepareResponse(Object(Illuminate\\View\\View))
#17 D:\\investing\\server\\vendor\\laravel\\lumen-framework\\src\\Concerns\\RoutesRequests.php(352): Laravel\\Lumen\\Application->callControllerCallable(Array, Array)
#18 D:\\investing\\server\\vendor\\laravel\\lumen-framework\\src\\Concerns\\RoutesRequests.php(326): Laravel\\Lumen\\Application->callLumenController(Object(App\\Http\\Controllers\\HomeController), 'index', Array)
#19 D:\\investing\\server\\vendor\\laravel\\lumen-framework\\src\\Concerns\\RoutesRequests.php(279): Laravel\\Lumen\\Application->callControllerAction(Array)
#20 D:\\investing\\server\\vendor\\laravel\\lumen-framework\\src\\Concerns\\RoutesRequests.php(264): Laravel\\Lumen\\Application->callActionOnArrayBasedRoute(Array)
#21 D:\\investing\\server\\vendor\\laravel\\lumen-framework\\src\\Concerns\\RoutesRequests.php(166): Laravel\\Lumen\\Application->handleFoundRoute(Array)
#22 D:\\investing\\server\\vendor\\laravel\\lumen-framework\\src\\Routing\\Pipeline.php(48): Laravel\\Lumen\\Application->Laravel\\Lumen\\Concerns\\{closure}(Object(Laravel\\Lumen\\Http\\Request))
#23 D:\\investing\\server\\app\\Http\\Middleware\\CorsMiddleware.php(30): Laravel\\Lumen\\Routing\\Pipeline->Laravel\\Lumen\\Routing\\{closure}(Object(Laravel\\Lumen\\Http\\Request))
#24 D:\\investing\\server\\vendor\\illuminate\\pipeline\\Pipeline.php(167): App\\Http\\Middleware\\CorsMiddleware->handle(Object(Laravel\\Lumen\\Http\\Request), Object(Closure))
#25 D:\\investing\\server\\vendor\\laravel\\lumen-framework\\src\\Routing\\Pipeline.php(30): Illuminate\\Pipeline\\Pipeline->Illuminate\\Pipeline\\{closure}(Object(Laravel\\Lumen\\Http\\Request))
#26 D:\\investing\\server\\vendor\\illuminate\\pipeline\\Pipeline.php(103): Laravel\\Lumen\\Routing\\Pipeline->Laravel\\Lumen\\Routing\\{closure}(Object(Laravel\\Lumen\\Http\\Request))
#27 D:\\investing\\server\\vendor\\laravel\\lumen-framework\\src\\Concerns\\RoutesRequests.php(423): Illuminate\\Pipeline\\Pipeline->then(Object(Closure))
#28 D:\\investing\\server\\vendor\\laravel\\lumen-framework\\src\\Concerns\\RoutesRequests.php(172): Laravel\\Lumen\\Application->sendThroughPipeline(Array, Object(Closure))
#29 D:\\investing\\server\\vendor\\laravel\\lumen-framework\\src\\Concerns\\RoutesRequests.php(109): Laravel\\Lumen\\Application->dispatch(NULL)
#30 D:\\investing\\server\\public\\index.php(29): Laravel\\Lumen\\Application->run()
#31 {main}

[previous exception] [object] (ParseError(code: 0): syntax error, unexpected ''wallet'' (T_CONSTANT_ENCAPSED_STRING), expecting ']' at D:\\investing\\server\esources\\lang\\fa\\home.php:24)
[stacktrace]
#0 D:\\investing\\server\\vendor\\illuminate\\filesystem\\Filesystem.php(108): Illuminate\\Filesystem\\Filesystem::Illuminate\\Filesystem\\{closure}()
#1 D:\\investing\\server\\vendor\\illuminate\\translation\\FileLoader.php(123): Illuminate\\Filesystem\\Filesystem->getRequire('D:\\\\investing\\\\se...')
#2 D:\\investing\\server\\vendor\\illuminate\\translation\\FileLoader.php(67): Illuminate\\Translation\\FileLoader->loadPath('D:\\\\investing\\\\se...', 'fa', 'home')
#3 D:\\investing\\server\\vendor\\illuminate\\translation\\Translator.php(279): Illuminate\\Translation\\FileLoader->load('fa', 'home', '*')
#4 D:\\investing\\server\\vendor\\illuminate\\translation\\Translator.php(191): Illuminate\\Translation\\Translator->load('*', 'home', 'fa')
#5 D:\\investing\\server\\vendor\\illuminate\\translation\\Translator.php(126): Illuminate\\Translation\\Translator->getLine('*', 'home', 'fa', 'header', Array)
#6 D:\\investing\\server\\vendor\\laravel\\lumen-framework\\src\\helpers.php(359): Illuminate\\Translation\\Translator->get('home.header', Array, 'fa')
#7 D:\\investing\\server\\storage\\framework\\views\\277ea00c70a0f8a3bb925b5f6b342f90a0d8b739.php(5): __('home.header')
#8 D:\\investing\\server\\vendor\\illuminate\\filesystem\\Filesystem.php(107): require('D:\\\\investing\\\\se...')
#9 D:\\investing\\server\\vendor\\illuminate\\filesystem\\Filesystem.php(108): Illuminate\\Filesystem\\Filesystem::Illuminate\\Filesystem\\{closure}()
#10 D:\\investing\\server\\vendor\\illuminate\\view\\Engines\\PhpEngine.php(58): Illuminate\\Filesystem\\Filesystem->getRequire('D:\\\\investing\\\\se...', Array)
#11 D:\\investing\\server\\vendor\\illuminate\\view\\Engines\\CompilerEngine.php(61): Illuminate\\View\\Engines\\PhpEngine->evaluatePath('D:\\\\investing\\\\se...', Array)
#12 D:\\investing\\server\\vendor\\illuminate\\view\\View.php(139): Illuminate\\View\\Engines\\CompilerEngine->get('D:\\\\investing\\\\se...', Array)
#13 D:\\investing\\server\\vendor\\illuminate\\view\\View.php(122): Illuminate\\View\\View->getContents()
#14 D:\\investing\\server\\vendor\\illuminate\\view\\View.php(91): Illuminate\\View\\View->renderContents()
#15 D:\\investing\\server\\storage\\framework\\views\\327ce6d0b4896d285d50505cce5cedafffc1b877.php(5): Illuminate\\View\\View->render()
#16 D:\\investing\\server\\vendor\\illuminate\\filesystem\\Filesystem.php(107): require('D:\\\\investing\\\\se...')
#17 D:\\investing\\server\\vendor\\illuminate\\filesystem\\Filesystem.php(108): Illuminate\\Filesystem\\Filesystem::Illuminate\\Filesystem\\{closure}()
#18 D:\\investing\\server\\vendor\\illuminate\\view\\Engines\\PhpEngine.php(58): Illuminate\\Filesystem\\Filesystem->getRequire('D:\\\\investing\\\\se...', Array)
#19 D:\\investing\\server\\vendor\\illuminate\\view\\Engines\\CompilerEngine.php(61): Illuminate\\View\\Engines\\PhpEngine->evaluatePath('D:\\\\investing\\\\se...', Array)
#20 D:\\investing\\server\\vendor\\illuminate\\view\\View.php(139): Illuminate\\View\\Engines\\CompilerEngine->get('D:\\\\investing\\\\se...', Array)
#21 D:\\investing\\server\\vendor\\illuminate\\view\\View.php(122): Illuminate\\View\\View->getContents()
#22 D:\\investing\\server\\vendor\\illuminate\\view\\View.php(91): Illuminate\\View\\View->renderContents()
#23 D:\\investing\\server\\vendor\\illuminate\\http\\Response.php(62): Illuminate\\View\\View->render()
#24 D:\\investing\\server\\vendor\\illuminate\\http\\Response.php(34): Illuminate\\Http\\Response->setContent(Object(Illuminate\\View\\View))
#25 D:\\investing\\server\\vendor\\laravel\\lumen-framework\\src\\Concerns\\RoutesRequests.php(446): Illuminate\\Http\\Response->__construct(Object(Illuminate\\View\\View))
#26 D:\\investing\\server\\vendor\\laravel\\lumen-framework\\src\\Concerns\\RoutesRequests.php(386): Laravel\\Lumen\\Application->prepareResponse(Object(Illuminate\\View\\View))
#27 D:\\investing\\server\\vendor\\laravel\\lumen-framework\\src\\Concerns\\RoutesRequests.php(352): Laravel\\Lumen\\Application->callControllerCallable(Array, Array)
#28 D:\\investing\\server\\vendor\\laravel\\lumen-framework\\src\\Concerns\\RoutesRequests.php(326): Laravel\\Lumen\\Application->callLumenController(Object(App\\Http\\Controllers\\HomeController), 'index', Array)
#29 D:\\investing\\server\\vendor\\laravel\\lumen-framework\\src\\Concerns\\RoutesRequests.php(279): Laravel\\Lumen\\Application->callControllerAction(Array)
#30 D:\\investing\\server\\vendor\\laravel\\lumen-framework\\src\\Concerns\\RoutesRequests.php(264): Laravel\\Lumen\\Application->callActionOnArrayBasedRoute(Array)
#31 D:\\investing\\server\\vendor\\laravel\\lumen-framework\\src\\Concerns\\RoutesRequests.php(166): Laravel\\Lumen\\Application->handleFoundRoute(Array)
#32 D:\\investing\\server\\vendor\\laravel\\lumen-framework\\src\\Routing\\Pipeline.php(48): Laravel\\Lumen\\Application->Laravel\\Lumen\\Concerns\\{closure}(Object(Laravel\\Lumen\\Http\\Request))
#33 D:\\investing\\server\\app\\Http\\Middleware\\CorsMiddleware.php(30): Laravel\\Lumen\\Routing\\Pipeline->Laravel\\Lumen\\Routing\\{closure}(Object(Laravel\\Lumen\\Http\\Request))
#34 D:\\investing\\server\\vendor\\illuminate\\pipeline\\Pipeline.php(167): App\\Http\\Middleware\\CorsMiddleware->handle(Object(Laravel\\Lumen\\Http\\Request), Object(Closure))
#35 D:\\investing\\server\\vendor\\laravel\\lumen-framework\\src\\Routing\\Pipeline.php(30): Illuminate\\Pipeline\\Pipeline->Illuminate\\Pipeline\\{closure}(Object(Laravel\\Lumen\\Http\\Request))
#36 D:\\investing\\server\\vendor\\illuminate\\pipeline\\Pipeline.php(103): Laravel\\Lumen\\Routing\\Pipeline->Laravel\\Lumen\\Routing\\{closure}(Object(Laravel\\Lumen\\Http\\Request))
#37 D:\\investing\\server\\vendor\\laravel\\lumen-framework\\src\\Concerns\\RoutesRequests.php(423): Illuminate\\Pipeline\\Pipeline->then(Object(Closure))
#38 D:\\investing\\server\\vendor\\laravel\\lumen-framework\\src\\Concerns\\RoutesRequests.php(172): Laravel\\Lumen\\Application->sendThroughPipeline(Array, Object(Closure))
#39 D:\\investing\\server\\vendor\\laravel\\lumen-framework\\src\\Concerns\\RoutesRequests.php(109): Laravel\\Lumen\\Application->dispatch(NULL)
#40 D:\\investing\\server\\public\\index.php(29): Laravel\\Lumen\\Application->run()
#41 {main}
"} 
[2021-03-11 14:09:29] local.ERROR: str_replace() expects at least 3 parameters, 2 given (View: D:\investing\server\resources\views\section\header.blade.php) (View: D:\investing\server\resources\views\section\header.blade.php) {"exception":"[object] (ErrorException(code: 0): str_replace() expects at least 3 parameters, 2 given (View: D:\\investing\\server\esources\\views\\section\\header.blade.php) (View: D:\\investing\\server\esources\\views\\section\\header.blade.php) at D:\\investing\\server\\app\\Support\\helpers.php:305)
[stacktrace]
#0 D:\\investing\\server\\vendor\\illuminate\\view\\Engines\\PhpEngine.php(60): Illuminate\\View\\Engines\\CompilerEngine->handleViewException(Object(ErrorException), 1)
#1 D:\\investing\\server\\vendor\\illuminate\\view\\Engines\\CompilerEngine.php(61): Illuminate\\View\\Engines\\PhpEngine->evaluatePath('D:\\\\investing\\\\se...', Array)
#2 D:\\investing\\server\\vendor\\illuminate\\view\\View.php(139): Illuminate\\View\\Engines\\CompilerEngine->get('D:\\\\investing\\\\se...', Array)
#3 D:\\investing\\server\\vendor\\illuminate\\view\\View.php(122): Illuminate\\View\\View->getContents()
#4 D:\\investing\\server\\vendor\\illuminate\\view\\View.php(91): Illuminate\\View\\View->renderContents()
#5 D:\\investing\\server\\vendor\\illuminate\\http\\Response.php(62): Illuminate\\View\\View->render()
#6 D:\\investing\\server\\vendor\\illuminate\\http\\Response.php(34): Illuminate\\Http\\Response->setContent(Object(Illuminate\\View\\View))
#7 D:\\investing\\server\\vendor\\laravel\\lumen-framework\\src\\Concerns\\RoutesRequests.php(446): Illuminate\\Http\\Response->__construct(Object(Illuminate\\View\\View))
#8 D:\\investing\\server\\vendor\\laravel\\lumen-framework\\src\\Concerns\\RoutesRequests.php(386): Laravel\\Lumen\\Application->prepareResponse(Object(Illuminate\\View\\View))
#9 D:\\investing\\server\\vendor\\laravel\\lumen-framework\\src\\Concerns\\RoutesRequests.php(352): Laravel\\Lumen\\Application->callControllerCallable(Array, Array)
#10 D:\\investing\\server\\vendor\\laravel\\lumen-framework\\src\\Concerns\\RoutesRequests.php(326): Laravel\\Lumen\\Application->callLumenController(Object(App\\Http\\Controllers\\HomeController), 'index', Array)
#11 D:\\investing\\server\\vendor\\laravel\\lumen-framework\\src\\Concerns\\RoutesRequests.php(279): Laravel\\Lumen\\Application->callControllerAction(Array)
#12 D:\\investing\\server\\vendor\\laravel\\lumen-framework\\src\\Concerns\\RoutesRequests.php(264): Laravel\\Lumen\\Application->callActionOnArrayBasedRoute(Array)
#13 D:\\investing\\server\\vendor\\laravel\\lumen-framework\\src\\Concerns\\RoutesRequests.php(166): Laravel\\Lumen\\Application->handleFoundRoute(Array)
#14 D:\\investing\\server\\vendor\\laravel\\lumen-framework\\src\\Routing\\Pipeline.php(48): Laravel\\Lumen\\Application->Laravel\\Lumen\\Concerns\\{closure}(Object(Laravel\\Lumen\\Http\\Request))
#15 D:\\investing\\server\\app\\Http\\Middleware\\CorsMiddleware.php(30): Laravel\\Lumen\\Routing\\Pipeline->Laravel\\Lumen\\Routing\\{closure}(Object(Laravel\\Lumen\\Http\\Request))
#16 D:\\investing\\server\\vendor\\illuminate\\pipeline\\Pipeline.php(167): App\\Http\\Middleware\\CorsMiddleware->handle(Object(Laravel\\Lumen\\Http\\Request), Object(Closure))
#17 D:\\investing\\server\\vendor\\laravel\\lumen-framework\\src\\Routing\\Pipeline.php(30): Illuminate\\Pipeline\\Pipeline->Illuminate\\Pipeline\\{closure}(Object(Laravel\\Lumen\\Http\\Request))
#18 D:\\investing\\server\\vendor\\illuminate\\pipeline\\Pipeline.php(103): Laravel\\Lumen\\Routing\\Pipeline->Laravel\\Lumen\\Routing\\{closure}(Object(Laravel\\Lumen\\Http\\Request))
#19 D:\\investing\\server\\vendor\\laravel\\lumen-framework\\src\\Concerns\\RoutesRequests.php(423): Illuminate\\Pipeline\\Pipeline->then(Object(Closure))
#20 D:\\investing\\server\\vendor\\laravel\\lumen-framework\\src\\Concerns\\RoutesRequests.php(172): Laravel\\Lumen\\Application->sendThroughPipeline(Array, Object(Closure))
#21 D:\\investing\\server\\vendor\\laravel\\lumen-framework\\src\\Concerns\\RoutesRequests.php(109): Laravel\\Lumen\\Application->dispatch(NULL)
#22 D:\\investing\\server\\public\\index.php(29): Laravel\\Lumen\\Application->run()
#23 {main}

[previous exception] [object] (ErrorException(code: 0): str_replace() expects at least 3 parameters, 2 given (View: D:\\investing\\server\esources\\views\\section\\header.blade.php) at D:\\investing\\server\\app\\Support\\helpers.php:305)
[stacktrace]
#0 D:\\investing\\server\\vendor\\illuminate\\view\\Engines\\PhpEngine.php(60): Illuminate\\View\\Engines\\CompilerEngine->handleViewException(Object(ErrorException), 3)
#1 D:\\investing\\server\\vendor\\illuminate\\view\\Engines\\CompilerEngine.php(61): Illuminate\\View\\Engines\\PhpEngine->evaluatePath('D:\\\\investing\\\\se...', Array)
#2 D:\\investing\\server\\vendor\\illuminate\\view\\View.php(139): Illuminate\\View\\Engines\\CompilerEngine->get('D:\\\\investing\\\\se...', Array)
#3 D:\\investing\\server\\vendor\\illuminate\\view\\View.php(122): Illuminate\\View\\View->getContents()
#4 D:\\investing\\server\\vendor\\illuminate\\view\\View.php(91): Illuminate\\View\\View->renderContents()
#5 D:\\investing\\server\\storage\\framework\\views\\327ce6d0b4896d285d50505cce5cedafffc1b877.php(5): Illuminate\\View\\View->render()
#6 D:\\investing\\server\\vendor\\illuminate\\filesystem\\Filesystem.php(107): require('D:\\\\investing\\\\se...')
#7 D:\\investing\\server\\vendor\\illuminate\\filesystem\\Filesystem.php(108): Illuminate\\Filesystem\\Filesystem::Illuminate\\Filesystem\\{closure}()
#8 D:\\investing\\server\\vendor\\illuminate\\view\\Engines\\PhpEngine.php(58): Illuminate\\Filesystem\\Filesystem->getRequire('D:\\\\investing\\\\se...', Array)
#9 D:\\investing\\server\\vendor\\illuminate\\view\\Engines\\CompilerEngine.php(61): Illuminate\\View\\Engines\\PhpEngine->evaluatePath('D:\\\\investing\\\\se...', Array)
#10 D:\\investing\\server\\vendor\\illuminate\\view\\View.php(139): Illuminate\\View\\Engines\\CompilerEngine->get('D:\\\\investing\\\\se...', Array)
#11 D:\\investing\\server\\vendor\\illuminate\\view\\View.php(122): Illuminate\\View\\View->getContents()
#12 D:\\investing\\server\\vendor\\illuminate\\view\\View.php(91): Illuminate\\View\\View->renderContents()
#13 D:\\investing\\server\\vendor\\illuminate\\http\\Response.php(62): Illuminate\\View\\View->render()
#14 D:\\investing\\server\\vendor\\illuminate\\http\\Response.php(34): Illuminate\\Http\\Response->setContent(Object(Illuminate\\View\\View))
#15 D:\\investing\\server\\vendor\\laravel\\lumen-framework\\src\\Concerns\\RoutesRequests.php(446): Illuminate\\Http\\Response->__construct(Object(Illuminate\\View\\View))
#16 D:\\investing\\server\\vendor\\laravel\\lumen-framework\\src\\Concerns\\RoutesRequests.php(386): Laravel\\Lumen\\Application->prepareResponse(Object(Illuminate\\View\\View))
#17 D:\\investing\\server\\vendor\\laravel\\lumen-framework\\src\\Concerns\\RoutesRequests.php(352): Laravel\\Lumen\\Application->callControllerCallable(Array, Array)
#18 D:\\investing\\server\\vendor\\laravel\\lumen-framework\\src\\Concerns\\RoutesRequests.php(326): Laravel\\Lumen\\Application->callLumenController(Object(App\\Http\\Controllers\\HomeController), 'index', Array)
#19 D:\\investing\\server\\vendor\\laravel\\lumen-framework\\src\\Concerns\\RoutesRequests.php(279): Laravel\\Lumen\\Application->callControllerAction(Array)
#20 D:\\investing\\server\\vendor\\laravel\\lumen-framework\\src\\Concerns\\RoutesRequests.php(264): Laravel\\Lumen\\Application->callActionOnArrayBasedRoute(Array)
#21 D:\\investing\\server\\vendor\\laravel\\lumen-framework\\src\\Concerns\\RoutesRequests.php(166): Laravel\\Lumen\\Application->handleFoundRoute(Array)
#22 D:\\investing\\server\\vendor\\laravel\\lumen-framework\\src\\Routing\\Pipeline.php(48): Laravel\\Lumen\\Application->Laravel\\Lumen\\Concerns\\{closure}(Object(Laravel\\Lumen\\Http\\Request))
#23 D:\\investing\\server\\app\\Http\\Middleware\\CorsMiddleware.php(30): Laravel\\Lumen\\Routing\\Pipeline->Laravel\\Lumen\\Routing\\{closure}(Object(Laravel\\Lumen\\Http\\Request))
#24 D:\\investing\\server\\vendor\\illuminate\\pipeline\\Pipeline.php(167): App\\Http\\Middleware\\CorsMiddleware->handle(Object(Laravel\\Lumen\\Http\\Request), Object(Closure))
#25 D:\\investing\\server\\vendor\\laravel\\lumen-framework\\src\\Routing\\Pipeline.php(30): Illuminate\\Pipeline\\Pipeline->Illuminate\\Pipeline\\{closure}(Object(Laravel\\Lumen\\Http\\Request))
#26 D:\\investing\\server\\vendor\\illuminate\\pipeline\\Pipeline.php(103): Laravel\\Lumen\\Routing\\Pipeline->Laravel\\Lumen\\Routing\\{closure}(Object(Laravel\\Lumen\\Http\\Request))
#27 D:\\investing\\server\\vendor\\laravel\\lumen-framework\\src\\Concerns\\RoutesRequests.php(423): Illuminate\\Pipeline\\Pipeline->then(Object(Closure))
#28 D:\\investing\\server\\vendor\\laravel\\lumen-framework\\src\\Concerns\\RoutesRequests.php(172): Laravel\\Lumen\\Application->sendThroughPipeline(Array, Object(Closure))
#29 D:\\investing\\server\\vendor\\laravel\\lumen-framework\\src\\Concerns\\RoutesRequests.php(109): Laravel\\Lumen\\Application->dispatch(NULL)
#30 D:\\investing\\server\\public\\index.php(29): Laravel\\Lumen\\Application->run()
#31 {main}

[previous exception] [object] (ErrorException(code: 0): str_replace() expects at least 3 parameters, 2 given at D:\\investing\\server\\app\\Support\\helpers.php:305)
[stacktrace]
#0 [internal function]: Laravel\\Lumen\\Application->Laravel\\Lumen\\Concerns\\{closure}(2, 'str_replace() e...', 'D:\\\\investing\\\\se...', 305, Array)
#1 D:\\investing\\server\\app\\Support\\helpers.php(305): str_replace('://', '://panel')
#2 D:\\investing\\server\\storage\\framework\\views\\277ea00c70a0f8a3bb925b5f6b342f90a0d8b739.php(9): sub_asset('panel', '/')
#3 D:\\investing\\server\\vendor\\illuminate\\filesystem\\Filesystem.php(107): require('D:\\\\investing\\\\se...')
#4 D:\\investing\\server\\vendor\\illuminate\\filesystem\\Filesystem.php(108): Illuminate\\Filesystem\\Filesystem::Illuminate\\Filesystem\\{closure}()
#5 D:\\investing\\server\\vendor\\illuminate\\view\\Engines\\PhpEngine.php(58): Illuminate\\Filesystem\\Filesystem->getRequire('D:\\\\investing\\\\se...', Array)
#6 D:\\investing\\server\\vendor\\illuminate\\view\\Engines\\CompilerEngine.php(61): Illuminate\\View\\Engines\\PhpEngine->evaluatePath('D:\\\\investing\\\\se...', Array)
#7 D:\\investing\\server\\vendor\\illuminate\\view\\View.php(139): Illuminate\\View\\Engines\\CompilerEngine->get('D:\\\\investing\\\\se...', Array)
#8 D:\\investing\\server\\vendor\\illuminate\\view\\View.php(122): Illuminate\\View\\View->getContents()
#9 D:\\investing\\server\\vendor\\illuminate\\view\\View.php(91): Illuminate\\View\\View->renderContents()
#10 D:\\investing\\server\\storage\\framework\\views\\327ce6d0b4896d285d50505cce5cedafffc1b877.php(5): Illuminate\\View\\View->render()
#11 D:\\investing\\server\\vendor\\illuminate\\filesystem\\Filesystem.php(107): require('D:\\\\investing\\\\se...')
#12 D:\\investing\\server\\vendor\\illuminate\\filesystem\\Filesystem.php(108): Illuminate\\Filesystem\\Filesystem::Illuminate\\Filesystem\\{closure}()
#13 D:\\investing\\server\\vendor\\illuminate\\view\\Engines\\PhpEngine.php(58): Illuminate\\Filesystem\\Filesystem->getRequire('D:\\\\investing\\\\se...', Array)
#14 D:\\investing\\server\\vendor\\illuminate\\view\\Engines\\CompilerEngine.php(61): Illuminate\\View\\Engines\\PhpEngine->evaluatePath('D:\\\\investing\\\\se...', Array)
#15 D:\\investing\\server\\vendor\\illuminate\\view\\View.php(139): Illuminate\\View\\Engines\\CompilerEngine->get('D:\\\\investing\\\\se...', Array)
#16 D:\\investing\\server\\vendor\\illuminate\\view\\View.php(122): Illuminate\\View\\View->getContents()
#17 D:\\investing\\server\\vendor\\illuminate\\view\\View.php(91): Illuminate\\View\\View->renderContents()
#18 D:\\investing\\server\\vendor\\illuminate\\http\\Response.php(62): Illuminate\\View\\View->render()
#19 D:\\investing\\server\\vendor\\illuminate\\http\\Response.php(34): Illuminate\\Http\\Response->setContent(Object(Illuminate\\View\\View))
#20 D:\\investing\\server\\vendor\\laravel\\lumen-framework\\src\\Concerns\\RoutesRequests.php(446): Illuminate\\Http\\Response->__construct(Object(Illuminate\\View\\View))
#21 D:\\investing\\server\\vendor\\laravel\\lumen-framework\\src\\Concerns\\RoutesRequests.php(386): Laravel\\Lumen\\Application->prepareResponse(Object(Illuminate\\View\\View))
#22 D:\\investing\\server\\vendor\\laravel\\lumen-framework\\src\\Concerns\\RoutesRequests.php(352): Laravel\\Lumen\\Application->callControllerCallable(Array, Array)
#23 D:\\investing\\server\\vendor\\laravel\\lumen-framework\\src\\Concerns\\RoutesRequests.php(326): Laravel\\Lumen\\Application->callLumenController(Object(App\\Http\\Controllers\\HomeController), 'index', Array)
#24 D:\\investing\\server\\vendor\\laravel\\lumen-framework\\src\\Concerns\\RoutesRequests.php(279): Laravel\\Lumen\\Application->callControllerAction(Array)
#25 D:\\investing\\server\\vendor\\laravel\\lumen-framework\\src\\Concerns\\RoutesRequests.php(264): Laravel\\Lumen\\Application->callActionOnArrayBasedRoute(Array)
#26 D:\\investing\\server\\vendor\\laravel\\lumen-framework\\src\\Concerns\\RoutesRequests.php(166): Laravel\\Lumen\\Application->handleFoundRoute(Array)
#27 D:\\investing\\server\\vendor\\laravel\\lumen-framework\\src\\Routing\\Pipeline.php(48): Laravel\\Lumen\\Application->Laravel\\Lumen\\Concerns\\{closure}(Object(Laravel\\Lumen\\Http\\Request))
#28 D:\\investing\\server\\app\\Http\\Middleware\\CorsMiddleware.php(30): Laravel\\Lumen\\Routing\\Pipeline->Laravel\\Lumen\\Routing\\{closure}(Object(Laravel\\Lumen\\Http\\Request))
#29 D:\\investing\\server\\vendor\\illuminate\\pipeline\\Pipeline.php(167): App\\Http\\Middleware\\CorsMiddleware->handle(Object(Laravel\\Lumen\\Http\\Request), Object(Closure))
#30 D:\\investing\\server\\vendor\\laravel\\lumen-framework\\src\\Routing\\Pipeline.php(30): Illuminate\\Pipeline\\Pipeline->Illuminate\\Pipeline\\{closure}(Object(Laravel\\Lumen\\Http\\Request))
#31 D:\\investing\\server\\vendor\\illuminate\\pipeline\\Pipeline.php(103): Laravel\\Lumen\\Routing\\Pipeline->Laravel\\Lumen\\Routing\\{closure}(Object(Laravel\\Lumen\\Http\\Request))
#32 D:\\investing\\server\\vendor\\laravel\\lumen-framework\\src\\Concerns\\RoutesRequests.php(423): Illuminate\\Pipeline\\Pipeline->then(Object(Closure))
#33 D:\\investing\\server\\vendor\\laravel\\lumen-framework\\src\\Concerns\\RoutesRequests.php(172): Laravel\\Lumen\\Application->sendThroughPipeline(Array, Object(Closure))
#34 D:\\investing\\server\\vendor\\laravel\\lumen-framework\\src\\Concerns\\RoutesRequests.php(109): Laravel\\Lumen\\Application->dispatch(NULL)
#35 D:\\investing\\server\\public\\index.php(29): Laravel\\Lumen\\Application->run()
#36 {main}
"} 
