[2021-03-08 11:05:50] local.ERROR: View [vision.service] not found. (View: D:\siavash\server\resources\views\home.blade.php) {"exception":"[object] (ErrorException(code: 0): View [vision.service] not found. (View: D:\\siavash\\server\esources\\views\\home.blade.php) at D:\\siavash\\server\\vendor\\illuminate\\view\\FileViewFinder.php:137)
[stacktrace]
#0 D:\\siavash\\server\\vendor\\illuminate\\view\\Engines\\PhpEngine.php(60): Illuminate\\View\\Engines\\CompilerEngine->handleViewException(Object(InvalidArgumentException), 1)
#1 D:\\siavash\\server\\vendor\\illuminate\\view\\Engines\\CompilerEngine.php(61): Illuminate\\View\\Engines\\PhpEngine->evaluatePath('D:\\\\siavash\\\\serv...', Array)
#2 D:\\siavash\\server\\vendor\\illuminate\\view\\View.php(139): Illuminate\\View\\Engines\\CompilerEngine->get('D:\\\\siavash\\\\serv...', Array)
#3 D:\\siavash\\server\\vendor\\illuminate\\view\\View.php(122): Illuminate\\View\\View->getContents()
#4 D:\\siavash\\server\\vendor\\illuminate\\view\\View.php(91): Illuminate\\View\\View->renderContents()
#5 D:\\siavash\\server\\vendor\\illuminate\\http\\Response.php(62): Illuminate\\View\\View->render()
#6 D:\\siavash\\server\\vendor\\illuminate\\http\\Response.php(34): Illuminate\\Http\\Response->setContent(Object(Illuminate\\View\\View))
#7 D:\\siavash\\server\\vendor\\laravel\\lumen-framework\\src\\Concerns\\RoutesRequests.php(446): Illuminate\\Http\\Response->__construct(Object(Illuminate\\View\\View))
#8 D:\\siavash\\server\\vendor\\laravel\\lumen-framework\\src\\Concerns\\RoutesRequests.php(386): Laravel\\Lumen\\Application->prepareResponse(Object(Illuminate\\View\\View))
#9 D:\\siavash\\server\\vendor\\laravel\\lumen-framework\\src\\Concerns\\RoutesRequests.php(352): Laravel\\Lumen\\Application->callControllerCallable(Array, Array)
#10 D:\\siavash\\server\\vendor\\laravel\\lumen-framework\\src\\Concerns\\RoutesRequests.php(326): Laravel\\Lumen\\Application->callLumenController(Object(App\\Http\\Controllers\\HomeController), 'index', Array)
#11 D:\\siavash\\server\\vendor\\laravel\\lumen-framework\\src\\Concerns\\RoutesRequests.php(279): Laravel\\Lumen\\Application->callControllerAction(Array)
#12 D:\\siavash\\server\\vendor\\laravel\\lumen-framework\\src\\Concerns\\RoutesRequests.php(264): Laravel\\Lumen\\Application->callActionOnArrayBasedRoute(Array)
#13 D:\\siavash\\server\\vendor\\laravel\\lumen-framework\\src\\Concerns\\RoutesRequests.php(166): Laravel\\Lumen\\Application->handleFoundRoute(Array)
#14 D:\\siavash\\server\\vendor\\laravel\\lumen-framework\\src\\Routing\\Pipeline.php(48): Laravel\\Lumen\\Application->Laravel\\Lumen\\Concerns\\{closure}(Object(Laravel\\Lumen\\Http\\Request))
#15 D:\\siavash\\server\\app\\Http\\Middleware\\CorsMiddleware.php(30): Laravel\\Lumen\\Routing\\Pipeline->Laravel\\Lumen\\Routing\\{closure}(Object(Laravel\\Lumen\\Http\\Request))
#16 D:\\siavash\\server\\vendor\\illuminate\\pipeline\\Pipeline.php(167): App\\Http\\Middleware\\CorsMiddleware->handle(Object(Laravel\\Lumen\\Http\\Request), Object(Closure))
#17 D:\\siavash\\server\\vendor\\laravel\\lumen-framework\\src\\Routing\\Pipeline.php(30): Illuminate\\Pipeline\\Pipeline->Illuminate\\Pipeline\\{closure}(Object(Laravel\\Lumen\\Http\\Request))
#18 D:\\siavash\\server\\vendor\\illuminate\\pipeline\\Pipeline.php(103): Laravel\\Lumen\\Routing\\Pipeline->Laravel\\Lumen\\Routing\\{closure}(Object(Laravel\\Lumen\\Http\\Request))
#19 D:\\siavash\\server\\vendor\\laravel\\lumen-framework\\src\\Concerns\\RoutesRequests.php(423): Illuminate\\Pipeline\\Pipeline->then(Object(Closure))
#20 D:\\siavash\\server\\vendor\\laravel\\lumen-framework\\src\\Concerns\\RoutesRequests.php(172): Laravel\\Lumen\\Application->sendThroughPipeline(Array, Object(Closure))
#21 D:\\siavash\\server\\vendor\\laravel\\lumen-framework\\src\\Concerns\\RoutesRequests.php(109): Laravel\\Lumen\\Application->dispatch(NULL)
#22 D:\\siavash\\server\\public\\index.php(29): Laravel\\Lumen\\Application->run()
#23 {main}

[previous exception] [object] (InvalidArgumentException(code: 0): View [vision.service] not found. at D:\\siavash\\server\\vendor\\illuminate\\view\\FileViewFinder.php:137)
[stacktrace]
#0 D:\\siavash\\server\\vendor\\illuminate\\view\\FileViewFinder.php(79): Illuminate\\View\\FileViewFinder->findInPaths('vision.service', Array)
#1 D:\\siavash\\server\\vendor\\illuminate\\view\\Factory.php(138): Illuminate\\View\\FileViewFinder->find('vision.service')
#2 D:\\siavash\\server\\storage\\framework\\views\\c92fe9129d283014b2a1854efd1b02e15ad17e0f.php(11): Illuminate\\View\\Factory->make('vision.service', Array)
#3 D:\\siavash\\server\\vendor\\illuminate\\filesystem\\Filesystem.php(107): require('D:\\\\siavash\\\\serv...')
#4 D:\\siavash\\server\\vendor\\illuminate\\filesystem\\Filesystem.php(108): Illuminate\\Filesystem\\Filesystem::Illuminate\\Filesystem\\{closure}()
#5 D:\\siavash\\server\\vendor\\illuminate\\view\\Engines\\PhpEngine.php(58): Illuminate\\Filesystem\\Filesystem->getRequire('D:\\\\siavash\\\\serv...', Array)
#6 D:\\siavash\\server\\vendor\\illuminate\\view\\Engines\\CompilerEngine.php(61): Illuminate\\View\\Engines\\PhpEngine->evaluatePath('D:\\\\siavash\\\\serv...', Array)
#7 D:\\siavash\\server\\vendor\\illuminate\\view\\View.php(139): Illuminate\\View\\Engines\\CompilerEngine->get('D:\\\\siavash\\\\serv...', Array)
#8 D:\\siavash\\server\\vendor\\illuminate\\view\\View.php(122): Illuminate\\View\\View->getContents()
#9 D:\\siavash\\server\\vendor\\illuminate\\view\\View.php(91): Illuminate\\View\\View->renderContents()
#10 D:\\siavash\\server\\vendor\\illuminate\\http\\Response.php(62): Illuminate\\View\\View->render()
#11 D:\\siavash\\server\\vendor\\illuminate\\http\\Response.php(34): Illuminate\\Http\\Response->setContent(Object(Illuminate\\View\\View))
#12 D:\\siavash\\server\\vendor\\laravel\\lumen-framework\\src\\Concerns\\RoutesRequests.php(446): Illuminate\\Http\\Response->__construct(Object(Illuminate\\View\\View))
#13 D:\\siavash\\server\\vendor\\laravel\\lumen-framework\\src\\Concerns\\RoutesRequests.php(386): Laravel\\Lumen\\Application->prepareResponse(Object(Illuminate\\View\\View))
#14 D:\\siavash\\server\\vendor\\laravel\\lumen-framework\\src\\Concerns\\RoutesRequests.php(352): Laravel\\Lumen\\Application->callControllerCallable(Array, Array)
#15 D:\\siavash\\server\\vendor\\laravel\\lumen-framework\\src\\Concerns\\RoutesRequests.php(326): Laravel\\Lumen\\Application->callLumenController(Object(App\\Http\\Controllers\\HomeController), 'index', Array)
#16 D:\\siavash\\server\\vendor\\laravel\\lumen-framework\\src\\Concerns\\RoutesRequests.php(279): Laravel\\Lumen\\Application->callControllerAction(Array)
#17 D:\\siavash\\server\\vendor\\laravel\\lumen-framework\\src\\Concerns\\RoutesRequests.php(264): Laravel\\Lumen\\Application->callActionOnArrayBasedRoute(Array)
#18 D:\\siavash\\server\\vendor\\laravel\\lumen-framework\\src\\Concerns\\RoutesRequests.php(166): Laravel\\Lumen\\Application->handleFoundRoute(Array)
#19 D:\\siavash\\server\\vendor\\laravel\\lumen-framework\\src\\Routing\\Pipeline.php(48): Laravel\\Lumen\\Application->Laravel\\Lumen\\Concerns\\{closure}(Object(Laravel\\Lumen\\Http\\Request))
#20 D:\\siavash\\server\\app\\Http\\Middleware\\CorsMiddleware.php(30): Laravel\\Lumen\\Routing\\Pipeline->Laravel\\Lumen\\Routing\\{closure}(Object(Laravel\\Lumen\\Http\\Request))
#21 D:\\siavash\\server\\vendor\\illuminate\\pipeline\\Pipeline.php(167): App\\Http\\Middleware\\CorsMiddleware->handle(Object(Laravel\\Lumen\\Http\\Request), Object(Closure))
#22 D:\\siavash\\server\\vendor\\laravel\\lumen-framework\\src\\Routing\\Pipeline.php(30): Illuminate\\Pipeline\\Pipeline->Illuminate\\Pipeline\\{closure}(Object(Laravel\\Lumen\\Http\\Request))
#23 D:\\siavash\\server\\vendor\\illuminate\\pipeline\\Pipeline.php(103): Laravel\\Lumen\\Routing\\Pipeline->Laravel\\Lumen\\Routing\\{closure}(Object(Laravel\\Lumen\\Http\\Request))
#24 D:\\siavash\\server\\vendor\\laravel\\lumen-framework\\src\\Concerns\\RoutesRequests.php(423): Illuminate\\Pipeline\\Pipeline->then(Object(Closure))
#25 D:\\siavash\\server\\vendor\\laravel\\lumen-framework\\src\\Concerns\\RoutesRequests.php(172): Laravel\\Lumen\\Application->sendThroughPipeline(Array, Object(Closure))
#26 D:\\siavash\\server\\vendor\\laravel\\lumen-framework\\src\\Concerns\\RoutesRequests.php(109): Laravel\\Lumen\\Application->dispatch(NULL)
#27 D:\\siavash\\server\\public\\index.php(29): Laravel\\Lumen\\Application->run()
#28 {main}
"} 
[2021-03-08 12:10:35] local.ERROR: Object of class Laravel\Lumen\Routing\UrlGenerator could not be converted to string (View: D:\siavash\server\resources\views\section\header.blade.php) (View: D:\siavash\server\resources\views\section\header.blade.php) {"exception":"[object] (ErrorException(code: 0): Object of class Laravel\\Lumen\\Routing\\UrlGenerator could not be converted to string (View: D:\\siavash\\server\esources\\views\\section\\header.blade.php) (View: D:\\siavash\\server\esources\\views\\section\\header.blade.php) at D:\\siavash\\server\\app\\Support\\helpers.php:304)
[stacktrace]
#0 D:\\siavash\\server\\vendor\\illuminate\\view\\Engines\\PhpEngine.php(60): Illuminate\\View\\Engines\\CompilerEngine->handleViewException(Object(ErrorException), 1)
#1 D:\\siavash\\server\\vendor\\illuminate\\view\\Engines\\CompilerEngine.php(61): Illuminate\\View\\Engines\\PhpEngine->evaluatePath('D:\\\\siavash\\\\serv...', Array)
#2 D:\\siavash\\server\\vendor\\illuminate\\view\\View.php(139): Illuminate\\View\\Engines\\CompilerEngine->get('D:\\\\siavash\\\\serv...', Array)
#3 D:\\siavash\\server\\vendor\\illuminate\\view\\View.php(122): Illuminate\\View\\View->getContents()
#4 D:\\siavash\\server\\vendor\\illuminate\\view\\View.php(91): Illuminate\\View\\View->renderContents()
#5 D:\\siavash\\server\\vendor\\illuminate\\http\\Response.php(62): Illuminate\\View\\View->render()
#6 D:\\siavash\\server\\vendor\\illuminate\\http\\Response.php(34): Illuminate\\Http\\Response->setContent(Object(Illuminate\\View\\View))
#7 D:\\siavash\\server\\vendor\\laravel\\lumen-framework\\src\\Concerns\\RoutesRequests.php(446): Illuminate\\Http\\Response->__construct(Object(Illuminate\\View\\View))
#8 D:\\siavash\\server\\vendor\\laravel\\lumen-framework\\src\\Concerns\\RoutesRequests.php(386): Laravel\\Lumen\\Application->prepareResponse(Object(Illuminate\\View\\View))
#9 D:\\siavash\\server\\vendor\\laravel\\lumen-framework\\src\\Concerns\\RoutesRequests.php(352): Laravel\\Lumen\\Application->callControllerCallable(Array, Array)
#10 D:\\siavash\\server\\vendor\\laravel\\lumen-framework\\src\\Concerns\\RoutesRequests.php(326): Laravel\\Lumen\\Application->callLumenController(Object(App\\Http\\Controllers\\HomeController), 'index', Array)
#11 D:\\siavash\\server\\vendor\\laravel\\lumen-framework\\src\\Concerns\\RoutesRequests.php(279): Laravel\\Lumen\\Application->callControllerAction(Array)
#12 D:\\siavash\\server\\vendor\\laravel\\lumen-framework\\src\\Concerns\\RoutesRequests.php(264): Laravel\\Lumen\\Application->callActionOnArrayBasedRoute(Array)
#13 D:\\siavash\\server\\vendor\\laravel\\lumen-framework\\src\\Concerns\\RoutesRequests.php(166): Laravel\\Lumen\\Application->handleFoundRoute(Array)
#14 D:\\siavash\\server\\vendor\\laravel\\lumen-framework\\src\\Routing\\Pipeline.php(48): Laravel\\Lumen\\Application->Laravel\\Lumen\\Concerns\\{closure}(Object(Laravel\\Lumen\\Http\\Request))
#15 D:\\siavash\\server\\app\\Http\\Middleware\\CorsMiddleware.php(30): Laravel\\Lumen\\Routing\\Pipeline->Laravel\\Lumen\\Routing\\{closure}(Object(Laravel\\Lumen\\Http\\Request))
#16 D:\\siavash\\server\\vendor\\illuminate\\pipeline\\Pipeline.php(167): App\\Http\\Middleware\\CorsMiddleware->handle(Object(Laravel\\Lumen\\Http\\Request), Object(Closure))
#17 D:\\siavash\\server\\vendor\\laravel\\lumen-framework\\src\\Routing\\Pipeline.php(30): Illuminate\\Pipeline\\Pipeline->Illuminate\\Pipeline\\{closure}(Object(Laravel\\Lumen\\Http\\Request))
#18 D:\\siavash\\server\\vendor\\illuminate\\pipeline\\Pipeline.php(103): Laravel\\Lumen\\Routing\\Pipeline->Laravel\\Lumen\\Routing\\{closure}(Object(Laravel\\Lumen\\Http\\Request))
#19 D:\\siavash\\server\\vendor\\laravel\\lumen-framework\\src\\Concerns\\RoutesRequests.php(423): Illuminate\\Pipeline\\Pipeline->then(Object(Closure))
#20 D:\\siavash\\server\\vendor\\laravel\\lumen-framework\\src\\Concerns\\RoutesRequests.php(172): Laravel\\Lumen\\Application->sendThroughPipeline(Array, Object(Closure))
#21 D:\\siavash\\server\\vendor\\laravel\\lumen-framework\\src\\Concerns\\RoutesRequests.php(109): Laravel\\Lumen\\Application->dispatch(NULL)
#22 D:\\siavash\\server\\public\\index.php(29): Laravel\\Lumen\\Application->run()
#23 {main}

[previous exception] [object] (ErrorException(code: 0): Object of class Laravel\\Lumen\\Routing\\UrlGenerator could not be converted to string (View: D:\\siavash\\server\esources\\views\\section\\header.blade.php) at D:\\siavash\\server\\app\\Support\\helpers.php:304)
[stacktrace]
#0 D:\\siavash\\server\\vendor\\illuminate\\view\\Engines\\PhpEngine.php(60): Illuminate\\View\\Engines\\CompilerEngine->handleViewException(Object(Error), 3)
#1 D:\\siavash\\server\\vendor\\illuminate\\view\\Engines\\CompilerEngine.php(61): Illuminate\\View\\Engines\\PhpEngine->evaluatePath('D:\\\\siavash\\\\serv...', Array)
#2 D:\\siavash\\server\\vendor\\illuminate\\view\\View.php(139): Illuminate\\View\\Engines\\CompilerEngine->get('D:\\\\siavash\\\\serv...', Array)
#3 D:\\siavash\\server\\vendor\\illuminate\\view\\View.php(122): Illuminate\\View\\View->getContents()
#4 D:\\siavash\\server\\vendor\\illuminate\\view\\View.php(91): Illuminate\\View\\View->renderContents()
#5 D:\\siavash\\server\\storage\\framework\\views\\c92fe9129d283014b2a1854efd1b02e15ad17e0f.php(5): Illuminate\\View\\View->render()
#6 D:\\siavash\\server\\vendor\\illuminate\\filesystem\\Filesystem.php(107): require('D:\\\\siavash\\\\serv...')
#7 D:\\siavash\\server\\vendor\\illuminate\\filesystem\\Filesystem.php(108): Illuminate\\Filesystem\\Filesystem::Illuminate\\Filesystem\\{closure}()
#8 D:\\siavash\\server\\vendor\\illuminate\\view\\Engines\\PhpEngine.php(58): Illuminate\\Filesystem\\Filesystem->getRequire('D:\\\\siavash\\\\serv...', Array)
#9 D:\\siavash\\server\\vendor\\illuminate\\view\\Engines\\CompilerEngine.php(61): Illuminate\\View\\Engines\\PhpEngine->evaluatePath('D:\\\\siavash\\\\serv...', Array)
#10 D:\\siavash\\server\\vendor\\illuminate\\view\\View.php(139): Illuminate\\View\\Engines\\CompilerEngine->get('D:\\\\siavash\\\\serv...', Array)
#11 D:\\siavash\\server\\vendor\\illuminate\\view\\View.php(122): Illuminate\\View\\View->getContents()
#12 D:\\siavash\\server\\vendor\\illuminate\\view\\View.php(91): Illuminate\\View\\View->renderContents()
#13 D:\\siavash\\server\\vendor\\illuminate\\http\\Response.php(62): Illuminate\\View\\View->render()
#14 D:\\siavash\\server\\vendor\\illuminate\\http\\Response.php(34): Illuminate\\Http\\Response->setContent(Object(Illuminate\\View\\View))
#15 D:\\siavash\\server\\vendor\\laravel\\lumen-framework\\src\\Concerns\\RoutesRequests.php(446): Illuminate\\Http\\Response->__construct(Object(Illuminate\\View\\View))
#16 D:\\siavash\\server\\vendor\\laravel\\lumen-framework\\src\\Concerns\\RoutesRequests.php(386): Laravel\\Lumen\\Application->prepareResponse(Object(Illuminate\\View\\View))
#17 D:\\siavash\\server\\vendor\\laravel\\lumen-framework\\src\\Concerns\\RoutesRequests.php(352): Laravel\\Lumen\\Application->callControllerCallable(Array, Array)
#18 D:\\siavash\\server\\vendor\\laravel\\lumen-framework\\src\\Concerns\\RoutesRequests.php(326): Laravel\\Lumen\\Application->callLumenController(Object(App\\Http\\Controllers\\HomeController), 'index', Array)
#19 D:\\siavash\\server\\vendor\\laravel\\lumen-framework\\src\\Concerns\\RoutesRequests.php(279): Laravel\\Lumen\\Application->callControllerAction(Array)
#20 D:\\siavash\\server\\vendor\\laravel\\lumen-framework\\src\\Concerns\\RoutesRequests.php(264): Laravel\\Lumen\\Application->callActionOnArrayBasedRoute(Array)
#21 D:\\siavash\\server\\vendor\\laravel\\lumen-framework\\src\\Concerns\\RoutesRequests.php(166): Laravel\\Lumen\\Application->handleFoundRoute(Array)
#22 D:\\siavash\\server\\vendor\\laravel\\lumen-framework\\src\\Routing\\Pipeline.php(48): Laravel\\Lumen\\Application->Laravel\\Lumen\\Concerns\\{closure}(Object(Laravel\\Lumen\\Http\\Request))
#23 D:\\siavash\\server\\app\\Http\\Middleware\\CorsMiddleware.php(30): Laravel\\Lumen\\Routing\\Pipeline->Laravel\\Lumen\\Routing\\{closure}(Object(Laravel\\Lumen\\Http\\Request))
#24 D:\\siavash\\server\\vendor\\illuminate\\pipeline\\Pipeline.php(167): App\\Http\\Middleware\\CorsMiddleware->handle(Object(Laravel\\Lumen\\Http\\Request), Object(Closure))
#25 D:\\siavash\\server\\vendor\\laravel\\lumen-framework\\src\\Routing\\Pipeline.php(30): Illuminate\\Pipeline\\Pipeline->Illuminate\\Pipeline\\{closure}(Object(Laravel\\Lumen\\Http\\Request))
#26 D:\\siavash\\server\\vendor\\illuminate\\pipeline\\Pipeline.php(103): Laravel\\Lumen\\Routing\\Pipeline->Laravel\\Lumen\\Routing\\{closure}(Object(Laravel\\Lumen\\Http\\Request))
#27 D:\\siavash\\server\\vendor\\laravel\\lumen-framework\\src\\Concerns\\RoutesRequests.php(423): Illuminate\\Pipeline\\Pipeline->then(Object(Closure))
#28 D:\\siavash\\server\\vendor\\laravel\\lumen-framework\\src\\Concerns\\RoutesRequests.php(172): Laravel\\Lumen\\Application->sendThroughPipeline(Array, Object(Closure))
#29 D:\\siavash\\server\\vendor\\laravel\\lumen-framework\\src\\Concerns\\RoutesRequests.php(109): Laravel\\Lumen\\Application->dispatch(NULL)
#30 D:\\siavash\\server\\public\\index.php(29): Laravel\\Lumen\\Application->run()
#31 {main}

[previous exception] [object] (Error(code: 0): Object of class Laravel\\Lumen\\Routing\\UrlGenerator could not be converted to string at D:\\siavash\\server\\app\\Support\\helpers.php:304)
[stacktrace]
#0 D:\\siavash\\server\\storage\\framework\\views\\5ef3ca1707b63c28cd4a628a75a3c6517aca5ad9.php(9): sub_asset('panel', '/')
#1 D:\\siavash\\server\\vendor\\illuminate\\filesystem\\Filesystem.php(107): require('D:\\\\siavash\\\\serv...')
#2 D:\\siavash\\server\\vendor\\illuminate\\filesystem\\Filesystem.php(108): Illuminate\\Filesystem\\Filesystem::Illuminate\\Filesystem\\{closure}()
#3 D:\\siavash\\server\\vendor\\illuminate\\view\\Engines\\PhpEngine.php(58): Illuminate\\Filesystem\\Filesystem->getRequire('D:\\\\siavash\\\\serv...', Array)
#4 D:\\siavash\\server\\vendor\\illuminate\\view\\Engines\\CompilerEngine.php(61): Illuminate\\View\\Engines\\PhpEngine->evaluatePath('D:\\\\siavash\\\\serv...', Array)
#5 D:\\siavash\\server\\vendor\\illuminate\\view\\View.php(139): Illuminate\\View\\Engines\\CompilerEngine->get('D:\\\\siavash\\\\serv...', Array)
#6 D:\\siavash\\server\\vendor\\illuminate\\view\\View.php(122): Illuminate\\View\\View->getContents()
#7 D:\\siavash\\server\\vendor\\illuminate\\view\\View.php(91): Illuminate\\View\\View->renderContents()
#8 D:\\siavash\\server\\storage\\framework\\views\\c92fe9129d283014b2a1854efd1b02e15ad17e0f.php(5): Illuminate\\View\\View->render()
#9 D:\\siavash\\server\\vendor\\illuminate\\filesystem\\Filesystem.php(107): require('D:\\\\siavash\\\\serv...')
#10 D:\\siavash\\server\\vendor\\illuminate\\filesystem\\Filesystem.php(108): Illuminate\\Filesystem\\Filesystem::Illuminate\\Filesystem\\{closure}()
#11 D:\\siavash\\server\\vendor\\illuminate\\view\\Engines\\PhpEngine.php(58): Illuminate\\Filesystem\\Filesystem->getRequire('D:\\\\siavash\\\\serv...', Array)
#12 D:\\siavash\\server\\vendor\\illuminate\\view\\Engines\\CompilerEngine.php(61): Illuminate\\View\\Engines\\PhpEngine->evaluatePath('D:\\\\siavash\\\\serv...', Array)
#13 D:\\siavash\\server\\vendor\\illuminate\\view\\View.php(139): Illuminate\\View\\Engines\\CompilerEngine->get('D:\\\\siavash\\\\serv...', Array)
#14 D:\\siavash\\server\\vendor\\illuminate\\view\\View.php(122): Illuminate\\View\\View->getContents()
#15 D:\\siavash\\server\\vendor\\illuminate\\view\\View.php(91): Illuminate\\View\\View->renderContents()
#16 D:\\siavash\\server\\vendor\\illuminate\\http\\Response.php(62): Illuminate\\View\\View->render()
#17 D:\\siavash\\server\\vendor\\illuminate\\http\\Response.php(34): Illuminate\\Http\\Response->setContent(Object(Illuminate\\View\\View))
#18 D:\\siavash\\server\\vendor\\laravel\\lumen-framework\\src\\Concerns\\RoutesRequests.php(446): Illuminate\\Http\\Response->__construct(Object(Illuminate\\View\\View))
#19 D:\\siavash\\server\\vendor\\laravel\\lumen-framework\\src\\Concerns\\RoutesRequests.php(386): Laravel\\Lumen\\Application->prepareResponse(Object(Illuminate\\View\\View))
#20 D:\\siavash\\server\\vendor\\laravel\\lumen-framework\\src\\Concerns\\RoutesRequests.php(352): Laravel\\Lumen\\Application->callControllerCallable(Array, Array)
#21 D:\\siavash\\server\\vendor\\laravel\\lumen-framework\\src\\Concerns\\RoutesRequests.php(326): Laravel\\Lumen\\Application->callLumenController(Object(App\\Http\\Controllers\\HomeController), 'index', Array)
#22 D:\\siavash\\server\\vendor\\laravel\\lumen-framework\\src\\Concerns\\RoutesRequests.php(279): Laravel\\Lumen\\Application->callControllerAction(Array)
#23 D:\\siavash\\server\\vendor\\laravel\\lumen-framework\\src\\Concerns\\RoutesRequests.php(264): Laravel\\Lumen\\Application->callActionOnArrayBasedRoute(Array)
#24 D:\\siavash\\server\\vendor\\laravel\\lumen-framework\\src\\Concerns\\RoutesRequests.php(166): Laravel\\Lumen\\Application->handleFoundRoute(Array)
#25 D:\\siavash\\server\\vendor\\laravel\\lumen-framework\\src\\Routing\\Pipeline.php(48): Laravel\\Lumen\\Application->Laravel\\Lumen\\Concerns\\{closure}(Object(Laravel\\Lumen\\Http\\Request))
#26 D:\\siavash\\server\\app\\Http\\Middleware\\CorsMiddleware.php(30): Laravel\\Lumen\\Routing\\Pipeline->Laravel\\Lumen\\Routing\\{closure}(Object(Laravel\\Lumen\\Http\\Request))
#27 D:\\siavash\\server\\vendor\\illuminate\\pipeline\\Pipeline.php(167): App\\Http\\Middleware\\CorsMiddleware->handle(Object(Laravel\\Lumen\\Http\\Request), Object(Closure))
#28 D:\\siavash\\server\\vendor\\laravel\\lumen-framework\\src\\Routing\\Pipeline.php(30): Illuminate\\Pipeline\\Pipeline->Illuminate\\Pipeline\\{closure}(Object(Laravel\\Lumen\\Http\\Request))
#29 D:\\siavash\\server\\vendor\\illuminate\\pipeline\\Pipeline.php(103): Laravel\\Lumen\\Routing\\Pipeline->Laravel\\Lumen\\Routing\\{closure}(Object(Laravel\\Lumen\\Http\\Request))
#30 D:\\siavash\\server\\vendor\\laravel\\lumen-framework\\src\\Concerns\\RoutesRequests.php(423): Illuminate\\Pipeline\\Pipeline->then(Object(Closure))
#31 D:\\siavash\\server\\vendor\\laravel\\lumen-framework\\src\\Concerns\\RoutesRequests.php(172): Laravel\\Lumen\\Application->sendThroughPipeline(Array, Object(Closure))
#32 D:\\siavash\\server\\vendor\\laravel\\lumen-framework\\src\\Concerns\\RoutesRequests.php(109): Laravel\\Lumen\\Application->dispatch(NULL)
#33 D:\\siavash\\server\\public\\index.php(29): Laravel\\Lumen\\Application->run()
#34 {main}
"} 
[2021-03-08 12:13:22] local.ERROR: Call to undefined function str() (View: D:\siavash\server\resources\views\section\header.blade.php) (View: D:\siavash\server\resources\views\section\header.blade.php) {"exception":"[object] (ErrorException(code: 0): Call to undefined function str() (View: D:\\siavash\\server\esources\\views\\section\\header.blade.php) (View: D:\\siavash\\server\esources\\views\\section\\header.blade.php) at D:\\siavash\\server\\app\\Support\\helpers.php:304)
[stacktrace]
#0 D:\\siavash\\server\\vendor\\illuminate\\view\\Engines\\PhpEngine.php(60): Illuminate\\View\\Engines\\CompilerEngine->handleViewException(Object(ErrorException), 1)
#1 D:\\siavash\\server\\vendor\\illuminate\\view\\Engines\\CompilerEngine.php(61): Illuminate\\View\\Engines\\PhpEngine->evaluatePath('D:\\\\siavash\\\\serv...', Array)
#2 D:\\siavash\\server\\vendor\\illuminate\\view\\View.php(139): Illuminate\\View\\Engines\\CompilerEngine->get('D:\\\\siavash\\\\serv...', Array)
#3 D:\\siavash\\server\\vendor\\illuminate\\view\\View.php(122): Illuminate\\View\\View->getContents()
#4 D:\\siavash\\server\\vendor\\illuminate\\view\\View.php(91): Illuminate\\View\\View->renderContents()
#5 D:\\siavash\\server\\vendor\\illuminate\\http\\Response.php(62): Illuminate\\View\\View->render()
#6 D:\\siavash\\server\\vendor\\illuminate\\http\\Response.php(34): Illuminate\\Http\\Response->setContent(Object(Illuminate\\View\\View))
#7 D:\\siavash\\server\\vendor\\laravel\\lumen-framework\\src\\Concerns\\RoutesRequests.php(446): Illuminate\\Http\\Response->__construct(Object(Illuminate\\View\\View))
#8 D:\\siavash\\server\\vendor\\laravel\\lumen-framework\\src\\Concerns\\RoutesRequests.php(386): Laravel\\Lumen\\Application->prepareResponse(Object(Illuminate\\View\\View))
#9 D:\\siavash\\server\\vendor\\laravel\\lumen-framework\\src\\Concerns\\RoutesRequests.php(352): Laravel\\Lumen\\Application->callControllerCallable(Array, Array)
#10 D:\\siavash\\server\\vendor\\laravel\\lumen-framework\\src\\Concerns\\RoutesRequests.php(326): Laravel\\Lumen\\Application->callLumenController(Object(App\\Http\\Controllers\\HomeController), 'index', Array)
#11 D:\\siavash\\server\\vendor\\laravel\\lumen-framework\\src\\Concerns\\RoutesRequests.php(279): Laravel\\Lumen\\Application->callControllerAction(Array)
#12 D:\\siavash\\server\\vendor\\laravel\\lumen-framework\\src\\Concerns\\RoutesRequests.php(264): Laravel\\Lumen\\Application->callActionOnArrayBasedRoute(Array)
#13 D:\\siavash\\server\\vendor\\laravel\\lumen-framework\\src\\Concerns\\RoutesRequests.php(166): Laravel\\Lumen\\Application->handleFoundRoute(Array)
#14 D:\\siavash\\server\\vendor\\laravel\\lumen-framework\\src\\Routing\\Pipeline.php(48): Laravel\\Lumen\\Application->Laravel\\Lumen\\Concerns\\{closure}(Object(Laravel\\Lumen\\Http\\Request))
#15 D:\\siavash\\server\\app\\Http\\Middleware\\CorsMiddleware.php(30): Laravel\\Lumen\\Routing\\Pipeline->Laravel\\Lumen\\Routing\\{closure}(Object(Laravel\\Lumen\\Http\\Request))
#16 D:\\siavash\\server\\vendor\\illuminate\\pipeline\\Pipeline.php(167): App\\Http\\Middleware\\CorsMiddleware->handle(Object(Laravel\\Lumen\\Http\\Request), Object(Closure))
#17 D:\\siavash\\server\\vendor\\laravel\\lumen-framework\\src\\Routing\\Pipeline.php(30): Illuminate\\Pipeline\\Pipeline->Illuminate\\Pipeline\\{closure}(Object(Laravel\\Lumen\\Http\\Request))
#18 D:\\siavash\\server\\vendor\\illuminate\\pipeline\\Pipeline.php(103): Laravel\\Lumen\\Routing\\Pipeline->Laravel\\Lumen\\Routing\\{closure}(Object(Laravel\\Lumen\\Http\\Request))
#19 D:\\siavash\\server\\vendor\\laravel\\lumen-framework\\src\\Concerns\\RoutesRequests.php(423): Illuminate\\Pipeline\\Pipeline->then(Object(Closure))
#20 D:\\siavash\\server\\vendor\\laravel\\lumen-framework\\src\\Concerns\\RoutesRequests.php(172): Laravel\\Lumen\\Application->sendThroughPipeline(Array, Object(Closure))
#21 D:\\siavash\\server\\vendor\\laravel\\lumen-framework\\src\\Concerns\\RoutesRequests.php(109): Laravel\\Lumen\\Application->dispatch(NULL)
#22 D:\\siavash\\server\\public\\index.php(29): Laravel\\Lumen\\Application->run()
#23 {main}

[previous exception] [object] (ErrorException(code: 0): Call to undefined function str() (View: D:\\siavash\\server\esources\\views\\section\\header.blade.php) at D:\\siavash\\server\\app\\Support\\helpers.php:304)
[stacktrace]
#0 D:\\siavash\\server\\vendor\\illuminate\\view\\Engines\\PhpEngine.php(60): Illuminate\\View\\Engines\\CompilerEngine->handleViewException(Object(Error), 3)
#1 D:\\siavash\\server\\vendor\\illuminate\\view\\Engines\\CompilerEngine.php(61): Illuminate\\View\\Engines\\PhpEngine->evaluatePath('D:\\\\siavash\\\\serv...', Array)
#2 D:\\siavash\\server\\vendor\\illuminate\\view\\View.php(139): Illuminate\\View\\Engines\\CompilerEngine->get('D:\\\\siavash\\\\serv...', Array)
#3 D:\\siavash\\server\\vendor\\illuminate\\view\\View.php(122): Illuminate\\View\\View->getContents()
#4 D:\\siavash\\server\\vendor\\illuminate\\view\\View.php(91): Illuminate\\View\\View->renderContents()
#5 D:\\siavash\\server\\storage\\framework\\views\\c92fe9129d283014b2a1854efd1b02e15ad17e0f.php(5): Illuminate\\View\\View->render()
#6 D:\\siavash\\server\\vendor\\illuminate\\filesystem\\Filesystem.php(107): require('D:\\\\siavash\\\\serv...')
#7 D:\\siavash\\server\\vendor\\illuminate\\filesystem\\Filesystem.php(108): Illuminate\\Filesystem\\Filesystem::Illuminate\\Filesystem\\{closure}()
#8 D:\\siavash\\server\\vendor\\illuminate\\view\\Engines\\PhpEngine.php(58): Illuminate\\Filesystem\\Filesystem->getRequire('D:\\\\siavash\\\\serv...', Array)
#9 D:\\siavash\\server\\vendor\\illuminate\\view\\Engines\\CompilerEngine.php(61): Illuminate\\View\\Engines\\PhpEngine->evaluatePath('D:\\\\siavash\\\\serv...', Array)
#10 D:\\siavash\\server\\vendor\\illuminate\\view\\View.php(139): Illuminate\\View\\Engines\\CompilerEngine->get('D:\\\\siavash\\\\serv...', Array)
#11 D:\\siavash\\server\\vendor\\illuminate\\view\\View.php(122): Illuminate\\View\\View->getContents()
#12 D:\\siavash\\server\\vendor\\illuminate\\view\\View.php(91): Illuminate\\View\\View->renderContents()
#13 D:\\siavash\\server\\vendor\\illuminate\\http\\Response.php(62): Illuminate\\View\\View->render()
#14 D:\\siavash\\server\\vendor\\illuminate\\http\\Response.php(34): Illuminate\\Http\\Response->setContent(Object(Illuminate\\View\\View))
#15 D:\\siavash\\server\\vendor\\laravel\\lumen-framework\\src\\Concerns\\RoutesRequests.php(446): Illuminate\\Http\\Response->__construct(Object(Illuminate\\View\\View))
#16 D:\\siavash\\server\\vendor\\laravel\\lumen-framework\\src\\Concerns\\RoutesRequests.php(386): Laravel\\Lumen\\Application->prepareResponse(Object(Illuminate\\View\\View))
#17 D:\\siavash\\server\\vendor\\laravel\\lumen-framework\\src\\Concerns\\RoutesRequests.php(352): Laravel\\Lumen\\Application->callControllerCallable(Array, Array)
#18 D:\\siavash\\server\\vendor\\laravel\\lumen-framework\\src\\Concerns\\RoutesRequests.php(326): Laravel\\Lumen\\Application->callLumenController(Object(App\\Http\\Controllers\\HomeController), 'index', Array)
#19 D:\\siavash\\server\\vendor\\laravel\\lumen-framework\\src\\Concerns\\RoutesRequests.php(279): Laravel\\Lumen\\Application->callControllerAction(Array)
#20 D:\\siavash\\server\\vendor\\laravel\\lumen-framework\\src\\Concerns\\RoutesRequests.php(264): Laravel\\Lumen\\Application->callActionOnArrayBasedRoute(Array)
#21 D:\\siavash\\server\\vendor\\laravel\\lumen-framework\\src\\Concerns\\RoutesRequests.php(166): Laravel\\Lumen\\Application->handleFoundRoute(Array)
#22 D:\\siavash\\server\\vendor\\laravel\\lumen-framework\\src\\Routing\\Pipeline.php(48): Laravel\\Lumen\\Application->Laravel\\Lumen\\Concerns\\{closure}(Object(Laravel\\Lumen\\Http\\Request))
#23 D:\\siavash\\server\\app\\Http\\Middleware\\CorsMiddleware.php(30): Laravel\\Lumen\\Routing\\Pipeline->Laravel\\Lumen\\Routing\\{closure}(Object(Laravel\\Lumen\\Http\\Request))
#24 D:\\siavash\\server\\vendor\\illuminate\\pipeline\\Pipeline.php(167): App\\Http\\Middleware\\CorsMiddleware->handle(Object(Laravel\\Lumen\\Http\\Request), Object(Closure))
#25 D:\\siavash\\server\\vendor\\laravel\\lumen-framework\\src\\Routing\\Pipeline.php(30): Illuminate\\Pipeline\\Pipeline->Illuminate\\Pipeline\\{closure}(Object(Laravel\\Lumen\\Http\\Request))
#26 D:\\siavash\\server\\vendor\\illuminate\\pipeline\\Pipeline.php(103): Laravel\\Lumen\\Routing\\Pipeline->Laravel\\Lumen\\Routing\\{closure}(Object(Laravel\\Lumen\\Http\\Request))
#27 D:\\siavash\\server\\vendor\\laravel\\lumen-framework\\src\\Concerns\\RoutesRequests.php(423): Illuminate\\Pipeline\\Pipeline->then(Object(Closure))
#28 D:\\siavash\\server\\vendor\\laravel\\lumen-framework\\src\\Concerns\\RoutesRequests.php(172): Laravel\\Lumen\\Application->sendThroughPipeline(Array, Object(Closure))
#29 D:\\siavash\\server\\vendor\\laravel\\lumen-framework\\src\\Concerns\\RoutesRequests.php(109): Laravel\\Lumen\\Application->dispatch(NULL)
#30 D:\\siavash\\server\\public\\index.php(29): Laravel\\Lumen\\Application->run()
#31 {main}

[previous exception] [object] (Error(code: 0): Call to undefined function str() at D:\\siavash\\server\\app\\Support\\helpers.php:304)
[stacktrace]
#0 D:\\siavash\\server\\storage\\framework\\views\\5ef3ca1707b63c28cd4a628a75a3c6517aca5ad9.php(9): sub_asset('panel', '/')
#1 D:\\siavash\\server\\vendor\\illuminate\\filesystem\\Filesystem.php(107): require('D:\\\\siavash\\\\serv...')
#2 D:\\siavash\\server\\vendor\\illuminate\\filesystem\\Filesystem.php(108): Illuminate\\Filesystem\\Filesystem::Illuminate\\Filesystem\\{closure}()
#3 D:\\siavash\\server\\vendor\\illuminate\\view\\Engines\\PhpEngine.php(58): Illuminate\\Filesystem\\Filesystem->getRequire('D:\\\\siavash\\\\serv...', Array)
#4 D:\\siavash\\server\\vendor\\illuminate\\view\\Engines\\CompilerEngine.php(61): Illuminate\\View\\Engines\\PhpEngine->evaluatePath('D:\\\\siavash\\\\serv...', Array)
#5 D:\\siavash\\server\\vendor\\illuminate\\view\\View.php(139): Illuminate\\View\\Engines\\CompilerEngine->get('D:\\\\siavash\\\\serv...', Array)
#6 D:\\siavash\\server\\vendor\\illuminate\\view\\View.php(122): Illuminate\\View\\View->getContents()
#7 D:\\siavash\\server\\vendor\\illuminate\\view\\View.php(91): Illuminate\\View\\View->renderContents()
#8 D:\\siavash\\server\\storage\\framework\\views\\c92fe9129d283014b2a1854efd1b02e15ad17e0f.php(5): Illuminate\\View\\View->render()
#9 D:\\siavash\\server\\vendor\\illuminate\\filesystem\\Filesystem.php(107): require('D:\\\\siavash\\\\serv...')
#10 D:\\siavash\\server\\vendor\\illuminate\\filesystem\\Filesystem.php(108): Illuminate\\Filesystem\\Filesystem::Illuminate\\Filesystem\\{closure}()
#11 D:\\siavash\\server\\vendor\\illuminate\\view\\Engines\\PhpEngine.php(58): Illuminate\\Filesystem\\Filesystem->getRequire('D:\\\\siavash\\\\serv...', Array)
#12 D:\\siavash\\server\\vendor\\illuminate\\view\\Engines\\CompilerEngine.php(61): Illuminate\\View\\Engines\\PhpEngine->evaluatePath('D:\\\\siavash\\\\serv...', Array)
#13 D:\\siavash\\server\\vendor\\illuminate\\view\\View.php(139): Illuminate\\View\\Engines\\CompilerEngine->get('D:\\\\siavash\\\\serv...', Array)
#14 D:\\siavash\\server\\vendor\\illuminate\\view\\View.php(122): Illuminate\\View\\View->getContents()
#15 D:\\siavash\\server\\vendor\\illuminate\\view\\View.php(91): Illuminate\\View\\View->renderContents()
#16 D:\\siavash\\server\\vendor\\illuminate\\http\\Response.php(62): Illuminate\\View\\View->render()
#17 D:\\siavash\\server\\vendor\\illuminate\\http\\Response.php(34): Illuminate\\Http\\Response->setContent(Object(Illuminate\\View\\View))
#18 D:\\siavash\\server\\vendor\\laravel\\lumen-framework\\src\\Concerns\\RoutesRequests.php(446): Illuminate\\Http\\Response->__construct(Object(Illuminate\\View\\View))
#19 D:\\siavash\\server\\vendor\\laravel\\lumen-framework\\src\\Concerns\\RoutesRequests.php(386): Laravel\\Lumen\\Application->prepareResponse(Object(Illuminate\\View\\View))
#20 D:\\siavash\\server\\vendor\\laravel\\lumen-framework\\src\\Concerns\\RoutesRequests.php(352): Laravel\\Lumen\\Application->callControllerCallable(Array, Array)
#21 D:\\siavash\\server\\vendor\\laravel\\lumen-framework\\src\\Concerns\\RoutesRequests.php(326): Laravel\\Lumen\\Application->callLumenController(Object(App\\Http\\Controllers\\HomeController), 'index', Array)
#22 D:\\siavash\\server\\vendor\\laravel\\lumen-framework\\src\\Concerns\\RoutesRequests.php(279): Laravel\\Lumen\\Application->callControllerAction(Array)
#23 D:\\siavash\\server\\vendor\\laravel\\lumen-framework\\src\\Concerns\\RoutesRequests.php(264): Laravel\\Lumen\\Application->callActionOnArrayBasedRoute(Array)
#24 D:\\siavash\\server\\vendor\\laravel\\lumen-framework\\src\\Concerns\\RoutesRequests.php(166): Laravel\\Lumen\\Application->handleFoundRoute(Array)
#25 D:\\siavash\\server\\vendor\\laravel\\lumen-framework\\src\\Routing\\Pipeline.php(48): Laravel\\Lumen\\Application->Laravel\\Lumen\\Concerns\\{closure}(Object(Laravel\\Lumen\\Http\\Request))
#26 D:\\siavash\\server\\app\\Http\\Middleware\\CorsMiddleware.php(30): Laravel\\Lumen\\Routing\\Pipeline->Laravel\\Lumen\\Routing\\{closure}(Object(Laravel\\Lumen\\Http\\Request))
#27 D:\\siavash\\server\\vendor\\illuminate\\pipeline\\Pipeline.php(167): App\\Http\\Middleware\\CorsMiddleware->handle(Object(Laravel\\Lumen\\Http\\Request), Object(Closure))
#28 D:\\siavash\\server\\vendor\\laravel\\lumen-framework\\src\\Routing\\Pipeline.php(30): Illuminate\\Pipeline\\Pipeline->Illuminate\\Pipeline\\{closure}(Object(Laravel\\Lumen\\Http\\Request))
#29 D:\\siavash\\server\\vendor\\illuminate\\pipeline\\Pipeline.php(103): Laravel\\Lumen\\Routing\\Pipeline->Laravel\\Lumen\\Routing\\{closure}(Object(Laravel\\Lumen\\Http\\Request))
#30 D:\\siavash\\server\\vendor\\laravel\\lumen-framework\\src\\Concerns\\RoutesRequests.php(423): Illuminate\\Pipeline\\Pipeline->then(Object(Closure))
#31 D:\\siavash\\server\\vendor\\laravel\\lumen-framework\\src\\Concerns\\RoutesRequests.php(172): Laravel\\Lumen\\Application->sendThroughPipeline(Array, Object(Closure))
#32 D:\\siavash\\server\\vendor\\laravel\\lumen-framework\\src\\Concerns\\RoutesRequests.php(109): Laravel\\Lumen\\Application->dispatch(NULL)
#33 D:\\siavash\\server\\public\\index.php(29): Laravel\\Lumen\\Application->run()
#34 {main}
"} 
